<?xml version="1.0" encoding="UTF-8" standalone="no"?><testsuite errors="5" failures="0" hostname="000-J05G8ZM" name="default.arquitectura-dian-testing" tests="5" time="0.342000"><properties><property name="java.vendor" value="Oracle Corporation"/><property name="org.eclipse.debug.ui.breakpoints.toggleFactoriesUsed" value="false"/><property name="osgi.bundles.defaultStartLevel" value="4"/><property name="sun.java.launcher" value="SUN_STANDARD"/><property name="org.osgi.supports.framework.extension" value="true"/><property name="sun.management.compiler" value="HotSpot 64-Bit Tiered Compilers"/><property name="https.proxyHost" value="proxy"/><property name="eclipse.p2.profile" value="epp.package.modeling"/><property name="https.proxySet" value="true"/><property name="os.name" value="Windows 10"/><property name="sun.boot.class.path" value="D:\jdk-8u121\jre\lib\resources.jar;D:\jdk-8u121\jre\lib\rt.jar;D:\jdk-8u121\jre\lib\sunrsasign.jar;D:\jdk-8u121\jre\lib\jsse.jar;D:\jdk-8u121\jre\lib\jce.jar;D:\jdk-8u121\jre\lib\charsets.jar;D:\jdk-8u121\jre\lib\jfr.jar;D:\jdk-8u121\jre\classes"/><property name="osgi.ws" value="win32"/><property name="sun.desktop" value="windows"/><property name="java.vm.specification.vendor" value="Oracle Corporation"/><property name="ant.home" value="C:\ides\eclipse_modeling\plugins\org.apache.ant_1.10.1.v20170504-0840"/><property name="java.runtime.version" value="1.8.0_121-b13"/><property name="osgi.instance.area" value="file:/C:/Users/enunezt/runtime-EclipseApplication/"/><property name="http.proxyPort" value="8080"/><property name="org.osgi.framework.uuid" value="fe4626c7-cf40-4848-bdb3-159ebf5aa5ee"/><property name="osgi.nl.user" value="es_CO"/><property name="user.name" value="enunezt"/><property name="osgi.framework.extensions" value="reference:file:C:/ides/eclipse_modeling/plugins/org.eclipse.osgi.compatibility.state_1.1.0.v20170516-1513.jar"/><property name="org.osgi.framework.system.packages" value="javax.accessibility,javax.activation,javax.activity,javax.annotation,javax.annotation.processing,javax.crypto,javax.crypto.interfaces,javax.crypto.spec,javax.imageio,javax.imageio.event,javax.imageio.metadata,javax.imageio.plugins.bmp,javax.imageio.plugins.jpeg,javax.imageio.spi,javax.imageio.stream,javax.jws,javax.jws.soap,javax.lang.model,javax.lang.model.element,javax.lang.model.type,javax.lang.model.util,javax.management,javax.management.loading,javax.management.modelmbean,javax.management.monitor,javax.management.openmbean,javax.management.relation,javax.management.remote,javax.management.remote.rmi,javax.management.timer,javax.naming,javax.naming.directory,javax.naming.event,javax.naming.ldap,javax.naming.spi,javax.net,javax.net.ssl,javax.print,javax.print.attribute,javax.print.attribute.standard,javax.print.event,javax.rmi,javax.rmi.CORBA,javax.rmi.ssl,javax.script,javax.security.auth,javax.security.auth.callback,javax.security.auth.kerberos,javax.security.auth.login,javax.security.auth.spi,javax.security.auth.x500,javax.security.cert,javax.security.sasl,javax.sound.midi,javax.sound.midi.spi,javax.sound.sampled,javax.sound.sampled.spi,javax.sql,javax.sql.rowset,javax.sql.rowset.serial,javax.sql.rowset.spi,javax.swing,javax.swing.border,javax.swing.colorchooser,javax.swing.event,javax.swing.filechooser,javax.swing.plaf,javax.swing.plaf.basic,javax.swing.plaf.metal,javax.swing.plaf.multi,javax.swing.plaf.nimbus,javax.swing.plaf.synth,javax.swing.table,javax.swing.text,javax.swing.text.html,javax.swing.text.html.parser,javax.swing.text.rtf,javax.swing.tree,javax.swing.undo,javax.tools,javax.transaction,javax.transaction.xa,javax.xml,javax.xml.bind,javax.xml.bind.annotation,javax.xml.bind.annotation.adapters,javax.xml.bind.attachment,javax.xml.bind.helpers,javax.xml.bind.util,javax.xml.crypto,javax.xml.crypto.dom,javax.xml.crypto.dsig,javax.xml.crypto.dsig.dom,javax.xml.crypto.dsig.keyinfo,javax.xml.crypto.dsig.spec,javax.xml.datatype,javax.xml.namespace,javax.xml.parsers,javax.xml.soap,javax.xml.stream,javax.xml.stream.events,javax.xml.stream.util,javax.xml.transform,javax.xml.transform.dom,javax.xml.transform.sax,javax.xml.transform.stax,javax.xml.transform.stream,javax.xml.validation,javax.xml.ws,javax.xml.ws.handler,javax.xml.ws.handler.soap,javax.xml.ws.http,javax.xml.ws.soap,javax.xml.ws.spi,javax.xml.ws.spi.http,javax.xml.ws.wsaddressing,javax.xml.xpath,org.ietf.jgss,org.omg.CORBA,org.omg.CORBA_2_3,org.omg.CORBA_2_3.portable,org.omg.CORBA.DynAnyPackage,org.omg.CORBA.ORBPackage,org.omg.CORBA.portable,org.omg.CORBA.TypeCodePackage,org.omg.CosNaming,org.omg.CosNaming.NamingContextExtPackage,org.omg.CosNaming.NamingContextPackage,org.omg.Dynamic,org.omg.DynamicAny,org.omg.DynamicAny.DynAnyFactoryPackage,org.omg.DynamicAny.DynAnyPackage,org.omg.IOP,org.omg.IOP.CodecFactoryPackage,org.omg.IOP.CodecPackage,org.omg.Messaging,org.omg.PortableInterceptor,org.omg.PortableInterceptor.ORBInitInfoPackage,org.omg.PortableServer,org.omg.PortableServer.CurrentPackage,org.omg.PortableServer.POAManagerPackage,org.omg.PortableServer.POAPackage,org.omg.PortableServer.portable,org.omg.PortableServer.ServantLocatorPackage,org.omg.SendingContext,org.omg.stub.java.rmi,org.w3c.dom,org.w3c.dom.bootstrap,org.w3c.dom.css,org.w3c.dom.events,org.w3c.dom.html,org.w3c.dom.ls,org.w3c.dom.ranges,org.w3c.dom.stylesheets,org.w3c.dom.traversal,org.w3c.dom.views,org.w3c.dom.xpath,org.xml.sax,org.xml.sax.ext,org.xml.sax.helpers"/><property name="eclipse.launcher" value="C:\ides\eclipse_modeling\eclipse.exe"/><property name="org.eclipse.update.resolution_url" value=""/><property name="eclipse.launcher.name" value="Eclipse"/><property name="org.eclipse.swt.internal.deviceZoom" value="100"/><property name="org.osgi.framework.language" value="es"/><property name="osgi.frameworkClassPath" value="., file:C:/ides/eclipse_modeling/plugins/org.eclipse.osgi.compatibility.state_1.1.0.v20170516-1513.jar"/><property name="equinox.use.ds" value="true"/><property name="eclipse.pde.launch" value="true"/><property name="user.language" value="es"/><property name="org.osgi.framework.processor" value="x86-64"/><property name="osgi.compatibility.bootdelegation.default" value="true"/><property name="osgi.syspath" value="c:\ides\eclipse_modeling\plugins"/><property name="sun.boot.library.path" value="D:\jdk-8u121\jre\bin"/><property name="org.osgi.framework.system.capabilities" value="osgi.ee; osgi.ee=&quot;OSGi/Minimum&quot;; version:List&lt;Version&gt;=&quot;1.0, 1.1, 1.2&quot;,osgi.ee; osgi.ee=&quot;JRE&quot;; version:List&lt;Version&gt;=&quot;1.0, 1.1&quot;,osgi.ee; osgi.ee=&quot;JavaSE&quot;; version:List&lt;Version&gt;=&quot;1.0, 1.1, 1.2, 1.3, 1.4, 1.5, 1.6, 1.7, 1.8&quot;,osgi.ee; osgi.ee=&quot;JavaSE/compact1&quot;; version:List&lt;Version&gt;=&quot;1.8&quot;,osgi.ee; osgi.ee=&quot;JavaSE/compact2&quot;; version:List&lt;Version&gt;=&quot;1.8&quot;,osgi.ee; osgi.ee=&quot;JavaSE/compact3&quot;; version:List&lt;Version&gt;=&quot;1.8&quot;"/><property name="osgi.compatibility.bootdelegation" value="true"/><property name="java.version" value="1.8.0_121"/><property name="org.osgi.framework.os.name" value="Windows10"/><property name="user.timezone" value="America/Bogota"/><property name="sun.arch.data.model" value="64"/><property name="osgi.bundles" value="reference:file:C:/ides/eclipse_modeling/plugins/org.eclipse.osgi.compatibility.state_1.1.0.v20170516-1513.jar,reference:file:C:/ides/eclipse_modeling/plugins/org.eclipse.equinox.simpleconfigurator_1.2.0.v20170110-1705.jar@1:start"/><property name="http.nonProxyHosts" value="*.dian.loc|*.dian.gov.co|*.dian.gov|192.168.*|10.*|190.144.206.*|172.27.*|172.29.*|apl0*|as0*|SClient.certicamara.com.co|&lt;local&gt;"/><property name="java.endorsed.dirs" value="D:\jdk-8u121\jre\lib\endorsed"/><property name="osgi.tracefile" value="C:\Users\enunezt\runtime-EclipseApplication\.metadata\trace.log"/><property name="eclipse.application" value="org.eclipse.ui.ide.workbench"/><property name="sun.cpu.isalist" value="amd64"/><property name="sun.jnu.encoding" value="Cp1252"/><property name="file.encoding.pkg" value="sun.io"/><property name="equinox.init.uuid" value="true"/><property name="org.osgi.framework.vendor" value="Eclipse"/><property name="file.separator" value="\"/><property name="java.specification.name" value="Java Platform API Specification"/><property name="osgi.checkConfiguration" value="true"/><property name="java.class.version" value="52.0"/><property name="user.country" value="CO"/><property name="org.eclipse.equinox.launcher.splash.location" value="C:\ides\eclipse_modeling\plugins\org.eclipse.platform_4.7.2.v20171130-0510\splash.bmp"/><property name="osgi.configuration.cascaded" value="false"/><property name="java.home" value="D:\jdk-8u121\jre"/><property name="osgi.os" value="win32"/><property name="eclipse.commands" value="-launcher&#10;C:\ides\eclipse_modeling\eclipse.exe&#10;-name&#10;Eclipse&#10;-showsplash&#10;600&#10;-product&#10;org.eclipse.platform.ide&#10;-data&#10;C:\Users\enunezt\eclipse-workspace-modeling/../runtime-EclipseApplication&#10;-configuration&#10;file:C:/Users/enunezt/eclipse-workspace-modeling/.metadata/.plugins/org.eclipse.pde.core/Eclipse Application/&#10;-dev&#10;file:C:/Users/enunezt/eclipse-workspace-modeling/.metadata/.plugins/org.eclipse.pde.core/Eclipse Application/dev.properties&#10;-os&#10;win32&#10;-ws&#10;win32&#10;-arch&#10;x86_64&#10;-nl&#10;es_CO&#10;-consoleLog&#10;"/><property name="java.vm.info" value="mixed mode"/><property name="osgi.splashLocation" value="C:\ides\eclipse_modeling\plugins\org.eclipse.platform_4.7.2.v20171130-0510\splash.bmp"/><property name="os.version" value="10.0"/><property name="https.proxyPort" value="8080"/><property name="osgi.arch" value="x86_64"/><property name="https.nonProxyHosts" value="*.dian.loc|*.dian.gov.co|*.dian.gov|192.168.*|10.*|190.144.206.*|172.27.*|172.29.*|apl0*|as0*|SClient.certicamara.com.co|&lt;local&gt;"/><property name="path.separator" value=";"/><property name="java.vm.version" value="25.121-b13"/><property name="org.osgi.supports.framework.fragment" value="true"/><property name="user.variant" value=""/><property name="ant.library.dir" value="C:\ides\eclipse_modeling\plugins\org.apache.ant_1.10.1.v20170504-0840\lib"/><property name="osgi.framework.shape" value="jar"/><property name="http.proxySet" value="true"/><property name="osgi.instance.area.default" value="file:/C:/Users/enunezt/workspace/"/><property name="java.awt.printerjob" value="sun.awt.windows.WPrinterJob"/><property name="sun.io.unicode.encoding" value="UnicodeLittle"/><property name="org.osgi.framework.version" value="1.8.0"/><property name="org.osgi.framework.storage" value="C:\Users\enunezt\eclipse-workspace-modeling\.metadata\.plugins\org.eclipse.pde.core\Eclipse Application"/><property name="awt.toolkit" value="sun.awt.windows.WToolkit"/><property name="user.script" value=""/><property name="eclipse.stateSaveDelayInterval" value="30000"/><property name="osgi.install.area" value="file:/C:/ides/eclipse_modeling/"/><property name="osgi.dev" value="file:C:/Users/enunezt/eclipse-workspace-modeling/.metadata/.plugins/org.eclipse.pde.core/Eclipse Application/dev.properties"/><property name="osgi.framework" value="file:/C:/ides/eclipse_modeling/plugins/org.eclipse.osgi_3.12.50.v20170928-1321.jar"/><property name="user.home" value="C:\Users\enunezt"/><property name="org.eclipse.equinox.simpleconfigurator.configUrl" value="file:/C:/Users/enunezt/eclipse-workspace-modeling/.metadata/.plugins/org.eclipse.pde.core/Eclipse Application/org.eclipse.equinox.simpleconfigurator/bundles.info"/><property name="osgi.framework.useSystemProperties" value="true"/><property name="osgi.splashPath" value="file:C:/ides/eclipse_modeling/plugins/org.eclipse.platform_4.7.2.v20171130-0510"/><property name="eclipse.consoleLog" value="true"/><property name="java.specification.vendor" value="Oracle Corporation"/><property name="osgi.nl" value="es_CO"/><property name="java.library.path" value="D:\jdk-8u121\bin;C:\Windows\Sun\Java\bin;C:\Windows\system32;C:\Windows;D:\app\dian\product\11.2.0\client_1\bin;C:\oraclexe\app\oracle\product\11.2.0\server\bin;D:\dian\product\11.2.0\client_1\bin;D:\app3\dian\product\11.2.0\client_1;D:\app2\dian2;D:\app\Dian\product\11.2.0\client_2\bin;C:\ProgramData\Oracle\Java\javapath;C:\Windows\system32;C:\Windows;C:\Windows\System32\Wbem;C:\Windows\System32\WindowsPowerShell\v1.0\;D:\nodejs\;C:\Program Files (x86)\Borland\StarTeam SDK 10.4\Lib;C:\Program Files (x86)\Borland\StarTeam SDK 10.4\Bin;C:\Program Files\TortoiseSVN\bin;D:\Wildfly-core-fabrica\curl-7.55.1-win64-mingw\bin;D:\Python36;D:\Python36\Scripts;D:\jdk-8u121\bin;C:\Users\enunezt\AppData\Local\Microsoft\WindowsApps;;."/><property name="java.vendor.url" value="http://java.oracle.com/"/><property name="org.osgi.framework.os.version" value="10.0.0"/><property name="eclipse.startTime" value="1557512024243"/><property name="eclipse.p2.data.area" value="@config.dir\p2"/><property name="java.vm.vendor" value="Oracle Corporation"/><property name="java.runtime.name" value="Java(TM) SE Runtime Environment"/><property name="sun.java.command" value="org.eclipse.equinox.launcher.Main -launcher C:\ides\eclipse_modeling\eclipse.exe -name Eclipse -showsplash 600 -product org.eclipse.platform.ide -data C:\Users\enunezt\eclipse-workspace-modeling/../runtime-EclipseApplication -configuration file:C:/Users/enunezt/eclipse-workspace-modeling/.metadata/.plugins/org.eclipse.pde.core/Eclipse Application/ -dev file:C:/Users/enunezt/eclipse-workspace-modeling/.metadata/.plugins/org.eclipse.pde.core/Eclipse Application/dev.properties -os win32 -ws win32 -arch x86_64 -nl es_CO -consoleLog"/><property name="java.class.path" value="C:\ides\eclipse_modeling\plugins\org.eclipse.equinox.launcher_1.4.0.v20161219-1356.jar"/><property name="ds.delayed.keepInstances" value="true"/><property name="org.eclipse.update.reconcile" value="false"/><property name="java.vm.specification.name" value="Java Virtual Machine Specification"/><property name="java.vm.specification.version" value="1.8"/><property name="sun.cpu.endian" value="little"/><property name="sun.os.patch.level" value=""/><property name="gosh.args" value="--nointeractive"/><property name="java.io.tmpdir" value="C:\Users\enunezt\AppData\Local\Temp\"/><property name="applicationXMI" value="org.eclipse.ui.workbench/LegacyIDE.e4xmi"/><property name="java.vendor.url.bug" value="http://bugreport.sun.com/bugreport/"/><property name="http.proxyHost" value="proxy"/><property name="eclipse.product" value="org.eclipse.platform.ide"/><property name="eclipse.home.location" value="file:/C:/ides/eclipse_modeling/"/><property name="os.arch" value="amd64"/><property name="java.awt.graphicsenv" value="sun.awt.Win32GraphicsEnvironment"/><property name="DRIVERS_LOCATION" value="C:\Users\enunezt\.dbeaver-drivers"/><property name="java.ext.dirs" value="D:\jdk-8u121\jre\lib\ext;C:\Windows\Sun\Java\lib\ext"/><property name="user.dir" value="C:\ides\eclipse_modeling"/><property name="org.osgi.supports.framework.requirebundle" value="true"/><property name="line.separator" value="&#13;&#10;"/><property name="java.vm.name" value="Java HotSpot(TM) 64-Bit Server VM"/><property name="org.apache.commons.logging.Log" value="org.apache.commons.logging.impl.NoOpLog"/><property name="file.encoding" value="Cp1252"/><property name="eclipse.buildId" value="4.7.2.M20171130-0510"/><property name="java.specification.version" value="1.8"/><property name="org.osgi.framework.executionenvironment" value="OSGi/Minimum-1.0,OSGi/Minimum-1.1,OSGi/Minimum-1.2,JavaSE/compact1-1.8,JavaSE/compact2-1.8,JavaSE/compact3-1.8,JRE-1.1,J2SE-1.2,J2SE-1.3,J2SE-1.4,J2SE-1.5,JavaSE-1.6,JavaSE-1.7,JavaSE-1.8"/><property name="osgi.logfile" value="C:\Users\enunezt\runtime-EclipseApplication\.metadata\.log"/><property name="osgi.configuration.area" value="file:/C:/Users/enunezt/eclipse-workspace-modeling/.metadata/.plugins/org.eclipse.pde.core/Eclipse Application/"/></properties><testcase classname="default.arquitectura-dian-testing" name="transformationWorksAsExpected" time="0.0530000"><error message="Internal error: D:\git\201910-proyecto-grupo1\gramatica\instacia\CadenaArquitectura\eunit.xml:46: Model 'Sql' not found&#13;&#10;&#9;at org.eclipse.epsilon.workflow.tasks.ExecutableModuleTask.executeImpl[ExecutableModuleTask.java:233]&#13;&#10;&#9;at org.eclipse.epsilon.workflow.tasks.EpsilonTask.execute[EpsilonTask.java:39]&#13;&#10;&#9;at org.apache.tools.ant.UnknownElement.execute[UnknownElement.java:293]&#13;&#10;&#9;at sun.reflect.GeneratedMethodAccessor121.invoke[Unknown Source]&#13;&#10;&#9;at sun.reflect.DelegatingMethodAccessorImpl.invoke[DelegatingMethodAccessorImpl.java:43]&#13;&#10;&#9;at java.lang.reflect.Method.invoke[Method.java:498]&#13;&#10;&#9;at org.apache.tools.ant.dispatch.DispatchUtils.execute[DispatchUtils.java:106]&#13;&#10;&#9;at org.apache.tools.ant.Task.perform[Task.java:348]&#13;&#10;&#9;at org.apache.tools.ant.Target.execute[Target.java:435]&#13;&#10;&#9;at org.apache.tools.ant.Target.performTasks[Target.java:456]&#13;&#10;&#9;at org.apache.tools.ant.Project.executeSortedTargets[Project.java:1405]&#13;&#10;&#9;at org.apache.tools.ant.Project.executeTarget[Project.java:1376]&#13;&#10;&#9;at org.eclipse.epsilon.workflow.tasks.EUnitTask$RunTargetOperationContributor.runTarget[EUnitTask.java:87]&#13;&#10;&#9;at sun.reflect.NativeMethodAccessorImpl.invoke0[Native Method]&#13;&#10;&#9;at sun.reflect.NativeMethodAccessorImpl.invoke[NativeMethodAccessorImpl.java:62]&#13;&#10;&#9;at sun.reflect.DelegatingMethodAccessorImpl.invoke[DelegatingMethodAccessorImpl.java:43]&#13;&#10;&#9;at java.lang.reflect.Method.invoke[Method.java:498]&#13;&#10;&#9;at org.eclipse.epsilon.eol.util.ReflectionUtil.executeMethod[ReflectionUtil.java:186]&#13;&#10;&#9;at org.eclipse.epsilon.eol.util.ReflectionUtil.executeMethod[ReflectionUtil.java:162]&#13;&#10;&#9;at org.eclipse.epsilon.eol.execute.introspection.java.ObjectMethod.execute[ObjectMethod.java:48]&#13;&#10;&#9;at org.eclipse.epsilon.eol.dom.OperationCallExpression.execute[OperationCallExpression.java:145]&#13;&#10;&#9;at org.eclipse.epsilon.eol.execute.ExecutorFactory.execute[ExecutorFactory.java:99]&#13;&#10;&#9;at org.eclipse.epsilon.eol.dom.ExpressionStatement.execute[ExpressionStatement.java:33]&#13;&#10;&#9;at org.eclipse.epsilon.eol.execute.ExecutorFactory.execute[ExecutorFactory.java:99]&#13;&#10;&#9;at org.eclipse.epsilon.eol.dom.StatementBlock.execute[StatementBlock.java:58]&#13;&#10;&#9;at org.eclipse.epsilon.eol.execute.ExecutorFactory.execute[ExecutorFactory.java:99]&#13;&#10;&#9;at org.eclipse.epsilon.eol.dom.Operation.executeBody[Operation.java:200]&#13;&#10;&#9;at org.eclipse.epsilon.eol.dom.Operation.execute[Operation.java:183]&#13;&#10;&#9;at org.eclipse.epsilon.eunit.EUnitModule.runLeafTestCase[EUnitModule.java:415]&#13;&#10;&#9;at org.eclipse.epsilon.eunit.EUnitModule.runSuiteInternal[EUnitModule.java:343]&#13;&#10;&#9;at org.eclipse.epsilon.eunit.EUnitModule.runSuite[EUnitModule.java:167]&#13;&#10;&#9;at org.eclipse.epsilon.eunit.EUnitModule.runInnerTestCase[EUnitModule.java:370]&#13;&#10;&#9;at org.eclipse.epsilon.eunit.EUnitModule.runSuiteInternal[EUnitModule.java:345]&#13;&#10;&#9;at org.eclipse.epsilon.eunit.EUnitModule.runSuite[EUnitModule.java:167]&#13;&#10;&#9;at org.eclipse.epsilon.eunit.EUnitModule.executeImpl[EUnitModule.java:128]&#13;&#10;&#9;at org.eclipse.epsilon.eol.execute.ExecutorFactory.execute[ExecutorFactory.java:102]&#13;&#10;&#9;at org.eclipse.epsilon.eol.EolModule.execute[EolModule.java:413]&#13;&#10;&#9;at org.eclipse.epsilon.workflow.tasks.ExecutableModuleTask.executeImpl[ExecutableModuleTask.java:216]&#13;&#10;&#9;at org.eclipse.epsilon.workflow.tasks.EpsilonTask.execute[EpsilonTask.java:39]&#13;&#10;&#9;at org.apache.tools.ant.UnknownElement.execute[UnknownElement.java:293]&#13;&#10;&#9;at sun.reflect.NativeMethodAccessorImpl.invoke0[Native Method]&#13;&#10;&#9;at sun.reflect.NativeMethodAccessorImpl.invoke[NativeMethodAccessorImpl.java:62]&#13;&#10;&#9;at sun.reflect.DelegatingMethodAccessorImpl.invoke[DelegatingMethodAccessorImpl.java:43]&#13;&#10;&#9;at java.lang.reflect.Method.invoke[Method.java:498]&#13;&#10;&#9;at org.apache.tools.ant.dispatch.DispatchUtils.execute[DispatchUtils.java:106]&#13;&#10;&#9;at org.apache.tools.ant.Task.perform[Task.java:348]&#13;&#10;&#9;at org.apache.tools.ant.Target.execute[Target.java:435]&#13;&#10;&#9;at org.apache.tools.ant.Target.performTasks[Target.java:456]&#13;&#10;&#9;at org.apache.tools.ant.Project.executeSortedTargets[Project.java:1405]&#13;&#10;&#9;at org.apache.tools.ant.Project.executeTarget[Project.java:1376]&#13;&#10;&#9;at org.apache.tools.ant.helper.DefaultExecutor.executeTargets[DefaultExecutor.java:41]&#13;&#10;&#9;at org.eclipse.ant.internal.core.ant.EclipseDefaultExecutor.executeTargets[EclipseDefaultExecutor.java:36]&#13;&#10;&#9;at org.apache.tools.ant.Project.executeTargets[Project.java:1260]&#13;&#10;&#9;at org.eclipse.ant.internal.core.ant.InternalAntRunner.run[InternalAntRunner.java:712]&#13;&#10;&#9;at org.eclipse.ant.internal.core.ant.InternalAntRunner.run[InternalAntRunner.java:532]&#13;&#10;&#9;at sun.reflect.NativeMethodAccessorImpl.invoke0[Native Method]&#13;&#10;&#9;at sun.reflect.NativeMethodAccessorImpl.invoke[NativeMethodAccessorImpl.java:62]&#13;&#10;&#9;at sun.reflect.DelegatingMethodAccessorImpl.invoke[DelegatingMethodAccessorImpl.java:43]&#13;&#10;&#9;at java.lang.reflect.Method.invoke[Method.java:498]&#13;&#10;&#9;at org.eclipse.ant.core.AntRunner.run[AntRunner.java:371]&#13;&#10;&#9;at org.eclipse.ant.internal.launching.launchConfigurations.AntLaunchDelegate$1.run[AntLaunchDelegate.java:270]&#13;&#10;&#9;at java.lang.Thread.run[Thread.java:745]&#13;&#10;Caused by: Model 'Sql' not found&#13;&#10;&#9;at org.eclipse.epsilon.eol.models.ModelGroup.&lt;init&gt;[ModelGroup.java:41]&#13;&#10;&#9;at org.eclipse.epsilon.eol.models.ModelRepository.getModelByName[ModelRepository.java:76]&#13;&#10;&#9;at org.eclipse.epsilon.workflow.tasks.ExecutableModuleTask.populateModelRepository[ExecutableModuleTask.java:137]&#13;&#10;&#9;at org.eclipse.epsilon.workflow.tasks.ExecutableModuleTask.configureModule[ExecutableModuleTask.java:112]&#13;&#10;&#9;at org.eclipse.epsilon.workflow.tasks.ExecutableModuleTask.executeImpl[ExecutableModuleTask.java:208]&#13;&#10;&#9;... 61 more&#13;&#10;&#13;&#10;&#9;at (D:\git\201910-proyecto-grupo1\gramatica\instacia\CadenaArquitectura\tests\arquitectura-dian-testing.eunit@40:2-40:30)&#13;&#10;&#9;at (D:\git\201910-proyecto-grupo1\gramatica\instacia\CadenaArquitectura\tests\arquitectura-dian-testing.eunit@40:2-40:30)&#13;&#10;&#9;at (D:\git\201910-proyecto-grupo1\gramatica\instacia\CadenaArquitectura\tests\arquitectura-dian-testing.eunit@39:34-45:2)&#13;&#10;&#9;at (D:\git\201910-proyecto-grupo1\gramatica\instacia\CadenaArquitectura\tests\arquitectura-dian-testing.eunit@31:2-31:30)&#13;&#10;&#9;at (D:\git\201910-proyecto-grupo1\gramatica\instacia\CadenaArquitectura\tests\arquitectura-dian-testing.eunit@31:2-31:30)&#13;&#10;&#9;at (D:\git\201910-proyecto-grupo1\gramatica\instacia\CadenaArquitectura\tests\arquitectura-dian-testing.eunit@30:37-35:2)&#13;&#10;&#9;at (D:\git\201910-proyecto-grupo1\gramatica\instacia\CadenaArquitectura\tests\arquitectura-dian-testing.eunit@24:2-24:30)&#13;&#10;&#9;at (D:\git\201910-proyecto-grupo1\gramatica\instacia\CadenaArquitectura\tests\arquitectura-dian-testing.eunit@24:2-24:30)&#13;&#10;&#9;at (D:\git\201910-proyecto-grupo1\gramatica\instacia\CadenaArquitectura\tests\arquitectura-dian-testing.eunit@23:38-28:2)&#13;&#10;&#9;at (D:\git\201910-proyecto-grupo1\gramatica\instacia\CadenaArquitectura\tests\arquitectura-dian-testing.eunit@15:2-15:30)&#13;&#10;&#9;at (D:\git\201910-proyecto-grupo1\gramatica\instacia\CadenaArquitectura\tests\arquitectura-dian-testing.eunit@15:2-15:30)&#13;&#10;&#9;at (D:\git\201910-proyecto-grupo1\gramatica\instacia\CadenaArquitectura\tests\arquitectura-dian-testing.eunit@14:35-20:2)&#13;&#10;&#9;at (D:\git\201910-proyecto-grupo1\gramatica\instacia\CadenaArquitectura\tests\arquitectura-dian-testing.eunit@9:2-9:30)&#13;&#10;&#9;at (D:\git\201910-proyecto-grupo1\gramatica\instacia\CadenaArquitectura\tests\arquitectura-dian-testing.eunit@9:2-9:30)&#13;&#10;&#9;at (D:\git\201910-proyecto-grupo1\gramatica\instacia\CadenaArquitectura\tests\arquitectura-dian-testing.eunit@8:42-11:1)&#13;&#10;&#9;at (D:\git\201910-proyecto-grupo1\gramatica\instacia\CadenaArquitectura\tests\arquitectura-dian-testing.eunit@0:0-45:2)&#13;&#10;" type="org.eclipse.epsilon.eol.exceptions.EolInternalException">Internal error: D:\git\201910-proyecto-grupo1\gramatica\instacia\CadenaArquitectura\eunit.xml:46: Model 'Sql' not found&#13;
	at org.eclipse.epsilon.workflow.tasks.ExecutableModuleTask.executeImpl[ExecutableModuleTask.java:233]&#13;
	at org.eclipse.epsilon.workflow.tasks.EpsilonTask.execute[EpsilonTask.java:39]&#13;
	at org.apache.tools.ant.UnknownElement.execute[UnknownElement.java:293]&#13;
	at sun.reflect.GeneratedMethodAccessor121.invoke[Unknown Source]&#13;
	at sun.reflect.DelegatingMethodAccessorImpl.invoke[DelegatingMethodAccessorImpl.java:43]&#13;
	at java.lang.reflect.Method.invoke[Method.java:498]&#13;
	at org.apache.tools.ant.dispatch.DispatchUtils.execute[DispatchUtils.java:106]&#13;
	at org.apache.tools.ant.Task.perform[Task.java:348]&#13;
	at org.apache.tools.ant.Target.execute[Target.java:435]&#13;
	at org.apache.tools.ant.Target.performTasks[Target.java:456]&#13;
	at org.apache.tools.ant.Project.executeSortedTargets[Project.java:1405]&#13;
	at org.apache.tools.ant.Project.executeTarget[Project.java:1376]&#13;
	at org.eclipse.epsilon.workflow.tasks.EUnitTask$RunTargetOperationContributor.runTarget[EUnitTask.java:87]&#13;
	at sun.reflect.NativeMethodAccessorImpl.invoke0[Native Method]&#13;
	at sun.reflect.NativeMethodAccessorImpl.invoke[NativeMethodAccessorImpl.java:62]&#13;
	at sun.reflect.DelegatingMethodAccessorImpl.invoke[DelegatingMethodAccessorImpl.java:43]&#13;
	at java.lang.reflect.Method.invoke[Method.java:498]&#13;
	at org.eclipse.epsilon.eol.util.ReflectionUtil.executeMethod[ReflectionUtil.java:186]&#13;
	at org.eclipse.epsilon.eol.util.ReflectionUtil.executeMethod[ReflectionUtil.java:162]&#13;
	at org.eclipse.epsilon.eol.execute.introspection.java.ObjectMethod.execute[ObjectMethod.java:48]&#13;
	at org.eclipse.epsilon.eol.dom.OperationCallExpression.execute[OperationCallExpression.java:145]&#13;
	at org.eclipse.epsilon.eol.execute.ExecutorFactory.execute[ExecutorFactory.java:99]&#13;
	at org.eclipse.epsilon.eol.dom.ExpressionStatement.execute[ExpressionStatement.java:33]&#13;
	at org.eclipse.epsilon.eol.execute.ExecutorFactory.execute[ExecutorFactory.java:99]&#13;
	at org.eclipse.epsilon.eol.dom.StatementBlock.execute[StatementBlock.java:58]&#13;
	at org.eclipse.epsilon.eol.execute.ExecutorFactory.execute[ExecutorFactory.java:99]&#13;
	at org.eclipse.epsilon.eol.dom.Operation.executeBody[Operation.java:200]&#13;
	at org.eclipse.epsilon.eol.dom.Operation.execute[Operation.java:183]&#13;
	at org.eclipse.epsilon.eunit.EUnitModule.runLeafTestCase[EUnitModule.java:415]&#13;
	at org.eclipse.epsilon.eunit.EUnitModule.runSuiteInternal[EUnitModule.java:343]&#13;
	at org.eclipse.epsilon.eunit.EUnitModule.runSuite[EUnitModule.java:167]&#13;
	at org.eclipse.epsilon.eunit.EUnitModule.runInnerTestCase[EUnitModule.java:370]&#13;
	at org.eclipse.epsilon.eunit.EUnitModule.runSuiteInternal[EUnitModule.java:345]&#13;
	at org.eclipse.epsilon.eunit.EUnitModule.runSuite[EUnitModule.java:167]&#13;
	at org.eclipse.epsilon.eunit.EUnitModule.executeImpl[EUnitModule.java:128]&#13;
	at org.eclipse.epsilon.eol.execute.ExecutorFactory.execute[ExecutorFactory.java:102]&#13;
	at org.eclipse.epsilon.eol.EolModule.execute[EolModule.java:413]&#13;
	at org.eclipse.epsilon.workflow.tasks.ExecutableModuleTask.executeImpl[ExecutableModuleTask.java:216]&#13;
	at org.eclipse.epsilon.workflow.tasks.EpsilonTask.execute[EpsilonTask.java:39]&#13;
	at org.apache.tools.ant.UnknownElement.execute[UnknownElement.java:293]&#13;
	at sun.reflect.NativeMethodAccessorImpl.invoke0[Native Method]&#13;
	at sun.reflect.NativeMethodAccessorImpl.invoke[NativeMethodAccessorImpl.java:62]&#13;
	at sun.reflect.DelegatingMethodAccessorImpl.invoke[DelegatingMethodAccessorImpl.java:43]&#13;
	at java.lang.reflect.Method.invoke[Method.java:498]&#13;
	at org.apache.tools.ant.dispatch.DispatchUtils.execute[DispatchUtils.java:106]&#13;
	at org.apache.tools.ant.Task.perform[Task.java:348]&#13;
	at org.apache.tools.ant.Target.execute[Target.java:435]&#13;
	at org.apache.tools.ant.Target.performTasks[Target.java:456]&#13;
	at org.apache.tools.ant.Project.executeSortedTargets[Project.java:1405]&#13;
	at org.apache.tools.ant.Project.executeTarget[Project.java:1376]&#13;
	at org.apache.tools.ant.helper.DefaultExecutor.executeTargets[DefaultExecutor.java:41]&#13;
	at org.eclipse.ant.internal.core.ant.EclipseDefaultExecutor.executeTargets[EclipseDefaultExecutor.java:36]&#13;
	at org.apache.tools.ant.Project.executeTargets[Project.java:1260]&#13;
	at org.eclipse.ant.internal.core.ant.InternalAntRunner.run[InternalAntRunner.java:712]&#13;
	at org.eclipse.ant.internal.core.ant.InternalAntRunner.run[InternalAntRunner.java:532]&#13;
	at sun.reflect.NativeMethodAccessorImpl.invoke0[Native Method]&#13;
	at sun.reflect.NativeMethodAccessorImpl.invoke[NativeMethodAccessorImpl.java:62]&#13;
	at sun.reflect.DelegatingMethodAccessorImpl.invoke[DelegatingMethodAccessorImpl.java:43]&#13;
	at java.lang.reflect.Method.invoke[Method.java:498]&#13;
	at org.eclipse.ant.core.AntRunner.run[AntRunner.java:371]&#13;
	at org.eclipse.ant.internal.launching.launchConfigurations.AntLaunchDelegate$1.run[AntLaunchDelegate.java:270]&#13;
	at java.lang.Thread.run[Thread.java:745]&#13;
Caused by: Model 'Sql' not found&#13;
	at org.eclipse.epsilon.eol.models.ModelGroup.&lt;init&gt;[ModelGroup.java:41]&#13;
	at org.eclipse.epsilon.eol.models.ModelRepository.getModelByName[ModelRepository.java:76]&#13;
	at org.eclipse.epsilon.workflow.tasks.ExecutableModuleTask.populateModelRepository[ExecutableModuleTask.java:137]&#13;
	at org.eclipse.epsilon.workflow.tasks.ExecutableModuleTask.configureModule[ExecutableModuleTask.java:112]&#13;
	at org.eclipse.epsilon.workflow.tasks.ExecutableModuleTask.executeImpl[ExecutableModuleTask.java:208]&#13;
	... 61 more&#13;
&#13;
	at (D:\git\201910-proyecto-grupo1\gramatica\instacia\CadenaArquitectura\tests\arquitectura-dian-testing.eunit@40:2-40:30)&#13;
	at (D:\git\201910-proyecto-grupo1\gramatica\instacia\CadenaArquitectura\tests\arquitectura-dian-testing.eunit@40:2-40:30)&#13;
	at (D:\git\201910-proyecto-grupo1\gramatica\instacia\CadenaArquitectura\tests\arquitectura-dian-testing.eunit@39:34-45:2)&#13;
	at (D:\git\201910-proyecto-grupo1\gramatica\instacia\CadenaArquitectura\tests\arquitectura-dian-testing.eunit@31:2-31:30)&#13;
	at (D:\git\201910-proyecto-grupo1\gramatica\instacia\CadenaArquitectura\tests\arquitectura-dian-testing.eunit@31:2-31:30)&#13;
	at (D:\git\201910-proyecto-grupo1\gramatica\instacia\CadenaArquitectura\tests\arquitectura-dian-testing.eunit@30:37-35:2)&#13;
	at (D:\git\201910-proyecto-grupo1\gramatica\instacia\CadenaArquitectura\tests\arquitectura-dian-testing.eunit@24:2-24:30)&#13;
	at (D:\git\201910-proyecto-grupo1\gramatica\instacia\CadenaArquitectura\tests\arquitectura-dian-testing.eunit@24:2-24:30)&#13;
	at (D:\git\201910-proyecto-grupo1\gramatica\instacia\CadenaArquitectura\tests\arquitectura-dian-testing.eunit@23:38-28:2)&#13;
	at (D:\git\201910-proyecto-grupo1\gramatica\instacia\CadenaArquitectura\tests\arquitectura-dian-testing.eunit@15:2-15:30)&#13;
	at (D:\git\201910-proyecto-grupo1\gramatica\instacia\CadenaArquitectura\tests\arquitectura-dian-testing.eunit@15:2-15:30)&#13;
	at (D:\git\201910-proyecto-grupo1\gramatica\instacia\CadenaArquitectura\tests\arquitectura-dian-testing.eunit@14:35-20:2)&#13;
	at (D:\git\201910-proyecto-grupo1\gramatica\instacia\CadenaArquitectura\tests\arquitectura-dian-testing.eunit@9:2-9:30)&#13;
	at (D:\git\201910-proyecto-grupo1\gramatica\instacia\CadenaArquitectura\tests\arquitectura-dian-testing.eunit@9:2-9:30)&#13;
	at (D:\git\201910-proyecto-grupo1\gramatica\instacia\CadenaArquitectura\tests\arquitectura-dian-testing.eunit@8:42-11:1)&#13;
	at (D:\git\201910-proyecto-grupo1\gramatica\instacia\CadenaArquitectura\tests\arquitectura-dian-testing.eunit@0:0-45:2)&#13;
&#13;
	at org.eclipse.epsilon.workflow.tasks.ExecutableModuleTask.executeImpl(ExecutableModuleTask.java:233)&#13;
	at org.eclipse.epsilon.workflow.tasks.EpsilonTask.execute(EpsilonTask.java:39)&#13;
	at org.apache.tools.ant.UnknownElement.execute(UnknownElement.java:293)&#13;
	at sun.reflect.GeneratedMethodAccessor121.invoke(Unknown Source)&#13;
	at sun.reflect.DelegatingMethodAccessorImpl.invoke(DelegatingMethodAccessorImpl.java:43)&#13;
	at java.lang.reflect.Method.invoke(Method.java:498)&#13;
	at org.apache.tools.ant.dispatch.DispatchUtils.execute(DispatchUtils.java:106)&#13;
	at org.apache.tools.ant.Task.perform(Task.java:348)&#13;
	at org.apache.tools.ant.Target.execute(Target.java:435)&#13;
	at org.apache.tools.ant.Target.performTasks(Target.java:456)&#13;
	at org.apache.tools.ant.Project.executeSortedTargets(Project.java:1405)&#13;
	at org.apache.tools.ant.Project.executeTarget(Project.java:1376)&#13;
	at org.eclipse.epsilon.workflow.tasks.EUnitTask$RunTargetOperationContributor.runTarget(EUnitTask.java:87)&#13;
	at sun.reflect.NativeMethodAccessorImpl.invoke0(Native Method)&#13;
	at sun.reflect.NativeMethodAccessorImpl.invoke(NativeMethodAccessorImpl.java:62)&#13;
	at sun.reflect.DelegatingMethodAccessorImpl.invoke(DelegatingMethodAccessorImpl.java:43)&#13;
	at java.lang.reflect.Method.invoke(Method.java:498)&#13;
	at org.eclipse.epsilon.eol.util.ReflectionUtil.executeMethod(ReflectionUtil.java:186)&#13;
	at org.eclipse.epsilon.eol.util.ReflectionUtil.executeMethod(ReflectionUtil.java:162)&#13;
	at org.eclipse.epsilon.eol.execute.introspection.java.ObjectMethod.execute(ObjectMethod.java:48)&#13;
	at org.eclipse.epsilon.eol.dom.OperationCallExpression.execute(OperationCallExpression.java:145)&#13;
	at org.eclipse.epsilon.eol.execute.ExecutorFactory.execute(ExecutorFactory.java:99)&#13;
	at org.eclipse.epsilon.eol.dom.ExpressionStatement.execute(ExpressionStatement.java:33)&#13;
	at org.eclipse.epsilon.eol.execute.ExecutorFactory.execute(ExecutorFactory.java:99)&#13;
	at org.eclipse.epsilon.eol.dom.StatementBlock.execute(StatementBlock.java:58)&#13;
	at org.eclipse.epsilon.eol.execute.ExecutorFactory.execute(ExecutorFactory.java:99)&#13;
	at org.eclipse.epsilon.eol.dom.Operation.executeBody(Operation.java:200)&#13;
	at org.eclipse.epsilon.eol.dom.Operation.execute(Operation.java:183)&#13;
	at org.eclipse.epsilon.eunit.EUnitModule.runLeafTestCase(EUnitModule.java:415)&#13;
	at org.eclipse.epsilon.eunit.EUnitModule.runSuiteInternal(EUnitModule.java:343)&#13;
	at org.eclipse.epsilon.eunit.EUnitModule.runSuite(EUnitModule.java:167)&#13;
	at org.eclipse.epsilon.eunit.EUnitModule.runInnerTestCase(EUnitModule.java:370)&#13;
	at org.eclipse.epsilon.eunit.EUnitModule.runSuiteInternal(EUnitModule.java:345)&#13;
	at org.eclipse.epsilon.eunit.EUnitModule.runSuite(EUnitModule.java:167)&#13;
	at org.eclipse.epsilon.eunit.EUnitModule.executeImpl(EUnitModule.java:128)&#13;
	at org.eclipse.epsilon.eol.execute.ExecutorFactory.execute(ExecutorFactory.java:102)&#13;
	at org.eclipse.epsilon.eol.EolModule.execute(EolModule.java:413)&#13;
	at org.eclipse.epsilon.workflow.tasks.ExecutableModuleTask.executeImpl(ExecutableModuleTask.java:216)&#13;
	at org.eclipse.epsilon.workflow.tasks.EpsilonTask.execute(EpsilonTask.java:39)&#13;
	at org.apache.tools.ant.UnknownElement.execute(UnknownElement.java:293)&#13;
	at sun.reflect.NativeMethodAccessorImpl.invoke0(Native Method)&#13;
	at sun.reflect.NativeMethodAccessorImpl.invoke(NativeMethodAccessorImpl.java:62)&#13;
	at sun.reflect.DelegatingMethodAccessorImpl.invoke(DelegatingMethodAccessorImpl.java:43)&#13;
	at java.lang.reflect.Method.invoke(Method.java:498)&#13;
	at org.apache.tools.ant.dispatch.DispatchUtils.execute(DispatchUtils.java:106)&#13;
	at org.apache.tools.ant.Task.perform(Task.java:348)&#13;
	at org.apache.tools.ant.Target.execute(Target.java:435)&#13;
	at org.apache.tools.ant.Target.performTasks(Target.java:456)&#13;
	at org.apache.tools.ant.Project.executeSortedTargets(Project.java:1405)&#13;
	at org.apache.tools.ant.Project.executeTarget(Project.java:1376)&#13;
	at org.apache.tools.ant.helper.DefaultExecutor.executeTargets(DefaultExecutor.java:41)&#13;
	at org.eclipse.ant.internal.core.ant.EclipseDefaultExecutor.executeTargets(EclipseDefaultExecutor.java:36)&#13;
	at org.apache.tools.ant.Project.executeTargets(Project.java:1260)&#13;
	at org.eclipse.ant.internal.core.ant.InternalAntRunner.run(InternalAntRunner.java:712)&#13;
	at org.eclipse.ant.internal.core.ant.InternalAntRunner.run(InternalAntRunner.java:532)&#13;
	at sun.reflect.NativeMethodAccessorImpl.invoke0(Native Method)&#13;
	at sun.reflect.NativeMethodAccessorImpl.invoke(NativeMethodAccessorImpl.java:62)&#13;
	at sun.reflect.DelegatingMethodAccessorImpl.invoke(DelegatingMethodAccessorImpl.java:43)&#13;
	at java.lang.reflect.Method.invoke(Method.java:498)&#13;
	at org.eclipse.ant.core.AntRunner.run(AntRunner.java:371)&#13;
	at org.eclipse.ant.internal.launching.launchConfigurations.AntLaunchDelegate$1.run(AntLaunchDelegate.java:270)&#13;
	at java.lang.Thread.run(Thread.java:745)&#13;
Caused by: D:\git\201910-proyecto-grupo1\gramatica\instacia\CadenaArquitectura\eunit.xml:46: Model 'Sql' not found&#13;
	... 62 more&#13;
Caused by: Model 'Sql' not found&#13;
	at org.eclipse.epsilon.eol.models.ModelGroup.&lt;init&gt;(ModelGroup.java:41)&#13;
	at org.eclipse.epsilon.eol.models.ModelRepository.getModelByName(ModelRepository.java:76)&#13;
	at org.eclipse.epsilon.workflow.tasks.ExecutableModuleTask.populateModelRepository(ExecutableModuleTask.java:137)&#13;
	at org.eclipse.epsilon.workflow.tasks.ExecutableModuleTask.configureModule(ExecutableModuleTask.java:112)&#13;
	at org.eclipse.epsilon.workflow.tasks.ExecutableModuleTask.executeImpl(ExecutableModuleTask.java:208)&#13;
	... 61 more&#13;
</error></testcase><testcase classname="default.arquitectura-dian-testing" name="transformationUnModulo" time="0.0190000"><error message="Internal error: D:\git\201910-proyecto-grupo1\gramatica\instacia\CadenaArquitectura\eunit.xml:46: Model 'Sql' not found&#13;&#10;&#9;at org.eclipse.epsilon.workflow.tasks.ExecutableModuleTask.executeImpl[ExecutableModuleTask.java:233]&#13;&#10;&#9;at org.eclipse.epsilon.workflow.tasks.EpsilonTask.execute[EpsilonTask.java:39]&#13;&#10;&#9;at org.apache.tools.ant.UnknownElement.execute[UnknownElement.java:293]&#13;&#10;&#9;at sun.reflect.GeneratedMethodAccessor121.invoke[Unknown Source]&#13;&#10;&#9;at sun.reflect.DelegatingMethodAccessorImpl.invoke[DelegatingMethodAccessorImpl.java:43]&#13;&#10;&#9;at java.lang.reflect.Method.invoke[Method.java:498]&#13;&#10;&#9;at org.apache.tools.ant.dispatch.DispatchUtils.execute[DispatchUtils.java:106]&#13;&#10;&#9;at org.apache.tools.ant.Task.perform[Task.java:348]&#13;&#10;&#9;at org.apache.tools.ant.Target.execute[Target.java:435]&#13;&#10;&#9;at org.apache.tools.ant.Target.performTasks[Target.java:456]&#13;&#10;&#9;at org.apache.tools.ant.Project.executeSortedTargets[Project.java:1405]&#13;&#10;&#9;at org.apache.tools.ant.Project.executeTarget[Project.java:1376]&#13;&#10;&#9;at org.eclipse.epsilon.workflow.tasks.EUnitTask$RunTargetOperationContributor.runTarget[EUnitTask.java:87]&#13;&#10;&#9;at sun.reflect.NativeMethodAccessorImpl.invoke0[Native Method]&#13;&#10;&#9;at sun.reflect.NativeMethodAccessorImpl.invoke[NativeMethodAccessorImpl.java:62]&#13;&#10;&#9;at sun.reflect.DelegatingMethodAccessorImpl.invoke[DelegatingMethodAccessorImpl.java:43]&#13;&#10;&#9;at java.lang.reflect.Method.invoke[Method.java:498]&#13;&#10;&#9;at org.eclipse.epsilon.eol.util.ReflectionUtil.executeMethod[ReflectionUtil.java:186]&#13;&#10;&#9;at org.eclipse.epsilon.eol.util.ReflectionUtil.executeMethod[ReflectionUtil.java:162]&#13;&#10;&#9;at org.eclipse.epsilon.eol.execute.introspection.java.ObjectMethod.execute[ObjectMethod.java:48]&#13;&#10;&#9;at org.eclipse.epsilon.eol.dom.OperationCallExpression.execute[OperationCallExpression.java:145]&#13;&#10;&#9;at org.eclipse.epsilon.eol.execute.ExecutorFactory.execute[ExecutorFactory.java:99]&#13;&#10;&#9;at org.eclipse.epsilon.eol.dom.ExpressionStatement.execute[ExpressionStatement.java:33]&#13;&#10;&#9;at org.eclipse.epsilon.eol.execute.ExecutorFactory.execute[ExecutorFactory.java:99]&#13;&#10;&#9;at org.eclipse.epsilon.eol.dom.StatementBlock.execute[StatementBlock.java:58]&#13;&#10;&#9;at org.eclipse.epsilon.eol.execute.ExecutorFactory.execute[ExecutorFactory.java:99]&#13;&#10;&#9;at org.eclipse.epsilon.eol.dom.Operation.executeBody[Operation.java:200]&#13;&#10;&#9;at org.eclipse.epsilon.eol.dom.Operation.execute[Operation.java:183]&#13;&#10;&#9;at org.eclipse.epsilon.eunit.EUnitModule.runLeafTestCase[EUnitModule.java:415]&#13;&#10;&#9;at org.eclipse.epsilon.eunit.EUnitModule.runSuiteInternal[EUnitModule.java:343]&#13;&#10;&#9;at org.eclipse.epsilon.eunit.EUnitModule.runSuite[EUnitModule.java:167]&#13;&#10;&#9;at org.eclipse.epsilon.eunit.EUnitModule.runInnerTestCase[EUnitModule.java:370]&#13;&#10;&#9;at org.eclipse.epsilon.eunit.EUnitModule.runSuiteInternal[EUnitModule.java:345]&#13;&#10;&#9;at org.eclipse.epsilon.eunit.EUnitModule.runSuite[EUnitModule.java:167]&#13;&#10;&#9;at org.eclipse.epsilon.eunit.EUnitModule.executeImpl[EUnitModule.java:128]&#13;&#10;&#9;at org.eclipse.epsilon.eol.execute.ExecutorFactory.execute[ExecutorFactory.java:102]&#13;&#10;&#9;at org.eclipse.epsilon.eol.EolModule.execute[EolModule.java:413]&#13;&#10;&#9;at org.eclipse.epsilon.workflow.tasks.ExecutableModuleTask.executeImpl[ExecutableModuleTask.java:216]&#13;&#10;&#9;at org.eclipse.epsilon.workflow.tasks.EpsilonTask.execute[EpsilonTask.java:39]&#13;&#10;&#9;at org.apache.tools.ant.UnknownElement.execute[UnknownElement.java:293]&#13;&#10;&#9;at sun.reflect.NativeMethodAccessorImpl.invoke0[Native Method]&#13;&#10;&#9;at sun.reflect.NativeMethodAccessorImpl.invoke[NativeMethodAccessorImpl.java:62]&#13;&#10;&#9;at sun.reflect.DelegatingMethodAccessorImpl.invoke[DelegatingMethodAccessorImpl.java:43]&#13;&#10;&#9;at java.lang.reflect.Method.invoke[Method.java:498]&#13;&#10;&#9;at org.apache.tools.ant.dispatch.DispatchUtils.execute[DispatchUtils.java:106]&#13;&#10;&#9;at org.apache.tools.ant.Task.perform[Task.java:348]&#13;&#10;&#9;at org.apache.tools.ant.Target.execute[Target.java:435]&#13;&#10;&#9;at org.apache.tools.ant.Target.performTasks[Target.java:456]&#13;&#10;&#9;at org.apache.tools.ant.Project.executeSortedTargets[Project.java:1405]&#13;&#10;&#9;at org.apache.tools.ant.Project.executeTarget[Project.java:1376]&#13;&#10;&#9;at org.apache.tools.ant.helper.DefaultExecutor.executeTargets[DefaultExecutor.java:41]&#13;&#10;&#9;at org.eclipse.ant.internal.core.ant.EclipseDefaultExecutor.executeTargets[EclipseDefaultExecutor.java:36]&#13;&#10;&#9;at org.apache.tools.ant.Project.executeTargets[Project.java:1260]&#13;&#10;&#9;at org.eclipse.ant.internal.core.ant.InternalAntRunner.run[InternalAntRunner.java:712]&#13;&#10;&#9;at org.eclipse.ant.internal.core.ant.InternalAntRunner.run[InternalAntRunner.java:532]&#13;&#10;&#9;at sun.reflect.NativeMethodAccessorImpl.invoke0[Native Method]&#13;&#10;&#9;at sun.reflect.NativeMethodAccessorImpl.invoke[NativeMethodAccessorImpl.java:62]&#13;&#10;&#9;at sun.reflect.DelegatingMethodAccessorImpl.invoke[DelegatingMethodAccessorImpl.java:43]&#13;&#10;&#9;at java.lang.reflect.Method.invoke[Method.java:498]&#13;&#10;&#9;at org.eclipse.ant.core.AntRunner.run[AntRunner.java:371]&#13;&#10;&#9;at org.eclipse.ant.internal.launching.launchConfigurations.AntLaunchDelegate$1.run[AntLaunchDelegate.java:270]&#13;&#10;&#9;at java.lang.Thread.run[Thread.java:745]&#13;&#10;Caused by: Model 'Sql' not found&#13;&#10;&#9;at org.eclipse.epsilon.eol.models.ModelGroup.&lt;init&gt;[ModelGroup.java:41]&#13;&#10;&#9;at org.eclipse.epsilon.eol.models.ModelRepository.getModelByName[ModelRepository.java:76]&#13;&#10;&#9;at org.eclipse.epsilon.workflow.tasks.ExecutableModuleTask.populateModelRepository[ExecutableModuleTask.java:137]&#13;&#10;&#9;at org.eclipse.epsilon.workflow.tasks.ExecutableModuleTask.configureModule[ExecutableModuleTask.java:112]&#13;&#10;&#9;at org.eclipse.epsilon.workflow.tasks.ExecutableModuleTask.executeImpl[ExecutableModuleTask.java:208]&#13;&#10;&#9;... 61 more&#13;&#10;&#13;&#10;&#9;at (D:\git\201910-proyecto-grupo1\gramatica\instacia\CadenaArquitectura\tests\arquitectura-dian-testing.eunit@40:2-40:30)&#13;&#10;&#9;at (D:\git\201910-proyecto-grupo1\gramatica\instacia\CadenaArquitectura\tests\arquitectura-dian-testing.eunit@40:2-40:30)&#13;&#10;&#9;at (D:\git\201910-proyecto-grupo1\gramatica\instacia\CadenaArquitectura\tests\arquitectura-dian-testing.eunit@39:34-45:2)&#13;&#10;&#9;at (D:\git\201910-proyecto-grupo1\gramatica\instacia\CadenaArquitectura\tests\arquitectura-dian-testing.eunit@31:2-31:30)&#13;&#10;&#9;at (D:\git\201910-proyecto-grupo1\gramatica\instacia\CadenaArquitectura\tests\arquitectura-dian-testing.eunit@31:2-31:30)&#13;&#10;&#9;at (D:\git\201910-proyecto-grupo1\gramatica\instacia\CadenaArquitectura\tests\arquitectura-dian-testing.eunit@30:37-35:2)&#13;&#10;&#9;at (D:\git\201910-proyecto-grupo1\gramatica\instacia\CadenaArquitectura\tests\arquitectura-dian-testing.eunit@24:2-24:30)&#13;&#10;&#9;at (D:\git\201910-proyecto-grupo1\gramatica\instacia\CadenaArquitectura\tests\arquitectura-dian-testing.eunit@24:2-24:30)&#13;&#10;&#9;at (D:\git\201910-proyecto-grupo1\gramatica\instacia\CadenaArquitectura\tests\arquitectura-dian-testing.eunit@23:38-28:2)&#13;&#10;&#9;at (D:\git\201910-proyecto-grupo1\gramatica\instacia\CadenaArquitectura\tests\arquitectura-dian-testing.eunit@15:2-15:30)&#13;&#10;&#9;at (D:\git\201910-proyecto-grupo1\gramatica\instacia\CadenaArquitectura\tests\arquitectura-dian-testing.eunit@15:2-15:30)&#13;&#10;&#9;at (D:\git\201910-proyecto-grupo1\gramatica\instacia\CadenaArquitectura\tests\arquitectura-dian-testing.eunit@14:35-20:2)&#13;&#10;&#9;at (D:\git\201910-proyecto-grupo1\gramatica\instacia\CadenaArquitectura\tests\arquitectura-dian-testing.eunit@9:2-9:30)&#13;&#10;&#9;at (D:\git\201910-proyecto-grupo1\gramatica\instacia\CadenaArquitectura\tests\arquitectura-dian-testing.eunit@9:2-9:30)&#13;&#10;&#9;at (D:\git\201910-proyecto-grupo1\gramatica\instacia\CadenaArquitectura\tests\arquitectura-dian-testing.eunit@8:42-11:1)&#13;&#10;&#9;at (D:\git\201910-proyecto-grupo1\gramatica\instacia\CadenaArquitectura\tests\arquitectura-dian-testing.eunit@0:0-45:2)&#13;&#10;" type="org.eclipse.epsilon.eol.exceptions.EolInternalException">Internal error: D:\git\201910-proyecto-grupo1\gramatica\instacia\CadenaArquitectura\eunit.xml:46: Model 'Sql' not found&#13;
	at org.eclipse.epsilon.workflow.tasks.ExecutableModuleTask.executeImpl[ExecutableModuleTask.java:233]&#13;
	at org.eclipse.epsilon.workflow.tasks.EpsilonTask.execute[EpsilonTask.java:39]&#13;
	at org.apache.tools.ant.UnknownElement.execute[UnknownElement.java:293]&#13;
	at sun.reflect.GeneratedMethodAccessor121.invoke[Unknown Source]&#13;
	at sun.reflect.DelegatingMethodAccessorImpl.invoke[DelegatingMethodAccessorImpl.java:43]&#13;
	at java.lang.reflect.Method.invoke[Method.java:498]&#13;
	at org.apache.tools.ant.dispatch.DispatchUtils.execute[DispatchUtils.java:106]&#13;
	at org.apache.tools.ant.Task.perform[Task.java:348]&#13;
	at org.apache.tools.ant.Target.execute[Target.java:435]&#13;
	at org.apache.tools.ant.Target.performTasks[Target.java:456]&#13;
	at org.apache.tools.ant.Project.executeSortedTargets[Project.java:1405]&#13;
	at org.apache.tools.ant.Project.executeTarget[Project.java:1376]&#13;
	at org.eclipse.epsilon.workflow.tasks.EUnitTask$RunTargetOperationContributor.runTarget[EUnitTask.java:87]&#13;
	at sun.reflect.NativeMethodAccessorImpl.invoke0[Native Method]&#13;
	at sun.reflect.NativeMethodAccessorImpl.invoke[NativeMethodAccessorImpl.java:62]&#13;
	at sun.reflect.DelegatingMethodAccessorImpl.invoke[DelegatingMethodAccessorImpl.java:43]&#13;
	at java.lang.reflect.Method.invoke[Method.java:498]&#13;
	at org.eclipse.epsilon.eol.util.ReflectionUtil.executeMethod[ReflectionUtil.java:186]&#13;
	at org.eclipse.epsilon.eol.util.ReflectionUtil.executeMethod[ReflectionUtil.java:162]&#13;
	at org.eclipse.epsilon.eol.execute.introspection.java.ObjectMethod.execute[ObjectMethod.java:48]&#13;
	at org.eclipse.epsilon.eol.dom.OperationCallExpression.execute[OperationCallExpression.java:145]&#13;
	at org.eclipse.epsilon.eol.execute.ExecutorFactory.execute[ExecutorFactory.java:99]&#13;
	at org.eclipse.epsilon.eol.dom.ExpressionStatement.execute[ExpressionStatement.java:33]&#13;
	at org.eclipse.epsilon.eol.execute.ExecutorFactory.execute[ExecutorFactory.java:99]&#13;
	at org.eclipse.epsilon.eol.dom.StatementBlock.execute[StatementBlock.java:58]&#13;
	at org.eclipse.epsilon.eol.execute.ExecutorFactory.execute[ExecutorFactory.java:99]&#13;
	at org.eclipse.epsilon.eol.dom.Operation.executeBody[Operation.java:200]&#13;
	at org.eclipse.epsilon.eol.dom.Operation.execute[Operation.java:183]&#13;
	at org.eclipse.epsilon.eunit.EUnitModule.runLeafTestCase[EUnitModule.java:415]&#13;
	at org.eclipse.epsilon.eunit.EUnitModule.runSuiteInternal[EUnitModule.java:343]&#13;
	at org.eclipse.epsilon.eunit.EUnitModule.runSuite[EUnitModule.java:167]&#13;
	at org.eclipse.epsilon.eunit.EUnitModule.runInnerTestCase[EUnitModule.java:370]&#13;
	at org.eclipse.epsilon.eunit.EUnitModule.runSuiteInternal[EUnitModule.java:345]&#13;
	at org.eclipse.epsilon.eunit.EUnitModule.runSuite[EUnitModule.java:167]&#13;
	at org.eclipse.epsilon.eunit.EUnitModule.executeImpl[EUnitModule.java:128]&#13;
	at org.eclipse.epsilon.eol.execute.ExecutorFactory.execute[ExecutorFactory.java:102]&#13;
	at org.eclipse.epsilon.eol.EolModule.execute[EolModule.java:413]&#13;
	at org.eclipse.epsilon.workflow.tasks.ExecutableModuleTask.executeImpl[ExecutableModuleTask.java:216]&#13;
	at org.eclipse.epsilon.workflow.tasks.EpsilonTask.execute[EpsilonTask.java:39]&#13;
	at org.apache.tools.ant.UnknownElement.execute[UnknownElement.java:293]&#13;
	at sun.reflect.NativeMethodAccessorImpl.invoke0[Native Method]&#13;
	at sun.reflect.NativeMethodAccessorImpl.invoke[NativeMethodAccessorImpl.java:62]&#13;
	at sun.reflect.DelegatingMethodAccessorImpl.invoke[DelegatingMethodAccessorImpl.java:43]&#13;
	at java.lang.reflect.Method.invoke[Method.java:498]&#13;
	at org.apache.tools.ant.dispatch.DispatchUtils.execute[DispatchUtils.java:106]&#13;
	at org.apache.tools.ant.Task.perform[Task.java:348]&#13;
	at org.apache.tools.ant.Target.execute[Target.java:435]&#13;
	at org.apache.tools.ant.Target.performTasks[Target.java:456]&#13;
	at org.apache.tools.ant.Project.executeSortedTargets[Project.java:1405]&#13;
	at org.apache.tools.ant.Project.executeTarget[Project.java:1376]&#13;
	at org.apache.tools.ant.helper.DefaultExecutor.executeTargets[DefaultExecutor.java:41]&#13;
	at org.eclipse.ant.internal.core.ant.EclipseDefaultExecutor.executeTargets[EclipseDefaultExecutor.java:36]&#13;
	at org.apache.tools.ant.Project.executeTargets[Project.java:1260]&#13;
	at org.eclipse.ant.internal.core.ant.InternalAntRunner.run[InternalAntRunner.java:712]&#13;
	at org.eclipse.ant.internal.core.ant.InternalAntRunner.run[InternalAntRunner.java:532]&#13;
	at sun.reflect.NativeMethodAccessorImpl.invoke0[Native Method]&#13;
	at sun.reflect.NativeMethodAccessorImpl.invoke[NativeMethodAccessorImpl.java:62]&#13;
	at sun.reflect.DelegatingMethodAccessorImpl.invoke[DelegatingMethodAccessorImpl.java:43]&#13;
	at java.lang.reflect.Method.invoke[Method.java:498]&#13;
	at org.eclipse.ant.core.AntRunner.run[AntRunner.java:371]&#13;
	at org.eclipse.ant.internal.launching.launchConfigurations.AntLaunchDelegate$1.run[AntLaunchDelegate.java:270]&#13;
	at java.lang.Thread.run[Thread.java:745]&#13;
Caused by: Model 'Sql' not found&#13;
	at org.eclipse.epsilon.eol.models.ModelGroup.&lt;init&gt;[ModelGroup.java:41]&#13;
	at org.eclipse.epsilon.eol.models.ModelRepository.getModelByName[ModelRepository.java:76]&#13;
	at org.eclipse.epsilon.workflow.tasks.ExecutableModuleTask.populateModelRepository[ExecutableModuleTask.java:137]&#13;
	at org.eclipse.epsilon.workflow.tasks.ExecutableModuleTask.configureModule[ExecutableModuleTask.java:112]&#13;
	at org.eclipse.epsilon.workflow.tasks.ExecutableModuleTask.executeImpl[ExecutableModuleTask.java:208]&#13;
	... 61 more&#13;
&#13;
	at (D:\git\201910-proyecto-grupo1\gramatica\instacia\CadenaArquitectura\tests\arquitectura-dian-testing.eunit@40:2-40:30)&#13;
	at (D:\git\201910-proyecto-grupo1\gramatica\instacia\CadenaArquitectura\tests\arquitectura-dian-testing.eunit@40:2-40:30)&#13;
	at (D:\git\201910-proyecto-grupo1\gramatica\instacia\CadenaArquitectura\tests\arquitectura-dian-testing.eunit@39:34-45:2)&#13;
	at (D:\git\201910-proyecto-grupo1\gramatica\instacia\CadenaArquitectura\tests\arquitectura-dian-testing.eunit@31:2-31:30)&#13;
	at (D:\git\201910-proyecto-grupo1\gramatica\instacia\CadenaArquitectura\tests\arquitectura-dian-testing.eunit@31:2-31:30)&#13;
	at (D:\git\201910-proyecto-grupo1\gramatica\instacia\CadenaArquitectura\tests\arquitectura-dian-testing.eunit@30:37-35:2)&#13;
	at (D:\git\201910-proyecto-grupo1\gramatica\instacia\CadenaArquitectura\tests\arquitectura-dian-testing.eunit@24:2-24:30)&#13;
	at (D:\git\201910-proyecto-grupo1\gramatica\instacia\CadenaArquitectura\tests\arquitectura-dian-testing.eunit@24:2-24:30)&#13;
	at (D:\git\201910-proyecto-grupo1\gramatica\instacia\CadenaArquitectura\tests\arquitectura-dian-testing.eunit@23:38-28:2)&#13;
	at (D:\git\201910-proyecto-grupo1\gramatica\instacia\CadenaArquitectura\tests\arquitectura-dian-testing.eunit@15:2-15:30)&#13;
	at (D:\git\201910-proyecto-grupo1\gramatica\instacia\CadenaArquitectura\tests\arquitectura-dian-testing.eunit@15:2-15:30)&#13;
	at (D:\git\201910-proyecto-grupo1\gramatica\instacia\CadenaArquitectura\tests\arquitectura-dian-testing.eunit@14:35-20:2)&#13;
	at (D:\git\201910-proyecto-grupo1\gramatica\instacia\CadenaArquitectura\tests\arquitectura-dian-testing.eunit@9:2-9:30)&#13;
	at (D:\git\201910-proyecto-grupo1\gramatica\instacia\CadenaArquitectura\tests\arquitectura-dian-testing.eunit@9:2-9:30)&#13;
	at (D:\git\201910-proyecto-grupo1\gramatica\instacia\CadenaArquitectura\tests\arquitectura-dian-testing.eunit@8:42-11:1)&#13;
	at (D:\git\201910-proyecto-grupo1\gramatica\instacia\CadenaArquitectura\tests\arquitectura-dian-testing.eunit@0:0-45:2)&#13;
&#13;
	at org.eclipse.epsilon.workflow.tasks.ExecutableModuleTask.executeImpl(ExecutableModuleTask.java:233)&#13;
	at org.eclipse.epsilon.workflow.tasks.EpsilonTask.execute(EpsilonTask.java:39)&#13;
	at org.apache.tools.ant.UnknownElement.execute(UnknownElement.java:293)&#13;
	at sun.reflect.GeneratedMethodAccessor121.invoke(Unknown Source)&#13;
	at sun.reflect.DelegatingMethodAccessorImpl.invoke(DelegatingMethodAccessorImpl.java:43)&#13;
	at java.lang.reflect.Method.invoke(Method.java:498)&#13;
	at org.apache.tools.ant.dispatch.DispatchUtils.execute(DispatchUtils.java:106)&#13;
	at org.apache.tools.ant.Task.perform(Task.java:348)&#13;
	at org.apache.tools.ant.Target.execute(Target.java:435)&#13;
	at org.apache.tools.ant.Target.performTasks(Target.java:456)&#13;
	at org.apache.tools.ant.Project.executeSortedTargets(Project.java:1405)&#13;
	at org.apache.tools.ant.Project.executeTarget(Project.java:1376)&#13;
	at org.eclipse.epsilon.workflow.tasks.EUnitTask$RunTargetOperationContributor.runTarget(EUnitTask.java:87)&#13;
	at sun.reflect.NativeMethodAccessorImpl.invoke0(Native Method)&#13;
	at sun.reflect.NativeMethodAccessorImpl.invoke(NativeMethodAccessorImpl.java:62)&#13;
	at sun.reflect.DelegatingMethodAccessorImpl.invoke(DelegatingMethodAccessorImpl.java:43)&#13;
	at java.lang.reflect.Method.invoke(Method.java:498)&#13;
	at org.eclipse.epsilon.eol.util.ReflectionUtil.executeMethod(ReflectionUtil.java:186)&#13;
	at org.eclipse.epsilon.eol.util.ReflectionUtil.executeMethod(ReflectionUtil.java:162)&#13;
	at org.eclipse.epsilon.eol.execute.introspection.java.ObjectMethod.execute(ObjectMethod.java:48)&#13;
	at org.eclipse.epsilon.eol.dom.OperationCallExpression.execute(OperationCallExpression.java:145)&#13;
	at org.eclipse.epsilon.eol.execute.ExecutorFactory.execute(ExecutorFactory.java:99)&#13;
	at org.eclipse.epsilon.eol.dom.ExpressionStatement.execute(ExpressionStatement.java:33)&#13;
	at org.eclipse.epsilon.eol.execute.ExecutorFactory.execute(ExecutorFactory.java:99)&#13;
	at org.eclipse.epsilon.eol.dom.StatementBlock.execute(StatementBlock.java:58)&#13;
	at org.eclipse.epsilon.eol.execute.ExecutorFactory.execute(ExecutorFactory.java:99)&#13;
	at org.eclipse.epsilon.eol.dom.Operation.executeBody(Operation.java:200)&#13;
	at org.eclipse.epsilon.eol.dom.Operation.execute(Operation.java:183)&#13;
	at org.eclipse.epsilon.eunit.EUnitModule.runLeafTestCase(EUnitModule.java:415)&#13;
	at org.eclipse.epsilon.eunit.EUnitModule.runSuiteInternal(EUnitModule.java:343)&#13;
	at org.eclipse.epsilon.eunit.EUnitModule.runSuite(EUnitModule.java:167)&#13;
	at org.eclipse.epsilon.eunit.EUnitModule.runInnerTestCase(EUnitModule.java:370)&#13;
	at org.eclipse.epsilon.eunit.EUnitModule.runSuiteInternal(EUnitModule.java:345)&#13;
	at org.eclipse.epsilon.eunit.EUnitModule.runSuite(EUnitModule.java:167)&#13;
	at org.eclipse.epsilon.eunit.EUnitModule.executeImpl(EUnitModule.java:128)&#13;
	at org.eclipse.epsilon.eol.execute.ExecutorFactory.execute(ExecutorFactory.java:102)&#13;
	at org.eclipse.epsilon.eol.EolModule.execute(EolModule.java:413)&#13;
	at org.eclipse.epsilon.workflow.tasks.ExecutableModuleTask.executeImpl(ExecutableModuleTask.java:216)&#13;
	at org.eclipse.epsilon.workflow.tasks.EpsilonTask.execute(EpsilonTask.java:39)&#13;
	at org.apache.tools.ant.UnknownElement.execute(UnknownElement.java:293)&#13;
	at sun.reflect.NativeMethodAccessorImpl.invoke0(Native Method)&#13;
	at sun.reflect.NativeMethodAccessorImpl.invoke(NativeMethodAccessorImpl.java:62)&#13;
	at sun.reflect.DelegatingMethodAccessorImpl.invoke(DelegatingMethodAccessorImpl.java:43)&#13;
	at java.lang.reflect.Method.invoke(Method.java:498)&#13;
	at org.apache.tools.ant.dispatch.DispatchUtils.execute(DispatchUtils.java:106)&#13;
	at org.apache.tools.ant.Task.perform(Task.java:348)&#13;
	at org.apache.tools.ant.Target.execute(Target.java:435)&#13;
	at org.apache.tools.ant.Target.performTasks(Target.java:456)&#13;
	at org.apache.tools.ant.Project.executeSortedTargets(Project.java:1405)&#13;
	at org.apache.tools.ant.Project.executeTarget(Project.java:1376)&#13;
	at org.apache.tools.ant.helper.DefaultExecutor.executeTargets(DefaultExecutor.java:41)&#13;
	at org.eclipse.ant.internal.core.ant.EclipseDefaultExecutor.executeTargets(EclipseDefaultExecutor.java:36)&#13;
	at org.apache.tools.ant.Project.executeTargets(Project.java:1260)&#13;
	at org.eclipse.ant.internal.core.ant.InternalAntRunner.run(InternalAntRunner.java:712)&#13;
	at org.eclipse.ant.internal.core.ant.InternalAntRunner.run(InternalAntRunner.java:532)&#13;
	at sun.reflect.NativeMethodAccessorImpl.invoke0(Native Method)&#13;
	at sun.reflect.NativeMethodAccessorImpl.invoke(NativeMethodAccessorImpl.java:62)&#13;
	at sun.reflect.DelegatingMethodAccessorImpl.invoke(DelegatingMethodAccessorImpl.java:43)&#13;
	at java.lang.reflect.Method.invoke(Method.java:498)&#13;
	at org.eclipse.ant.core.AntRunner.run(AntRunner.java:371)&#13;
	at org.eclipse.ant.internal.launching.launchConfigurations.AntLaunchDelegate$1.run(AntLaunchDelegate.java:270)&#13;
	at java.lang.Thread.run(Thread.java:745)&#13;
Caused by: D:\git\201910-proyecto-grupo1\gramatica\instacia\CadenaArquitectura\eunit.xml:46: Model 'Sql' not found&#13;
	... 62 more&#13;
Caused by: Model 'Sql' not found&#13;
	at org.eclipse.epsilon.eol.models.ModelGroup.&lt;init&gt;(ModelGroup.java:41)&#13;
	at org.eclipse.epsilon.eol.models.ModelRepository.getModelByName(ModelRepository.java:76)&#13;
	at org.eclipse.epsilon.workflow.tasks.ExecutableModuleTask.populateModelRepository(ExecutableModuleTask.java:137)&#13;
	at org.eclipse.epsilon.workflow.tasks.ExecutableModuleTask.configureModule(ExecutableModuleTask.java:112)&#13;
	at org.eclipse.epsilon.workflow.tasks.ExecutableModuleTask.executeImpl(ExecutableModuleTask.java:208)&#13;
	... 61 more&#13;
</error></testcase><testcase classname="default.arquitectura-dian-testing" name="transformationDaoPorTabla" time="0.0150000"><error message="Internal error: D:\git\201910-proyecto-grupo1\gramatica\instacia\CadenaArquitectura\eunit.xml:46: Model 'Sql' not found&#13;&#10;&#9;at org.eclipse.epsilon.workflow.tasks.ExecutableModuleTask.executeImpl[ExecutableModuleTask.java:233]&#13;&#10;&#9;at org.eclipse.epsilon.workflow.tasks.EpsilonTask.execute[EpsilonTask.java:39]&#13;&#10;&#9;at org.apache.tools.ant.UnknownElement.execute[UnknownElement.java:293]&#13;&#10;&#9;at sun.reflect.GeneratedMethodAccessor121.invoke[Unknown Source]&#13;&#10;&#9;at sun.reflect.DelegatingMethodAccessorImpl.invoke[DelegatingMethodAccessorImpl.java:43]&#13;&#10;&#9;at java.lang.reflect.Method.invoke[Method.java:498]&#13;&#10;&#9;at org.apache.tools.ant.dispatch.DispatchUtils.execute[DispatchUtils.java:106]&#13;&#10;&#9;at org.apache.tools.ant.Task.perform[Task.java:348]&#13;&#10;&#9;at org.apache.tools.ant.Target.execute[Target.java:435]&#13;&#10;&#9;at org.apache.tools.ant.Target.performTasks[Target.java:456]&#13;&#10;&#9;at org.apache.tools.ant.Project.executeSortedTargets[Project.java:1405]&#13;&#10;&#9;at org.apache.tools.ant.Project.executeTarget[Project.java:1376]&#13;&#10;&#9;at org.eclipse.epsilon.workflow.tasks.EUnitTask$RunTargetOperationContributor.runTarget[EUnitTask.java:87]&#13;&#10;&#9;at sun.reflect.NativeMethodAccessorImpl.invoke0[Native Method]&#13;&#10;&#9;at sun.reflect.NativeMethodAccessorImpl.invoke[NativeMethodAccessorImpl.java:62]&#13;&#10;&#9;at sun.reflect.DelegatingMethodAccessorImpl.invoke[DelegatingMethodAccessorImpl.java:43]&#13;&#10;&#9;at java.lang.reflect.Method.invoke[Method.java:498]&#13;&#10;&#9;at org.eclipse.epsilon.eol.util.ReflectionUtil.executeMethod[ReflectionUtil.java:186]&#13;&#10;&#9;at org.eclipse.epsilon.eol.util.ReflectionUtil.executeMethod[ReflectionUtil.java:162]&#13;&#10;&#9;at org.eclipse.epsilon.eol.execute.introspection.java.ObjectMethod.execute[ObjectMethod.java:48]&#13;&#10;&#9;at org.eclipse.epsilon.eol.dom.OperationCallExpression.execute[OperationCallExpression.java:145]&#13;&#10;&#9;at org.eclipse.epsilon.eol.execute.ExecutorFactory.execute[ExecutorFactory.java:99]&#13;&#10;&#9;at org.eclipse.epsilon.eol.dom.ExpressionStatement.execute[ExpressionStatement.java:33]&#13;&#10;&#9;at org.eclipse.epsilon.eol.execute.ExecutorFactory.execute[ExecutorFactory.java:99]&#13;&#10;&#9;at org.eclipse.epsilon.eol.dom.StatementBlock.execute[StatementBlock.java:58]&#13;&#10;&#9;at org.eclipse.epsilon.eol.execute.ExecutorFactory.execute[ExecutorFactory.java:99]&#13;&#10;&#9;at org.eclipse.epsilon.eol.dom.Operation.executeBody[Operation.java:200]&#13;&#10;&#9;at org.eclipse.epsilon.eol.dom.Operation.execute[Operation.java:183]&#13;&#10;&#9;at org.eclipse.epsilon.eunit.EUnitModule.runLeafTestCase[EUnitModule.java:415]&#13;&#10;&#9;at org.eclipse.epsilon.eunit.EUnitModule.runSuiteInternal[EUnitModule.java:343]&#13;&#10;&#9;at org.eclipse.epsilon.eunit.EUnitModule.runSuite[EUnitModule.java:167]&#13;&#10;&#9;at org.eclipse.epsilon.eunit.EUnitModule.runInnerTestCase[EUnitModule.java:370]&#13;&#10;&#9;at org.eclipse.epsilon.eunit.EUnitModule.runSuiteInternal[EUnitModule.java:345]&#13;&#10;&#9;at org.eclipse.epsilon.eunit.EUnitModule.runSuite[EUnitModule.java:167]&#13;&#10;&#9;at org.eclipse.epsilon.eunit.EUnitModule.executeImpl[EUnitModule.java:128]&#13;&#10;&#9;at org.eclipse.epsilon.eol.execute.ExecutorFactory.execute[ExecutorFactory.java:102]&#13;&#10;&#9;at org.eclipse.epsilon.eol.EolModule.execute[EolModule.java:413]&#13;&#10;&#9;at org.eclipse.epsilon.workflow.tasks.ExecutableModuleTask.executeImpl[ExecutableModuleTask.java:216]&#13;&#10;&#9;at org.eclipse.epsilon.workflow.tasks.EpsilonTask.execute[EpsilonTask.java:39]&#13;&#10;&#9;at org.apache.tools.ant.UnknownElement.execute[UnknownElement.java:293]&#13;&#10;&#9;at sun.reflect.NativeMethodAccessorImpl.invoke0[Native Method]&#13;&#10;&#9;at sun.reflect.NativeMethodAccessorImpl.invoke[NativeMethodAccessorImpl.java:62]&#13;&#10;&#9;at sun.reflect.DelegatingMethodAccessorImpl.invoke[DelegatingMethodAccessorImpl.java:43]&#13;&#10;&#9;at java.lang.reflect.Method.invoke[Method.java:498]&#13;&#10;&#9;at org.apache.tools.ant.dispatch.DispatchUtils.execute[DispatchUtils.java:106]&#13;&#10;&#9;at org.apache.tools.ant.Task.perform[Task.java:348]&#13;&#10;&#9;at org.apache.tools.ant.Target.execute[Target.java:435]&#13;&#10;&#9;at org.apache.tools.ant.Target.performTasks[Target.java:456]&#13;&#10;&#9;at org.apache.tools.ant.Project.executeSortedTargets[Project.java:1405]&#13;&#10;&#9;at org.apache.tools.ant.Project.executeTarget[Project.java:1376]&#13;&#10;&#9;at org.apache.tools.ant.helper.DefaultExecutor.executeTargets[DefaultExecutor.java:41]&#13;&#10;&#9;at org.eclipse.ant.internal.core.ant.EclipseDefaultExecutor.executeTargets[EclipseDefaultExecutor.java:36]&#13;&#10;&#9;at org.apache.tools.ant.Project.executeTargets[Project.java:1260]&#13;&#10;&#9;at org.eclipse.ant.internal.core.ant.InternalAntRunner.run[InternalAntRunner.java:712]&#13;&#10;&#9;at org.eclipse.ant.internal.core.ant.InternalAntRunner.run[InternalAntRunner.java:532]&#13;&#10;&#9;at sun.reflect.NativeMethodAccessorImpl.invoke0[Native Method]&#13;&#10;&#9;at sun.reflect.NativeMethodAccessorImpl.invoke[NativeMethodAccessorImpl.java:62]&#13;&#10;&#9;at sun.reflect.DelegatingMethodAccessorImpl.invoke[DelegatingMethodAccessorImpl.java:43]&#13;&#10;&#9;at java.lang.reflect.Method.invoke[Method.java:498]&#13;&#10;&#9;at org.eclipse.ant.core.AntRunner.run[AntRunner.java:371]&#13;&#10;&#9;at org.eclipse.ant.internal.launching.launchConfigurations.AntLaunchDelegate$1.run[AntLaunchDelegate.java:270]&#13;&#10;&#9;at java.lang.Thread.run[Thread.java:745]&#13;&#10;Caused by: Model 'Sql' not found&#13;&#10;&#9;at org.eclipse.epsilon.eol.models.ModelGroup.&lt;init&gt;[ModelGroup.java:41]&#13;&#10;&#9;at org.eclipse.epsilon.eol.models.ModelRepository.getModelByName[ModelRepository.java:76]&#13;&#10;&#9;at org.eclipse.epsilon.workflow.tasks.ExecutableModuleTask.populateModelRepository[ExecutableModuleTask.java:137]&#13;&#10;&#9;at org.eclipse.epsilon.workflow.tasks.ExecutableModuleTask.configureModule[ExecutableModuleTask.java:112]&#13;&#10;&#9;at org.eclipse.epsilon.workflow.tasks.ExecutableModuleTask.executeImpl[ExecutableModuleTask.java:208]&#13;&#10;&#9;... 61 more&#13;&#10;&#13;&#10;&#9;at (D:\git\201910-proyecto-grupo1\gramatica\instacia\CadenaArquitectura\tests\arquitectura-dian-testing.eunit@40:2-40:30)&#13;&#10;&#9;at (D:\git\201910-proyecto-grupo1\gramatica\instacia\CadenaArquitectura\tests\arquitectura-dian-testing.eunit@40:2-40:30)&#13;&#10;&#9;at (D:\git\201910-proyecto-grupo1\gramatica\instacia\CadenaArquitectura\tests\arquitectura-dian-testing.eunit@39:34-45:2)&#13;&#10;&#9;at (D:\git\201910-proyecto-grupo1\gramatica\instacia\CadenaArquitectura\tests\arquitectura-dian-testing.eunit@31:2-31:30)&#13;&#10;&#9;at (D:\git\201910-proyecto-grupo1\gramatica\instacia\CadenaArquitectura\tests\arquitectura-dian-testing.eunit@31:2-31:30)&#13;&#10;&#9;at (D:\git\201910-proyecto-grupo1\gramatica\instacia\CadenaArquitectura\tests\arquitectura-dian-testing.eunit@30:37-35:2)&#13;&#10;&#9;at (D:\git\201910-proyecto-grupo1\gramatica\instacia\CadenaArquitectura\tests\arquitectura-dian-testing.eunit@24:2-24:30)&#13;&#10;&#9;at (D:\git\201910-proyecto-grupo1\gramatica\instacia\CadenaArquitectura\tests\arquitectura-dian-testing.eunit@24:2-24:30)&#13;&#10;&#9;at (D:\git\201910-proyecto-grupo1\gramatica\instacia\CadenaArquitectura\tests\arquitectura-dian-testing.eunit@23:38-28:2)&#13;&#10;&#9;at (D:\git\201910-proyecto-grupo1\gramatica\instacia\CadenaArquitectura\tests\arquitectura-dian-testing.eunit@15:2-15:30)&#13;&#10;&#9;at (D:\git\201910-proyecto-grupo1\gramatica\instacia\CadenaArquitectura\tests\arquitectura-dian-testing.eunit@15:2-15:30)&#13;&#10;&#9;at (D:\git\201910-proyecto-grupo1\gramatica\instacia\CadenaArquitectura\tests\arquitectura-dian-testing.eunit@14:35-20:2)&#13;&#10;&#9;at (D:\git\201910-proyecto-grupo1\gramatica\instacia\CadenaArquitectura\tests\arquitectura-dian-testing.eunit@9:2-9:30)&#13;&#10;&#9;at (D:\git\201910-proyecto-grupo1\gramatica\instacia\CadenaArquitectura\tests\arquitectura-dian-testing.eunit@9:2-9:30)&#13;&#10;&#9;at (D:\git\201910-proyecto-grupo1\gramatica\instacia\CadenaArquitectura\tests\arquitectura-dian-testing.eunit@8:42-11:1)&#13;&#10;&#9;at (D:\git\201910-proyecto-grupo1\gramatica\instacia\CadenaArquitectura\tests\arquitectura-dian-testing.eunit@0:0-45:2)&#13;&#10;" type="org.eclipse.epsilon.eol.exceptions.EolInternalException">Internal error: D:\git\201910-proyecto-grupo1\gramatica\instacia\CadenaArquitectura\eunit.xml:46: Model 'Sql' not found&#13;
	at org.eclipse.epsilon.workflow.tasks.ExecutableModuleTask.executeImpl[ExecutableModuleTask.java:233]&#13;
	at org.eclipse.epsilon.workflow.tasks.EpsilonTask.execute[EpsilonTask.java:39]&#13;
	at org.apache.tools.ant.UnknownElement.execute[UnknownElement.java:293]&#13;
	at sun.reflect.GeneratedMethodAccessor121.invoke[Unknown Source]&#13;
	at sun.reflect.DelegatingMethodAccessorImpl.invoke[DelegatingMethodAccessorImpl.java:43]&#13;
	at java.lang.reflect.Method.invoke[Method.java:498]&#13;
	at org.apache.tools.ant.dispatch.DispatchUtils.execute[DispatchUtils.java:106]&#13;
	at org.apache.tools.ant.Task.perform[Task.java:348]&#13;
	at org.apache.tools.ant.Target.execute[Target.java:435]&#13;
	at org.apache.tools.ant.Target.performTasks[Target.java:456]&#13;
	at org.apache.tools.ant.Project.executeSortedTargets[Project.java:1405]&#13;
	at org.apache.tools.ant.Project.executeTarget[Project.java:1376]&#13;
	at org.eclipse.epsilon.workflow.tasks.EUnitTask$RunTargetOperationContributor.runTarget[EUnitTask.java:87]&#13;
	at sun.reflect.NativeMethodAccessorImpl.invoke0[Native Method]&#13;
	at sun.reflect.NativeMethodAccessorImpl.invoke[NativeMethodAccessorImpl.java:62]&#13;
	at sun.reflect.DelegatingMethodAccessorImpl.invoke[DelegatingMethodAccessorImpl.java:43]&#13;
	at java.lang.reflect.Method.invoke[Method.java:498]&#13;
	at org.eclipse.epsilon.eol.util.ReflectionUtil.executeMethod[ReflectionUtil.java:186]&#13;
	at org.eclipse.epsilon.eol.util.ReflectionUtil.executeMethod[ReflectionUtil.java:162]&#13;
	at org.eclipse.epsilon.eol.execute.introspection.java.ObjectMethod.execute[ObjectMethod.java:48]&#13;
	at org.eclipse.epsilon.eol.dom.OperationCallExpression.execute[OperationCallExpression.java:145]&#13;
	at org.eclipse.epsilon.eol.execute.ExecutorFactory.execute[ExecutorFactory.java:99]&#13;
	at org.eclipse.epsilon.eol.dom.ExpressionStatement.execute[ExpressionStatement.java:33]&#13;
	at org.eclipse.epsilon.eol.execute.ExecutorFactory.execute[ExecutorFactory.java:99]&#13;
	at org.eclipse.epsilon.eol.dom.StatementBlock.execute[StatementBlock.java:58]&#13;
	at org.eclipse.epsilon.eol.execute.ExecutorFactory.execute[ExecutorFactory.java:99]&#13;
	at org.eclipse.epsilon.eol.dom.Operation.executeBody[Operation.java:200]&#13;
	at org.eclipse.epsilon.eol.dom.Operation.execute[Operation.java:183]&#13;
	at org.eclipse.epsilon.eunit.EUnitModule.runLeafTestCase[EUnitModule.java:415]&#13;
	at org.eclipse.epsilon.eunit.EUnitModule.runSuiteInternal[EUnitModule.java:343]&#13;
	at org.eclipse.epsilon.eunit.EUnitModule.runSuite[EUnitModule.java:167]&#13;
	at org.eclipse.epsilon.eunit.EUnitModule.runInnerTestCase[EUnitModule.java:370]&#13;
	at org.eclipse.epsilon.eunit.EUnitModule.runSuiteInternal[EUnitModule.java:345]&#13;
	at org.eclipse.epsilon.eunit.EUnitModule.runSuite[EUnitModule.java:167]&#13;
	at org.eclipse.epsilon.eunit.EUnitModule.executeImpl[EUnitModule.java:128]&#13;
	at org.eclipse.epsilon.eol.execute.ExecutorFactory.execute[ExecutorFactory.java:102]&#13;
	at org.eclipse.epsilon.eol.EolModule.execute[EolModule.java:413]&#13;
	at org.eclipse.epsilon.workflow.tasks.ExecutableModuleTask.executeImpl[ExecutableModuleTask.java:216]&#13;
	at org.eclipse.epsilon.workflow.tasks.EpsilonTask.execute[EpsilonTask.java:39]&#13;
	at org.apache.tools.ant.UnknownElement.execute[UnknownElement.java:293]&#13;
	at sun.reflect.NativeMethodAccessorImpl.invoke0[Native Method]&#13;
	at sun.reflect.NativeMethodAccessorImpl.invoke[NativeMethodAccessorImpl.java:62]&#13;
	at sun.reflect.DelegatingMethodAccessorImpl.invoke[DelegatingMethodAccessorImpl.java:43]&#13;
	at java.lang.reflect.Method.invoke[Method.java:498]&#13;
	at org.apache.tools.ant.dispatch.DispatchUtils.execute[DispatchUtils.java:106]&#13;
	at org.apache.tools.ant.Task.perform[Task.java:348]&#13;
	at org.apache.tools.ant.Target.execute[Target.java:435]&#13;
	at org.apache.tools.ant.Target.performTasks[Target.java:456]&#13;
	at org.apache.tools.ant.Project.executeSortedTargets[Project.java:1405]&#13;
	at org.apache.tools.ant.Project.executeTarget[Project.java:1376]&#13;
	at org.apache.tools.ant.helper.DefaultExecutor.executeTargets[DefaultExecutor.java:41]&#13;
	at org.eclipse.ant.internal.core.ant.EclipseDefaultExecutor.executeTargets[EclipseDefaultExecutor.java:36]&#13;
	at org.apache.tools.ant.Project.executeTargets[Project.java:1260]&#13;
	at org.eclipse.ant.internal.core.ant.InternalAntRunner.run[InternalAntRunner.java:712]&#13;
	at org.eclipse.ant.internal.core.ant.InternalAntRunner.run[InternalAntRunner.java:532]&#13;
	at sun.reflect.NativeMethodAccessorImpl.invoke0[Native Method]&#13;
	at sun.reflect.NativeMethodAccessorImpl.invoke[NativeMethodAccessorImpl.java:62]&#13;
	at sun.reflect.DelegatingMethodAccessorImpl.invoke[DelegatingMethodAccessorImpl.java:43]&#13;
	at java.lang.reflect.Method.invoke[Method.java:498]&#13;
	at org.eclipse.ant.core.AntRunner.run[AntRunner.java:371]&#13;
	at org.eclipse.ant.internal.launching.launchConfigurations.AntLaunchDelegate$1.run[AntLaunchDelegate.java:270]&#13;
	at java.lang.Thread.run[Thread.java:745]&#13;
Caused by: Model 'Sql' not found&#13;
	at org.eclipse.epsilon.eol.models.ModelGroup.&lt;init&gt;[ModelGroup.java:41]&#13;
	at org.eclipse.epsilon.eol.models.ModelRepository.getModelByName[ModelRepository.java:76]&#13;
	at org.eclipse.epsilon.workflow.tasks.ExecutableModuleTask.populateModelRepository[ExecutableModuleTask.java:137]&#13;
	at org.eclipse.epsilon.workflow.tasks.ExecutableModuleTask.configureModule[ExecutableModuleTask.java:112]&#13;
	at org.eclipse.epsilon.workflow.tasks.ExecutableModuleTask.executeImpl[ExecutableModuleTask.java:208]&#13;
	... 61 more&#13;
&#13;
	at (D:\git\201910-proyecto-grupo1\gramatica\instacia\CadenaArquitectura\tests\arquitectura-dian-testing.eunit@40:2-40:30)&#13;
	at (D:\git\201910-proyecto-grupo1\gramatica\instacia\CadenaArquitectura\tests\arquitectura-dian-testing.eunit@40:2-40:30)&#13;
	at (D:\git\201910-proyecto-grupo1\gramatica\instacia\CadenaArquitectura\tests\arquitectura-dian-testing.eunit@39:34-45:2)&#13;
	at (D:\git\201910-proyecto-grupo1\gramatica\instacia\CadenaArquitectura\tests\arquitectura-dian-testing.eunit@31:2-31:30)&#13;
	at (D:\git\201910-proyecto-grupo1\gramatica\instacia\CadenaArquitectura\tests\arquitectura-dian-testing.eunit@31:2-31:30)&#13;
	at (D:\git\201910-proyecto-grupo1\gramatica\instacia\CadenaArquitectura\tests\arquitectura-dian-testing.eunit@30:37-35:2)&#13;
	at (D:\git\201910-proyecto-grupo1\gramatica\instacia\CadenaArquitectura\tests\arquitectura-dian-testing.eunit@24:2-24:30)&#13;
	at (D:\git\201910-proyecto-grupo1\gramatica\instacia\CadenaArquitectura\tests\arquitectura-dian-testing.eunit@24:2-24:30)&#13;
	at (D:\git\201910-proyecto-grupo1\gramatica\instacia\CadenaArquitectura\tests\arquitectura-dian-testing.eunit@23:38-28:2)&#13;
	at (D:\git\201910-proyecto-grupo1\gramatica\instacia\CadenaArquitectura\tests\arquitectura-dian-testing.eunit@15:2-15:30)&#13;
	at (D:\git\201910-proyecto-grupo1\gramatica\instacia\CadenaArquitectura\tests\arquitectura-dian-testing.eunit@15:2-15:30)&#13;
	at (D:\git\201910-proyecto-grupo1\gramatica\instacia\CadenaArquitectura\tests\arquitectura-dian-testing.eunit@14:35-20:2)&#13;
	at (D:\git\201910-proyecto-grupo1\gramatica\instacia\CadenaArquitectura\tests\arquitectura-dian-testing.eunit@9:2-9:30)&#13;
	at (D:\git\201910-proyecto-grupo1\gramatica\instacia\CadenaArquitectura\tests\arquitectura-dian-testing.eunit@9:2-9:30)&#13;
	at (D:\git\201910-proyecto-grupo1\gramatica\instacia\CadenaArquitectura\tests\arquitectura-dian-testing.eunit@8:42-11:1)&#13;
	at (D:\git\201910-proyecto-grupo1\gramatica\instacia\CadenaArquitectura\tests\arquitectura-dian-testing.eunit@0:0-45:2)&#13;
&#13;
	at org.eclipse.epsilon.workflow.tasks.ExecutableModuleTask.executeImpl(ExecutableModuleTask.java:233)&#13;
	at org.eclipse.epsilon.workflow.tasks.EpsilonTask.execute(EpsilonTask.java:39)&#13;
	at org.apache.tools.ant.UnknownElement.execute(UnknownElement.java:293)&#13;
	at sun.reflect.GeneratedMethodAccessor121.invoke(Unknown Source)&#13;
	at sun.reflect.DelegatingMethodAccessorImpl.invoke(DelegatingMethodAccessorImpl.java:43)&#13;
	at java.lang.reflect.Method.invoke(Method.java:498)&#13;
	at org.apache.tools.ant.dispatch.DispatchUtils.execute(DispatchUtils.java:106)&#13;
	at org.apache.tools.ant.Task.perform(Task.java:348)&#13;
	at org.apache.tools.ant.Target.execute(Target.java:435)&#13;
	at org.apache.tools.ant.Target.performTasks(Target.java:456)&#13;
	at org.apache.tools.ant.Project.executeSortedTargets(Project.java:1405)&#13;
	at org.apache.tools.ant.Project.executeTarget(Project.java:1376)&#13;
	at org.eclipse.epsilon.workflow.tasks.EUnitTask$RunTargetOperationContributor.runTarget(EUnitTask.java:87)&#13;
	at sun.reflect.NativeMethodAccessorImpl.invoke0(Native Method)&#13;
	at sun.reflect.NativeMethodAccessorImpl.invoke(NativeMethodAccessorImpl.java:62)&#13;
	at sun.reflect.DelegatingMethodAccessorImpl.invoke(DelegatingMethodAccessorImpl.java:43)&#13;
	at java.lang.reflect.Method.invoke(Method.java:498)&#13;
	at org.eclipse.epsilon.eol.util.ReflectionUtil.executeMethod(ReflectionUtil.java:186)&#13;
	at org.eclipse.epsilon.eol.util.ReflectionUtil.executeMethod(ReflectionUtil.java:162)&#13;
	at org.eclipse.epsilon.eol.execute.introspection.java.ObjectMethod.execute(ObjectMethod.java:48)&#13;
	at org.eclipse.epsilon.eol.dom.OperationCallExpression.execute(OperationCallExpression.java:145)&#13;
	at org.eclipse.epsilon.eol.execute.ExecutorFactory.execute(ExecutorFactory.java:99)&#13;
	at org.eclipse.epsilon.eol.dom.ExpressionStatement.execute(ExpressionStatement.java:33)&#13;
	at org.eclipse.epsilon.eol.execute.ExecutorFactory.execute(ExecutorFactory.java:99)&#13;
	at org.eclipse.epsilon.eol.dom.StatementBlock.execute(StatementBlock.java:58)&#13;
	at org.eclipse.epsilon.eol.execute.ExecutorFactory.execute(ExecutorFactory.java:99)&#13;
	at org.eclipse.epsilon.eol.dom.Operation.executeBody(Operation.java:200)&#13;
	at org.eclipse.epsilon.eol.dom.Operation.execute(Operation.java:183)&#13;
	at org.eclipse.epsilon.eunit.EUnitModule.runLeafTestCase(EUnitModule.java:415)&#13;
	at org.eclipse.epsilon.eunit.EUnitModule.runSuiteInternal(EUnitModule.java:343)&#13;
	at org.eclipse.epsilon.eunit.EUnitModule.runSuite(EUnitModule.java:167)&#13;
	at org.eclipse.epsilon.eunit.EUnitModule.runInnerTestCase(EUnitModule.java:370)&#13;
	at org.eclipse.epsilon.eunit.EUnitModule.runSuiteInternal(EUnitModule.java:345)&#13;
	at org.eclipse.epsilon.eunit.EUnitModule.runSuite(EUnitModule.java:167)&#13;
	at org.eclipse.epsilon.eunit.EUnitModule.executeImpl(EUnitModule.java:128)&#13;
	at org.eclipse.epsilon.eol.execute.ExecutorFactory.execute(ExecutorFactory.java:102)&#13;
	at org.eclipse.epsilon.eol.EolModule.execute(EolModule.java:413)&#13;
	at org.eclipse.epsilon.workflow.tasks.ExecutableModuleTask.executeImpl(ExecutableModuleTask.java:216)&#13;
	at org.eclipse.epsilon.workflow.tasks.EpsilonTask.execute(EpsilonTask.java:39)&#13;
	at org.apache.tools.ant.UnknownElement.execute(UnknownElement.java:293)&#13;
	at sun.reflect.NativeMethodAccessorImpl.invoke0(Native Method)&#13;
	at sun.reflect.NativeMethodAccessorImpl.invoke(NativeMethodAccessorImpl.java:62)&#13;
	at sun.reflect.DelegatingMethodAccessorImpl.invoke(DelegatingMethodAccessorImpl.java:43)&#13;
	at java.lang.reflect.Method.invoke(Method.java:498)&#13;
	at org.apache.tools.ant.dispatch.DispatchUtils.execute(DispatchUtils.java:106)&#13;
	at org.apache.tools.ant.Task.perform(Task.java:348)&#13;
	at org.apache.tools.ant.Target.execute(Target.java:435)&#13;
	at org.apache.tools.ant.Target.performTasks(Target.java:456)&#13;
	at org.apache.tools.ant.Project.executeSortedTargets(Project.java:1405)&#13;
	at org.apache.tools.ant.Project.executeTarget(Project.java:1376)&#13;
	at org.apache.tools.ant.helper.DefaultExecutor.executeTargets(DefaultExecutor.java:41)&#13;
	at org.eclipse.ant.internal.core.ant.EclipseDefaultExecutor.executeTargets(EclipseDefaultExecutor.java:36)&#13;
	at org.apache.tools.ant.Project.executeTargets(Project.java:1260)&#13;
	at org.eclipse.ant.internal.core.ant.InternalAntRunner.run(InternalAntRunner.java:712)&#13;
	at org.eclipse.ant.internal.core.ant.InternalAntRunner.run(InternalAntRunner.java:532)&#13;
	at sun.reflect.NativeMethodAccessorImpl.invoke0(Native Method)&#13;
	at sun.reflect.NativeMethodAccessorImpl.invoke(NativeMethodAccessorImpl.java:62)&#13;
	at sun.reflect.DelegatingMethodAccessorImpl.invoke(DelegatingMethodAccessorImpl.java:43)&#13;
	at java.lang.reflect.Method.invoke(Method.java:498)&#13;
	at org.eclipse.ant.core.AntRunner.run(AntRunner.java:371)&#13;
	at org.eclipse.ant.internal.launching.launchConfigurations.AntLaunchDelegate$1.run(AntLaunchDelegate.java:270)&#13;
	at java.lang.Thread.run(Thread.java:745)&#13;
Caused by: D:\git\201910-proyecto-grupo1\gramatica\instacia\CadenaArquitectura\eunit.xml:46: Model 'Sql' not found&#13;
	... 62 more&#13;
Caused by: Model 'Sql' not found&#13;
	at org.eclipse.epsilon.eol.models.ModelGroup.&lt;init&gt;(ModelGroup.java:41)&#13;
	at org.eclipse.epsilon.eol.models.ModelRepository.getModelByName(ModelRepository.java:76)&#13;
	at org.eclipse.epsilon.workflow.tasks.ExecutableModuleTask.populateModelRepository(ExecutableModuleTask.java:137)&#13;
	at org.eclipse.epsilon.workflow.tasks.ExecutableModuleTask.configureModule(ExecutableModuleTask.java:112)&#13;
	at org.eclipse.epsilon.workflow.tasks.ExecutableModuleTask.executeImpl(ExecutableModuleTask.java:208)&#13;
	... 61 more&#13;
</error></testcase><testcase classname="default.arquitectura-dian-testing" name="transformationUnDelegado" time="0.0160000"><error message="Internal error: D:\git\201910-proyecto-grupo1\gramatica\instacia\CadenaArquitectura\eunit.xml:46: Model 'Sql' not found&#13;&#10;&#9;at org.eclipse.epsilon.workflow.tasks.ExecutableModuleTask.executeImpl[ExecutableModuleTask.java:233]&#13;&#10;&#9;at org.eclipse.epsilon.workflow.tasks.EpsilonTask.execute[EpsilonTask.java:39]&#13;&#10;&#9;at org.apache.tools.ant.UnknownElement.execute[UnknownElement.java:293]&#13;&#10;&#9;at sun.reflect.GeneratedMethodAccessor121.invoke[Unknown Source]&#13;&#10;&#9;at sun.reflect.DelegatingMethodAccessorImpl.invoke[DelegatingMethodAccessorImpl.java:43]&#13;&#10;&#9;at java.lang.reflect.Method.invoke[Method.java:498]&#13;&#10;&#9;at org.apache.tools.ant.dispatch.DispatchUtils.execute[DispatchUtils.java:106]&#13;&#10;&#9;at org.apache.tools.ant.Task.perform[Task.java:348]&#13;&#10;&#9;at org.apache.tools.ant.Target.execute[Target.java:435]&#13;&#10;&#9;at org.apache.tools.ant.Target.performTasks[Target.java:456]&#13;&#10;&#9;at org.apache.tools.ant.Project.executeSortedTargets[Project.java:1405]&#13;&#10;&#9;at org.apache.tools.ant.Project.executeTarget[Project.java:1376]&#13;&#10;&#9;at org.eclipse.epsilon.workflow.tasks.EUnitTask$RunTargetOperationContributor.runTarget[EUnitTask.java:87]&#13;&#10;&#9;at sun.reflect.NativeMethodAccessorImpl.invoke0[Native Method]&#13;&#10;&#9;at sun.reflect.NativeMethodAccessorImpl.invoke[NativeMethodAccessorImpl.java:62]&#13;&#10;&#9;at sun.reflect.DelegatingMethodAccessorImpl.invoke[DelegatingMethodAccessorImpl.java:43]&#13;&#10;&#9;at java.lang.reflect.Method.invoke[Method.java:498]&#13;&#10;&#9;at org.eclipse.epsilon.eol.util.ReflectionUtil.executeMethod[ReflectionUtil.java:186]&#13;&#10;&#9;at org.eclipse.epsilon.eol.util.ReflectionUtil.executeMethod[ReflectionUtil.java:162]&#13;&#10;&#9;at org.eclipse.epsilon.eol.execute.introspection.java.ObjectMethod.execute[ObjectMethod.java:48]&#13;&#10;&#9;at org.eclipse.epsilon.eol.dom.OperationCallExpression.execute[OperationCallExpression.java:145]&#13;&#10;&#9;at org.eclipse.epsilon.eol.execute.ExecutorFactory.execute[ExecutorFactory.java:99]&#13;&#10;&#9;at org.eclipse.epsilon.eol.dom.ExpressionStatement.execute[ExpressionStatement.java:33]&#13;&#10;&#9;at org.eclipse.epsilon.eol.execute.ExecutorFactory.execute[ExecutorFactory.java:99]&#13;&#10;&#9;at org.eclipse.epsilon.eol.dom.StatementBlock.execute[StatementBlock.java:58]&#13;&#10;&#9;at org.eclipse.epsilon.eol.execute.ExecutorFactory.execute[ExecutorFactory.java:99]&#13;&#10;&#9;at org.eclipse.epsilon.eol.dom.Operation.executeBody[Operation.java:200]&#13;&#10;&#9;at org.eclipse.epsilon.eol.dom.Operation.execute[Operation.java:183]&#13;&#10;&#9;at org.eclipse.epsilon.eunit.EUnitModule.runLeafTestCase[EUnitModule.java:415]&#13;&#10;&#9;at org.eclipse.epsilon.eunit.EUnitModule.runSuiteInternal[EUnitModule.java:343]&#13;&#10;&#9;at org.eclipse.epsilon.eunit.EUnitModule.runSuite[EUnitModule.java:167]&#13;&#10;&#9;at org.eclipse.epsilon.eunit.EUnitModule.runInnerTestCase[EUnitModule.java:370]&#13;&#10;&#9;at org.eclipse.epsilon.eunit.EUnitModule.runSuiteInternal[EUnitModule.java:345]&#13;&#10;&#9;at org.eclipse.epsilon.eunit.EUnitModule.runSuite[EUnitModule.java:167]&#13;&#10;&#9;at org.eclipse.epsilon.eunit.EUnitModule.executeImpl[EUnitModule.java:128]&#13;&#10;&#9;at org.eclipse.epsilon.eol.execute.ExecutorFactory.execute[ExecutorFactory.java:102]&#13;&#10;&#9;at org.eclipse.epsilon.eol.EolModule.execute[EolModule.java:413]&#13;&#10;&#9;at org.eclipse.epsilon.workflow.tasks.ExecutableModuleTask.executeImpl[ExecutableModuleTask.java:216]&#13;&#10;&#9;at org.eclipse.epsilon.workflow.tasks.EpsilonTask.execute[EpsilonTask.java:39]&#13;&#10;&#9;at org.apache.tools.ant.UnknownElement.execute[UnknownElement.java:293]&#13;&#10;&#9;at sun.reflect.NativeMethodAccessorImpl.invoke0[Native Method]&#13;&#10;&#9;at sun.reflect.NativeMethodAccessorImpl.invoke[NativeMethodAccessorImpl.java:62]&#13;&#10;&#9;at sun.reflect.DelegatingMethodAccessorImpl.invoke[DelegatingMethodAccessorImpl.java:43]&#13;&#10;&#9;at java.lang.reflect.Method.invoke[Method.java:498]&#13;&#10;&#9;at org.apache.tools.ant.dispatch.DispatchUtils.execute[DispatchUtils.java:106]&#13;&#10;&#9;at org.apache.tools.ant.Task.perform[Task.java:348]&#13;&#10;&#9;at org.apache.tools.ant.Target.execute[Target.java:435]&#13;&#10;&#9;at org.apache.tools.ant.Target.performTasks[Target.java:456]&#13;&#10;&#9;at org.apache.tools.ant.Project.executeSortedTargets[Project.java:1405]&#13;&#10;&#9;at org.apache.tools.ant.Project.executeTarget[Project.java:1376]&#13;&#10;&#9;at org.apache.tools.ant.helper.DefaultExecutor.executeTargets[DefaultExecutor.java:41]&#13;&#10;&#9;at org.eclipse.ant.internal.core.ant.EclipseDefaultExecutor.executeTargets[EclipseDefaultExecutor.java:36]&#13;&#10;&#9;at org.apache.tools.ant.Project.executeTargets[Project.java:1260]&#13;&#10;&#9;at org.eclipse.ant.internal.core.ant.InternalAntRunner.run[InternalAntRunner.java:712]&#13;&#10;&#9;at org.eclipse.ant.internal.core.ant.InternalAntRunner.run[InternalAntRunner.java:532]&#13;&#10;&#9;at sun.reflect.NativeMethodAccessorImpl.invoke0[Native Method]&#13;&#10;&#9;at sun.reflect.NativeMethodAccessorImpl.invoke[NativeMethodAccessorImpl.java:62]&#13;&#10;&#9;at sun.reflect.DelegatingMethodAccessorImpl.invoke[DelegatingMethodAccessorImpl.java:43]&#13;&#10;&#9;at java.lang.reflect.Method.invoke[Method.java:498]&#13;&#10;&#9;at org.eclipse.ant.core.AntRunner.run[AntRunner.java:371]&#13;&#10;&#9;at org.eclipse.ant.internal.launching.launchConfigurations.AntLaunchDelegate$1.run[AntLaunchDelegate.java:270]&#13;&#10;&#9;at java.lang.Thread.run[Thread.java:745]&#13;&#10;Caused by: Model 'Sql' not found&#13;&#10;&#9;at org.eclipse.epsilon.eol.models.ModelGroup.&lt;init&gt;[ModelGroup.java:41]&#13;&#10;&#9;at org.eclipse.epsilon.eol.models.ModelRepository.getModelByName[ModelRepository.java:76]&#13;&#10;&#9;at org.eclipse.epsilon.workflow.tasks.ExecutableModuleTask.populateModelRepository[ExecutableModuleTask.java:137]&#13;&#10;&#9;at org.eclipse.epsilon.workflow.tasks.ExecutableModuleTask.configureModule[ExecutableModuleTask.java:112]&#13;&#10;&#9;at org.eclipse.epsilon.workflow.tasks.ExecutableModuleTask.executeImpl[ExecutableModuleTask.java:208]&#13;&#10;&#9;... 61 more&#13;&#10;&#13;&#10;&#9;at (D:\git\201910-proyecto-grupo1\gramatica\instacia\CadenaArquitectura\tests\arquitectura-dian-testing.eunit@40:2-40:30)&#13;&#10;&#9;at (D:\git\201910-proyecto-grupo1\gramatica\instacia\CadenaArquitectura\tests\arquitectura-dian-testing.eunit@40:2-40:30)&#13;&#10;&#9;at (D:\git\201910-proyecto-grupo1\gramatica\instacia\CadenaArquitectura\tests\arquitectura-dian-testing.eunit@39:34-45:2)&#13;&#10;&#9;at (D:\git\201910-proyecto-grupo1\gramatica\instacia\CadenaArquitectura\tests\arquitectura-dian-testing.eunit@31:2-31:30)&#13;&#10;&#9;at (D:\git\201910-proyecto-grupo1\gramatica\instacia\CadenaArquitectura\tests\arquitectura-dian-testing.eunit@31:2-31:30)&#13;&#10;&#9;at (D:\git\201910-proyecto-grupo1\gramatica\instacia\CadenaArquitectura\tests\arquitectura-dian-testing.eunit@30:37-35:2)&#13;&#10;&#9;at (D:\git\201910-proyecto-grupo1\gramatica\instacia\CadenaArquitectura\tests\arquitectura-dian-testing.eunit@24:2-24:30)&#13;&#10;&#9;at (D:\git\201910-proyecto-grupo1\gramatica\instacia\CadenaArquitectura\tests\arquitectura-dian-testing.eunit@24:2-24:30)&#13;&#10;&#9;at (D:\git\201910-proyecto-grupo1\gramatica\instacia\CadenaArquitectura\tests\arquitectura-dian-testing.eunit@23:38-28:2)&#13;&#10;&#9;at (D:\git\201910-proyecto-grupo1\gramatica\instacia\CadenaArquitectura\tests\arquitectura-dian-testing.eunit@15:2-15:30)&#13;&#10;&#9;at (D:\git\201910-proyecto-grupo1\gramatica\instacia\CadenaArquitectura\tests\arquitectura-dian-testing.eunit@15:2-15:30)&#13;&#10;&#9;at (D:\git\201910-proyecto-grupo1\gramatica\instacia\CadenaArquitectura\tests\arquitectura-dian-testing.eunit@14:35-20:2)&#13;&#10;&#9;at (D:\git\201910-proyecto-grupo1\gramatica\instacia\CadenaArquitectura\tests\arquitectura-dian-testing.eunit@9:2-9:30)&#13;&#10;&#9;at (D:\git\201910-proyecto-grupo1\gramatica\instacia\CadenaArquitectura\tests\arquitectura-dian-testing.eunit@9:2-9:30)&#13;&#10;&#9;at (D:\git\201910-proyecto-grupo1\gramatica\instacia\CadenaArquitectura\tests\arquitectura-dian-testing.eunit@8:42-11:1)&#13;&#10;&#9;at (D:\git\201910-proyecto-grupo1\gramatica\instacia\CadenaArquitectura\tests\arquitectura-dian-testing.eunit@0:0-45:2)&#13;&#10;" type="org.eclipse.epsilon.eol.exceptions.EolInternalException">Internal error: D:\git\201910-proyecto-grupo1\gramatica\instacia\CadenaArquitectura\eunit.xml:46: Model 'Sql' not found&#13;
	at org.eclipse.epsilon.workflow.tasks.ExecutableModuleTask.executeImpl[ExecutableModuleTask.java:233]&#13;
	at org.eclipse.epsilon.workflow.tasks.EpsilonTask.execute[EpsilonTask.java:39]&#13;
	at org.apache.tools.ant.UnknownElement.execute[UnknownElement.java:293]&#13;
	at sun.reflect.GeneratedMethodAccessor121.invoke[Unknown Source]&#13;
	at sun.reflect.DelegatingMethodAccessorImpl.invoke[DelegatingMethodAccessorImpl.java:43]&#13;
	at java.lang.reflect.Method.invoke[Method.java:498]&#13;
	at org.apache.tools.ant.dispatch.DispatchUtils.execute[DispatchUtils.java:106]&#13;
	at org.apache.tools.ant.Task.perform[Task.java:348]&#13;
	at org.apache.tools.ant.Target.execute[Target.java:435]&#13;
	at org.apache.tools.ant.Target.performTasks[Target.java:456]&#13;
	at org.apache.tools.ant.Project.executeSortedTargets[Project.java:1405]&#13;
	at org.apache.tools.ant.Project.executeTarget[Project.java:1376]&#13;
	at org.eclipse.epsilon.workflow.tasks.EUnitTask$RunTargetOperationContributor.runTarget[EUnitTask.java:87]&#13;
	at sun.reflect.NativeMethodAccessorImpl.invoke0[Native Method]&#13;
	at sun.reflect.NativeMethodAccessorImpl.invoke[NativeMethodAccessorImpl.java:62]&#13;
	at sun.reflect.DelegatingMethodAccessorImpl.invoke[DelegatingMethodAccessorImpl.java:43]&#13;
	at java.lang.reflect.Method.invoke[Method.java:498]&#13;
	at org.eclipse.epsilon.eol.util.ReflectionUtil.executeMethod[ReflectionUtil.java:186]&#13;
	at org.eclipse.epsilon.eol.util.ReflectionUtil.executeMethod[ReflectionUtil.java:162]&#13;
	at org.eclipse.epsilon.eol.execute.introspection.java.ObjectMethod.execute[ObjectMethod.java:48]&#13;
	at org.eclipse.epsilon.eol.dom.OperationCallExpression.execute[OperationCallExpression.java:145]&#13;
	at org.eclipse.epsilon.eol.execute.ExecutorFactory.execute[ExecutorFactory.java:99]&#13;
	at org.eclipse.epsilon.eol.dom.ExpressionStatement.execute[ExpressionStatement.java:33]&#13;
	at org.eclipse.epsilon.eol.execute.ExecutorFactory.execute[ExecutorFactory.java:99]&#13;
	at org.eclipse.epsilon.eol.dom.StatementBlock.execute[StatementBlock.java:58]&#13;
	at org.eclipse.epsilon.eol.execute.ExecutorFactory.execute[ExecutorFactory.java:99]&#13;
	at org.eclipse.epsilon.eol.dom.Operation.executeBody[Operation.java:200]&#13;
	at org.eclipse.epsilon.eol.dom.Operation.execute[Operation.java:183]&#13;
	at org.eclipse.epsilon.eunit.EUnitModule.runLeafTestCase[EUnitModule.java:415]&#13;
	at org.eclipse.epsilon.eunit.EUnitModule.runSuiteInternal[EUnitModule.java:343]&#13;
	at org.eclipse.epsilon.eunit.EUnitModule.runSuite[EUnitModule.java:167]&#13;
	at org.eclipse.epsilon.eunit.EUnitModule.runInnerTestCase[EUnitModule.java:370]&#13;
	at org.eclipse.epsilon.eunit.EUnitModule.runSuiteInternal[EUnitModule.java:345]&#13;
	at org.eclipse.epsilon.eunit.EUnitModule.runSuite[EUnitModule.java:167]&#13;
	at org.eclipse.epsilon.eunit.EUnitModule.executeImpl[EUnitModule.java:128]&#13;
	at org.eclipse.epsilon.eol.execute.ExecutorFactory.execute[ExecutorFactory.java:102]&#13;
	at org.eclipse.epsilon.eol.EolModule.execute[EolModule.java:413]&#13;
	at org.eclipse.epsilon.workflow.tasks.ExecutableModuleTask.executeImpl[ExecutableModuleTask.java:216]&#13;
	at org.eclipse.epsilon.workflow.tasks.EpsilonTask.execute[EpsilonTask.java:39]&#13;
	at org.apache.tools.ant.UnknownElement.execute[UnknownElement.java:293]&#13;
	at sun.reflect.NativeMethodAccessorImpl.invoke0[Native Method]&#13;
	at sun.reflect.NativeMethodAccessorImpl.invoke[NativeMethodAccessorImpl.java:62]&#13;
	at sun.reflect.DelegatingMethodAccessorImpl.invoke[DelegatingMethodAccessorImpl.java:43]&#13;
	at java.lang.reflect.Method.invoke[Method.java:498]&#13;
	at org.apache.tools.ant.dispatch.DispatchUtils.execute[DispatchUtils.java:106]&#13;
	at org.apache.tools.ant.Task.perform[Task.java:348]&#13;
	at org.apache.tools.ant.Target.execute[Target.java:435]&#13;
	at org.apache.tools.ant.Target.performTasks[Target.java:456]&#13;
	at org.apache.tools.ant.Project.executeSortedTargets[Project.java:1405]&#13;
	at org.apache.tools.ant.Project.executeTarget[Project.java:1376]&#13;
	at org.apache.tools.ant.helper.DefaultExecutor.executeTargets[DefaultExecutor.java:41]&#13;
	at org.eclipse.ant.internal.core.ant.EclipseDefaultExecutor.executeTargets[EclipseDefaultExecutor.java:36]&#13;
	at org.apache.tools.ant.Project.executeTargets[Project.java:1260]&#13;
	at org.eclipse.ant.internal.core.ant.InternalAntRunner.run[InternalAntRunner.java:712]&#13;
	at org.eclipse.ant.internal.core.ant.InternalAntRunner.run[InternalAntRunner.java:532]&#13;
	at sun.reflect.NativeMethodAccessorImpl.invoke0[Native Method]&#13;
	at sun.reflect.NativeMethodAccessorImpl.invoke[NativeMethodAccessorImpl.java:62]&#13;
	at sun.reflect.DelegatingMethodAccessorImpl.invoke[DelegatingMethodAccessorImpl.java:43]&#13;
	at java.lang.reflect.Method.invoke[Method.java:498]&#13;
	at org.eclipse.ant.core.AntRunner.run[AntRunner.java:371]&#13;
	at org.eclipse.ant.internal.launching.launchConfigurations.AntLaunchDelegate$1.run[AntLaunchDelegate.java:270]&#13;
	at java.lang.Thread.run[Thread.java:745]&#13;
Caused by: Model 'Sql' not found&#13;
	at org.eclipse.epsilon.eol.models.ModelGroup.&lt;init&gt;[ModelGroup.java:41]&#13;
	at org.eclipse.epsilon.eol.models.ModelRepository.getModelByName[ModelRepository.java:76]&#13;
	at org.eclipse.epsilon.workflow.tasks.ExecutableModuleTask.populateModelRepository[ExecutableModuleTask.java:137]&#13;
	at org.eclipse.epsilon.workflow.tasks.ExecutableModuleTask.configureModule[ExecutableModuleTask.java:112]&#13;
	at org.eclipse.epsilon.workflow.tasks.ExecutableModuleTask.executeImpl[ExecutableModuleTask.java:208]&#13;
	... 61 more&#13;
&#13;
	at (D:\git\201910-proyecto-grupo1\gramatica\instacia\CadenaArquitectura\tests\arquitectura-dian-testing.eunit@40:2-40:30)&#13;
	at (D:\git\201910-proyecto-grupo1\gramatica\instacia\CadenaArquitectura\tests\arquitectura-dian-testing.eunit@40:2-40:30)&#13;
	at (D:\git\201910-proyecto-grupo1\gramatica\instacia\CadenaArquitectura\tests\arquitectura-dian-testing.eunit@39:34-45:2)&#13;
	at (D:\git\201910-proyecto-grupo1\gramatica\instacia\CadenaArquitectura\tests\arquitectura-dian-testing.eunit@31:2-31:30)&#13;
	at (D:\git\201910-proyecto-grupo1\gramatica\instacia\CadenaArquitectura\tests\arquitectura-dian-testing.eunit@31:2-31:30)&#13;
	at (D:\git\201910-proyecto-grupo1\gramatica\instacia\CadenaArquitectura\tests\arquitectura-dian-testing.eunit@30:37-35:2)&#13;
	at (D:\git\201910-proyecto-grupo1\gramatica\instacia\CadenaArquitectura\tests\arquitectura-dian-testing.eunit@24:2-24:30)&#13;
	at (D:\git\201910-proyecto-grupo1\gramatica\instacia\CadenaArquitectura\tests\arquitectura-dian-testing.eunit@24:2-24:30)&#13;
	at (D:\git\201910-proyecto-grupo1\gramatica\instacia\CadenaArquitectura\tests\arquitectura-dian-testing.eunit@23:38-28:2)&#13;
	at (D:\git\201910-proyecto-grupo1\gramatica\instacia\CadenaArquitectura\tests\arquitectura-dian-testing.eunit@15:2-15:30)&#13;
	at (D:\git\201910-proyecto-grupo1\gramatica\instacia\CadenaArquitectura\tests\arquitectura-dian-testing.eunit@15:2-15:30)&#13;
	at (D:\git\201910-proyecto-grupo1\gramatica\instacia\CadenaArquitectura\tests\arquitectura-dian-testing.eunit@14:35-20:2)&#13;
	at (D:\git\201910-proyecto-grupo1\gramatica\instacia\CadenaArquitectura\tests\arquitectura-dian-testing.eunit@9:2-9:30)&#13;
	at (D:\git\201910-proyecto-grupo1\gramatica\instacia\CadenaArquitectura\tests\arquitectura-dian-testing.eunit@9:2-9:30)&#13;
	at (D:\git\201910-proyecto-grupo1\gramatica\instacia\CadenaArquitectura\tests\arquitectura-dian-testing.eunit@8:42-11:1)&#13;
	at (D:\git\201910-proyecto-grupo1\gramatica\instacia\CadenaArquitectura\tests\arquitectura-dian-testing.eunit@0:0-45:2)&#13;
&#13;
	at org.eclipse.epsilon.workflow.tasks.ExecutableModuleTask.executeImpl(ExecutableModuleTask.java:233)&#13;
	at org.eclipse.epsilon.workflow.tasks.EpsilonTask.execute(EpsilonTask.java:39)&#13;
	at org.apache.tools.ant.UnknownElement.execute(UnknownElement.java:293)&#13;
	at sun.reflect.GeneratedMethodAccessor121.invoke(Unknown Source)&#13;
	at sun.reflect.DelegatingMethodAccessorImpl.invoke(DelegatingMethodAccessorImpl.java:43)&#13;
	at java.lang.reflect.Method.invoke(Method.java:498)&#13;
	at org.apache.tools.ant.dispatch.DispatchUtils.execute(DispatchUtils.java:106)&#13;
	at org.apache.tools.ant.Task.perform(Task.java:348)&#13;
	at org.apache.tools.ant.Target.execute(Target.java:435)&#13;
	at org.apache.tools.ant.Target.performTasks(Target.java:456)&#13;
	at org.apache.tools.ant.Project.executeSortedTargets(Project.java:1405)&#13;
	at org.apache.tools.ant.Project.executeTarget(Project.java:1376)&#13;
	at org.eclipse.epsilon.workflow.tasks.EUnitTask$RunTargetOperationContributor.runTarget(EUnitTask.java:87)&#13;
	at sun.reflect.NativeMethodAccessorImpl.invoke0(Native Method)&#13;
	at sun.reflect.NativeMethodAccessorImpl.invoke(NativeMethodAccessorImpl.java:62)&#13;
	at sun.reflect.DelegatingMethodAccessorImpl.invoke(DelegatingMethodAccessorImpl.java:43)&#13;
	at java.lang.reflect.Method.invoke(Method.java:498)&#13;
	at org.eclipse.epsilon.eol.util.ReflectionUtil.executeMethod(ReflectionUtil.java:186)&#13;
	at org.eclipse.epsilon.eol.util.ReflectionUtil.executeMethod(ReflectionUtil.java:162)&#13;
	at org.eclipse.epsilon.eol.execute.introspection.java.ObjectMethod.execute(ObjectMethod.java:48)&#13;
	at org.eclipse.epsilon.eol.dom.OperationCallExpression.execute(OperationCallExpression.java:145)&#13;
	at org.eclipse.epsilon.eol.execute.ExecutorFactory.execute(ExecutorFactory.java:99)&#13;
	at org.eclipse.epsilon.eol.dom.ExpressionStatement.execute(ExpressionStatement.java:33)&#13;
	at org.eclipse.epsilon.eol.execute.ExecutorFactory.execute(ExecutorFactory.java:99)&#13;
	at org.eclipse.epsilon.eol.dom.StatementBlock.execute(StatementBlock.java:58)&#13;
	at org.eclipse.epsilon.eol.execute.ExecutorFactory.execute(ExecutorFactory.java:99)&#13;
	at org.eclipse.epsilon.eol.dom.Operation.executeBody(Operation.java:200)&#13;
	at org.eclipse.epsilon.eol.dom.Operation.execute(Operation.java:183)&#13;
	at org.eclipse.epsilon.eunit.EUnitModule.runLeafTestCase(EUnitModule.java:415)&#13;
	at org.eclipse.epsilon.eunit.EUnitModule.runSuiteInternal(EUnitModule.java:343)&#13;
	at org.eclipse.epsilon.eunit.EUnitModule.runSuite(EUnitModule.java:167)&#13;
	at org.eclipse.epsilon.eunit.EUnitModule.runInnerTestCase(EUnitModule.java:370)&#13;
	at org.eclipse.epsilon.eunit.EUnitModule.runSuiteInternal(EUnitModule.java:345)&#13;
	at org.eclipse.epsilon.eunit.EUnitModule.runSuite(EUnitModule.java:167)&#13;
	at org.eclipse.epsilon.eunit.EUnitModule.executeImpl(EUnitModule.java:128)&#13;
	at org.eclipse.epsilon.eol.execute.ExecutorFactory.execute(ExecutorFactory.java:102)&#13;
	at org.eclipse.epsilon.eol.EolModule.execute(EolModule.java:413)&#13;
	at org.eclipse.epsilon.workflow.tasks.ExecutableModuleTask.executeImpl(ExecutableModuleTask.java:216)&#13;
	at org.eclipse.epsilon.workflow.tasks.EpsilonTask.execute(EpsilonTask.java:39)&#13;
	at org.apache.tools.ant.UnknownElement.execute(UnknownElement.java:293)&#13;
	at sun.reflect.NativeMethodAccessorImpl.invoke0(Native Method)&#13;
	at sun.reflect.NativeMethodAccessorImpl.invoke(NativeMethodAccessorImpl.java:62)&#13;
	at sun.reflect.DelegatingMethodAccessorImpl.invoke(DelegatingMethodAccessorImpl.java:43)&#13;
	at java.lang.reflect.Method.invoke(Method.java:498)&#13;
	at org.apache.tools.ant.dispatch.DispatchUtils.execute(DispatchUtils.java:106)&#13;
	at org.apache.tools.ant.Task.perform(Task.java:348)&#13;
	at org.apache.tools.ant.Target.execute(Target.java:435)&#13;
	at org.apache.tools.ant.Target.performTasks(Target.java:456)&#13;
	at org.apache.tools.ant.Project.executeSortedTargets(Project.java:1405)&#13;
	at org.apache.tools.ant.Project.executeTarget(Project.java:1376)&#13;
	at org.apache.tools.ant.helper.DefaultExecutor.executeTargets(DefaultExecutor.java:41)&#13;
	at org.eclipse.ant.internal.core.ant.EclipseDefaultExecutor.executeTargets(EclipseDefaultExecutor.java:36)&#13;
	at org.apache.tools.ant.Project.executeTargets(Project.java:1260)&#13;
	at org.eclipse.ant.internal.core.ant.InternalAntRunner.run(InternalAntRunner.java:712)&#13;
	at org.eclipse.ant.internal.core.ant.InternalAntRunner.run(InternalAntRunner.java:532)&#13;
	at sun.reflect.NativeMethodAccessorImpl.invoke0(Native Method)&#13;
	at sun.reflect.NativeMethodAccessorImpl.invoke(NativeMethodAccessorImpl.java:62)&#13;
	at sun.reflect.DelegatingMethodAccessorImpl.invoke(DelegatingMethodAccessorImpl.java:43)&#13;
	at java.lang.reflect.Method.invoke(Method.java:498)&#13;
	at org.eclipse.ant.core.AntRunner.run(AntRunner.java:371)&#13;
	at org.eclipse.ant.internal.launching.launchConfigurations.AntLaunchDelegate$1.run(AntLaunchDelegate.java:270)&#13;
	at java.lang.Thread.run(Thread.java:745)&#13;
Caused by: D:\git\201910-proyecto-grupo1\gramatica\instacia\CadenaArquitectura\eunit.xml:46: Model 'Sql' not found&#13;
	... 62 more&#13;
Caused by: Model 'Sql' not found&#13;
	at org.eclipse.epsilon.eol.models.ModelGroup.&lt;init&gt;(ModelGroup.java:41)&#13;
	at org.eclipse.epsilon.eol.models.ModelRepository.getModelByName(ModelRepository.java:76)&#13;
	at org.eclipse.epsilon.workflow.tasks.ExecutableModuleTask.populateModelRepository(ExecutableModuleTask.java:137)&#13;
	at org.eclipse.epsilon.workflow.tasks.ExecutableModuleTask.configureModule(ExecutableModuleTask.java:112)&#13;
	at org.eclipse.epsilon.workflow.tasks.ExecutableModuleTask.executeImpl(ExecutableModuleTask.java:208)&#13;
	... 61 more&#13;
</error></testcase><testcase classname="default.arquitectura-dian-testing" name="transformationUnXhtml" time="0.0150000"><error message="Internal error: D:\git\201910-proyecto-grupo1\gramatica\instacia\CadenaArquitectura\eunit.xml:46: Model 'Sql' not found&#13;&#10;&#9;at org.eclipse.epsilon.workflow.tasks.ExecutableModuleTask.executeImpl[ExecutableModuleTask.java:233]&#13;&#10;&#9;at org.eclipse.epsilon.workflow.tasks.EpsilonTask.execute[EpsilonTask.java:39]&#13;&#10;&#9;at org.apache.tools.ant.UnknownElement.execute[UnknownElement.java:293]&#13;&#10;&#9;at sun.reflect.GeneratedMethodAccessor121.invoke[Unknown Source]&#13;&#10;&#9;at sun.reflect.DelegatingMethodAccessorImpl.invoke[DelegatingMethodAccessorImpl.java:43]&#13;&#10;&#9;at java.lang.reflect.Method.invoke[Method.java:498]&#13;&#10;&#9;at org.apache.tools.ant.dispatch.DispatchUtils.execute[DispatchUtils.java:106]&#13;&#10;&#9;at org.apache.tools.ant.Task.perform[Task.java:348]&#13;&#10;&#9;at org.apache.tools.ant.Target.execute[Target.java:435]&#13;&#10;&#9;at org.apache.tools.ant.Target.performTasks[Target.java:456]&#13;&#10;&#9;at org.apache.tools.ant.Project.executeSortedTargets[Project.java:1405]&#13;&#10;&#9;at org.apache.tools.ant.Project.executeTarget[Project.java:1376]&#13;&#10;&#9;at org.eclipse.epsilon.workflow.tasks.EUnitTask$RunTargetOperationContributor.runTarget[EUnitTask.java:87]&#13;&#10;&#9;at sun.reflect.NativeMethodAccessorImpl.invoke0[Native Method]&#13;&#10;&#9;at sun.reflect.NativeMethodAccessorImpl.invoke[NativeMethodAccessorImpl.java:62]&#13;&#10;&#9;at sun.reflect.DelegatingMethodAccessorImpl.invoke[DelegatingMethodAccessorImpl.java:43]&#13;&#10;&#9;at java.lang.reflect.Method.invoke[Method.java:498]&#13;&#10;&#9;at org.eclipse.epsilon.eol.util.ReflectionUtil.executeMethod[ReflectionUtil.java:186]&#13;&#10;&#9;at org.eclipse.epsilon.eol.util.ReflectionUtil.executeMethod[ReflectionUtil.java:162]&#13;&#10;&#9;at org.eclipse.epsilon.eol.execute.introspection.java.ObjectMethod.execute[ObjectMethod.java:48]&#13;&#10;&#9;at org.eclipse.epsilon.eol.dom.OperationCallExpression.execute[OperationCallExpression.java:145]&#13;&#10;&#9;at org.eclipse.epsilon.eol.execute.ExecutorFactory.execute[ExecutorFactory.java:99]&#13;&#10;&#9;at org.eclipse.epsilon.eol.dom.ExpressionStatement.execute[ExpressionStatement.java:33]&#13;&#10;&#9;at org.eclipse.epsilon.eol.execute.ExecutorFactory.execute[ExecutorFactory.java:99]&#13;&#10;&#9;at org.eclipse.epsilon.eol.dom.StatementBlock.execute[StatementBlock.java:58]&#13;&#10;&#9;at org.eclipse.epsilon.eol.execute.ExecutorFactory.execute[ExecutorFactory.java:99]&#13;&#10;&#9;at org.eclipse.epsilon.eol.dom.Operation.executeBody[Operation.java:200]&#13;&#10;&#9;at org.eclipse.epsilon.eol.dom.Operation.execute[Operation.java:183]&#13;&#10;&#9;at org.eclipse.epsilon.eunit.EUnitModule.runLeafTestCase[EUnitModule.java:415]&#13;&#10;&#9;at org.eclipse.epsilon.eunit.EUnitModule.runSuiteInternal[EUnitModule.java:343]&#13;&#10;&#9;at org.eclipse.epsilon.eunit.EUnitModule.runSuite[EUnitModule.java:167]&#13;&#10;&#9;at org.eclipse.epsilon.eunit.EUnitModule.runInnerTestCase[EUnitModule.java:370]&#13;&#10;&#9;at org.eclipse.epsilon.eunit.EUnitModule.runSuiteInternal[EUnitModule.java:345]&#13;&#10;&#9;at org.eclipse.epsilon.eunit.EUnitModule.runSuite[EUnitModule.java:167]&#13;&#10;&#9;at org.eclipse.epsilon.eunit.EUnitModule.executeImpl[EUnitModule.java:128]&#13;&#10;&#9;at org.eclipse.epsilon.eol.execute.ExecutorFactory.execute[ExecutorFactory.java:102]&#13;&#10;&#9;at org.eclipse.epsilon.eol.EolModule.execute[EolModule.java:413]&#13;&#10;&#9;at org.eclipse.epsilon.workflow.tasks.ExecutableModuleTask.executeImpl[ExecutableModuleTask.java:216]&#13;&#10;&#9;at org.eclipse.epsilon.workflow.tasks.EpsilonTask.execute[EpsilonTask.java:39]&#13;&#10;&#9;at org.apache.tools.ant.UnknownElement.execute[UnknownElement.java:293]&#13;&#10;&#9;at sun.reflect.NativeMethodAccessorImpl.invoke0[Native Method]&#13;&#10;&#9;at sun.reflect.NativeMethodAccessorImpl.invoke[NativeMethodAccessorImpl.java:62]&#13;&#10;&#9;at sun.reflect.DelegatingMethodAccessorImpl.invoke[DelegatingMethodAccessorImpl.java:43]&#13;&#10;&#9;at java.lang.reflect.Method.invoke[Method.java:498]&#13;&#10;&#9;at org.apache.tools.ant.dispatch.DispatchUtils.execute[DispatchUtils.java:106]&#13;&#10;&#9;at org.apache.tools.ant.Task.perform[Task.java:348]&#13;&#10;&#9;at org.apache.tools.ant.Target.execute[Target.java:435]&#13;&#10;&#9;at org.apache.tools.ant.Target.performTasks[Target.java:456]&#13;&#10;&#9;at org.apache.tools.ant.Project.executeSortedTargets[Project.java:1405]&#13;&#10;&#9;at org.apache.tools.ant.Project.executeTarget[Project.java:1376]&#13;&#10;&#9;at org.apache.tools.ant.helper.DefaultExecutor.executeTargets[DefaultExecutor.java:41]&#13;&#10;&#9;at org.eclipse.ant.internal.core.ant.EclipseDefaultExecutor.executeTargets[EclipseDefaultExecutor.java:36]&#13;&#10;&#9;at org.apache.tools.ant.Project.executeTargets[Project.java:1260]&#13;&#10;&#9;at org.eclipse.ant.internal.core.ant.InternalAntRunner.run[InternalAntRunner.java:712]&#13;&#10;&#9;at org.eclipse.ant.internal.core.ant.InternalAntRunner.run[InternalAntRunner.java:532]&#13;&#10;&#9;at sun.reflect.NativeMethodAccessorImpl.invoke0[Native Method]&#13;&#10;&#9;at sun.reflect.NativeMethodAccessorImpl.invoke[NativeMethodAccessorImpl.java:62]&#13;&#10;&#9;at sun.reflect.DelegatingMethodAccessorImpl.invoke[DelegatingMethodAccessorImpl.java:43]&#13;&#10;&#9;at java.lang.reflect.Method.invoke[Method.java:498]&#13;&#10;&#9;at org.eclipse.ant.core.AntRunner.run[AntRunner.java:371]&#13;&#10;&#9;at org.eclipse.ant.internal.launching.launchConfigurations.AntLaunchDelegate$1.run[AntLaunchDelegate.java:270]&#13;&#10;&#9;at java.lang.Thread.run[Thread.java:745]&#13;&#10;Caused by: Model 'Sql' not found&#13;&#10;&#9;at org.eclipse.epsilon.eol.models.ModelGroup.&lt;init&gt;[ModelGroup.java:41]&#13;&#10;&#9;at org.eclipse.epsilon.eol.models.ModelRepository.getModelByName[ModelRepository.java:76]&#13;&#10;&#9;at org.eclipse.epsilon.workflow.tasks.ExecutableModuleTask.populateModelRepository[ExecutableModuleTask.java:137]&#13;&#10;&#9;at org.eclipse.epsilon.workflow.tasks.ExecutableModuleTask.configureModule[ExecutableModuleTask.java:112]&#13;&#10;&#9;at org.eclipse.epsilon.workflow.tasks.ExecutableModuleTask.executeImpl[ExecutableModuleTask.java:208]&#13;&#10;&#9;... 61 more&#13;&#10;&#13;&#10;&#9;at (D:\git\201910-proyecto-grupo1\gramatica\instacia\CadenaArquitectura\tests\arquitectura-dian-testing.eunit@40:2-40:30)&#13;&#10;&#9;at (D:\git\201910-proyecto-grupo1\gramatica\instacia\CadenaArquitectura\tests\arquitectura-dian-testing.eunit@40:2-40:30)&#13;&#10;&#9;at (D:\git\201910-proyecto-grupo1\gramatica\instacia\CadenaArquitectura\tests\arquitectura-dian-testing.eunit@39:34-45:2)&#13;&#10;&#9;at (D:\git\201910-proyecto-grupo1\gramatica\instacia\CadenaArquitectura\tests\arquitectura-dian-testing.eunit@31:2-31:30)&#13;&#10;&#9;at (D:\git\201910-proyecto-grupo1\gramatica\instacia\CadenaArquitectura\tests\arquitectura-dian-testing.eunit@31:2-31:30)&#13;&#10;&#9;at (D:\git\201910-proyecto-grupo1\gramatica\instacia\CadenaArquitectura\tests\arquitectura-dian-testing.eunit@30:37-35:2)&#13;&#10;&#9;at (D:\git\201910-proyecto-grupo1\gramatica\instacia\CadenaArquitectura\tests\arquitectura-dian-testing.eunit@24:2-24:30)&#13;&#10;&#9;at (D:\git\201910-proyecto-grupo1\gramatica\instacia\CadenaArquitectura\tests\arquitectura-dian-testing.eunit@24:2-24:30)&#13;&#10;&#9;at (D:\git\201910-proyecto-grupo1\gramatica\instacia\CadenaArquitectura\tests\arquitectura-dian-testing.eunit@23:38-28:2)&#13;&#10;&#9;at (D:\git\201910-proyecto-grupo1\gramatica\instacia\CadenaArquitectura\tests\arquitectura-dian-testing.eunit@15:2-15:30)&#13;&#10;&#9;at (D:\git\201910-proyecto-grupo1\gramatica\instacia\CadenaArquitectura\tests\arquitectura-dian-testing.eunit@15:2-15:30)&#13;&#10;&#9;at (D:\git\201910-proyecto-grupo1\gramatica\instacia\CadenaArquitectura\tests\arquitectura-dian-testing.eunit@14:35-20:2)&#13;&#10;&#9;at (D:\git\201910-proyecto-grupo1\gramatica\instacia\CadenaArquitectura\tests\arquitectura-dian-testing.eunit@9:2-9:30)&#13;&#10;&#9;at (D:\git\201910-proyecto-grupo1\gramatica\instacia\CadenaArquitectura\tests\arquitectura-dian-testing.eunit@9:2-9:30)&#13;&#10;&#9;at (D:\git\201910-proyecto-grupo1\gramatica\instacia\CadenaArquitectura\tests\arquitectura-dian-testing.eunit@8:42-11:1)&#13;&#10;&#9;at (D:\git\201910-proyecto-grupo1\gramatica\instacia\CadenaArquitectura\tests\arquitectura-dian-testing.eunit@0:0-45:2)&#13;&#10;" type="org.eclipse.epsilon.eol.exceptions.EolInternalException">Internal error: D:\git\201910-proyecto-grupo1\gramatica\instacia\CadenaArquitectura\eunit.xml:46: Model 'Sql' not found&#13;
	at org.eclipse.epsilon.workflow.tasks.ExecutableModuleTask.executeImpl[ExecutableModuleTask.java:233]&#13;
	at org.eclipse.epsilon.workflow.tasks.EpsilonTask.execute[EpsilonTask.java:39]&#13;
	at org.apache.tools.ant.UnknownElement.execute[UnknownElement.java:293]&#13;
	at sun.reflect.GeneratedMethodAccessor121.invoke[Unknown Source]&#13;
	at sun.reflect.DelegatingMethodAccessorImpl.invoke[DelegatingMethodAccessorImpl.java:43]&#13;
	at java.lang.reflect.Method.invoke[Method.java:498]&#13;
	at org.apache.tools.ant.dispatch.DispatchUtils.execute[DispatchUtils.java:106]&#13;
	at org.apache.tools.ant.Task.perform[Task.java:348]&#13;
	at org.apache.tools.ant.Target.execute[Target.java:435]&#13;
	at org.apache.tools.ant.Target.performTasks[Target.java:456]&#13;
	at org.apache.tools.ant.Project.executeSortedTargets[Project.java:1405]&#13;
	at org.apache.tools.ant.Project.executeTarget[Project.java:1376]&#13;
	at org.eclipse.epsilon.workflow.tasks.EUnitTask$RunTargetOperationContributor.runTarget[EUnitTask.java:87]&#13;
	at sun.reflect.NativeMethodAccessorImpl.invoke0[Native Method]&#13;
	at sun.reflect.NativeMethodAccessorImpl.invoke[NativeMethodAccessorImpl.java:62]&#13;
	at sun.reflect.DelegatingMethodAccessorImpl.invoke[DelegatingMethodAccessorImpl.java:43]&#13;
	at java.lang.reflect.Method.invoke[Method.java:498]&#13;
	at org.eclipse.epsilon.eol.util.ReflectionUtil.executeMethod[ReflectionUtil.java:186]&#13;
	at org.eclipse.epsilon.eol.util.ReflectionUtil.executeMethod[ReflectionUtil.java:162]&#13;
	at org.eclipse.epsilon.eol.execute.introspection.java.ObjectMethod.execute[ObjectMethod.java:48]&#13;
	at org.eclipse.epsilon.eol.dom.OperationCallExpression.execute[OperationCallExpression.java:145]&#13;
	at org.eclipse.epsilon.eol.execute.ExecutorFactory.execute[ExecutorFactory.java:99]&#13;
	at org.eclipse.epsilon.eol.dom.ExpressionStatement.execute[ExpressionStatement.java:33]&#13;
	at org.eclipse.epsilon.eol.execute.ExecutorFactory.execute[ExecutorFactory.java:99]&#13;
	at org.eclipse.epsilon.eol.dom.StatementBlock.execute[StatementBlock.java:58]&#13;
	at org.eclipse.epsilon.eol.execute.ExecutorFactory.execute[ExecutorFactory.java:99]&#13;
	at org.eclipse.epsilon.eol.dom.Operation.executeBody[Operation.java:200]&#13;
	at org.eclipse.epsilon.eol.dom.Operation.execute[Operation.java:183]&#13;
	at org.eclipse.epsilon.eunit.EUnitModule.runLeafTestCase[EUnitModule.java:415]&#13;
	at org.eclipse.epsilon.eunit.EUnitModule.runSuiteInternal[EUnitModule.java:343]&#13;
	at org.eclipse.epsilon.eunit.EUnitModule.runSuite[EUnitModule.java:167]&#13;
	at org.eclipse.epsilon.eunit.EUnitModule.runInnerTestCase[EUnitModule.java:370]&#13;
	at org.eclipse.epsilon.eunit.EUnitModule.runSuiteInternal[EUnitModule.java:345]&#13;
	at org.eclipse.epsilon.eunit.EUnitModule.runSuite[EUnitModule.java:167]&#13;
	at org.eclipse.epsilon.eunit.EUnitModule.executeImpl[EUnitModule.java:128]&#13;
	at org.eclipse.epsilon.eol.execute.ExecutorFactory.execute[ExecutorFactory.java:102]&#13;
	at org.eclipse.epsilon.eol.EolModule.execute[EolModule.java:413]&#13;
	at org.eclipse.epsilon.workflow.tasks.ExecutableModuleTask.executeImpl[ExecutableModuleTask.java:216]&#13;
	at org.eclipse.epsilon.workflow.tasks.EpsilonTask.execute[EpsilonTask.java:39]&#13;
	at org.apache.tools.ant.UnknownElement.execute[UnknownElement.java:293]&#13;
	at sun.reflect.NativeMethodAccessorImpl.invoke0[Native Method]&#13;
	at sun.reflect.NativeMethodAccessorImpl.invoke[NativeMethodAccessorImpl.java:62]&#13;
	at sun.reflect.DelegatingMethodAccessorImpl.invoke[DelegatingMethodAccessorImpl.java:43]&#13;
	at java.lang.reflect.Method.invoke[Method.java:498]&#13;
	at org.apache.tools.ant.dispatch.DispatchUtils.execute[DispatchUtils.java:106]&#13;
	at org.apache.tools.ant.Task.perform[Task.java:348]&#13;
	at org.apache.tools.ant.Target.execute[Target.java:435]&#13;
	at org.apache.tools.ant.Target.performTasks[Target.java:456]&#13;
	at org.apache.tools.ant.Project.executeSortedTargets[Project.java:1405]&#13;
	at org.apache.tools.ant.Project.executeTarget[Project.java:1376]&#13;
	at org.apache.tools.ant.helper.DefaultExecutor.executeTargets[DefaultExecutor.java:41]&#13;
	at org.eclipse.ant.internal.core.ant.EclipseDefaultExecutor.executeTargets[EclipseDefaultExecutor.java:36]&#13;
	at org.apache.tools.ant.Project.executeTargets[Project.java:1260]&#13;
	at org.eclipse.ant.internal.core.ant.InternalAntRunner.run[InternalAntRunner.java:712]&#13;
	at org.eclipse.ant.internal.core.ant.InternalAntRunner.run[InternalAntRunner.java:532]&#13;
	at sun.reflect.NativeMethodAccessorImpl.invoke0[Native Method]&#13;
	at sun.reflect.NativeMethodAccessorImpl.invoke[NativeMethodAccessorImpl.java:62]&#13;
	at sun.reflect.DelegatingMethodAccessorImpl.invoke[DelegatingMethodAccessorImpl.java:43]&#13;
	at java.lang.reflect.Method.invoke[Method.java:498]&#13;
	at org.eclipse.ant.core.AntRunner.run[AntRunner.java:371]&#13;
	at org.eclipse.ant.internal.launching.launchConfigurations.AntLaunchDelegate$1.run[AntLaunchDelegate.java:270]&#13;
	at java.lang.Thread.run[Thread.java:745]&#13;
Caused by: Model 'Sql' not found&#13;
	at org.eclipse.epsilon.eol.models.ModelGroup.&lt;init&gt;[ModelGroup.java:41]&#13;
	at org.eclipse.epsilon.eol.models.ModelRepository.getModelByName[ModelRepository.java:76]&#13;
	at org.eclipse.epsilon.workflow.tasks.ExecutableModuleTask.populateModelRepository[ExecutableModuleTask.java:137]&#13;
	at org.eclipse.epsilon.workflow.tasks.ExecutableModuleTask.configureModule[ExecutableModuleTask.java:112]&#13;
	at org.eclipse.epsilon.workflow.tasks.ExecutableModuleTask.executeImpl[ExecutableModuleTask.java:208]&#13;
	... 61 more&#13;
&#13;
	at (D:\git\201910-proyecto-grupo1\gramatica\instacia\CadenaArquitectura\tests\arquitectura-dian-testing.eunit@40:2-40:30)&#13;
	at (D:\git\201910-proyecto-grupo1\gramatica\instacia\CadenaArquitectura\tests\arquitectura-dian-testing.eunit@40:2-40:30)&#13;
	at (D:\git\201910-proyecto-grupo1\gramatica\instacia\CadenaArquitectura\tests\arquitectura-dian-testing.eunit@39:34-45:2)&#13;
	at (D:\git\201910-proyecto-grupo1\gramatica\instacia\CadenaArquitectura\tests\arquitectura-dian-testing.eunit@31:2-31:30)&#13;
	at (D:\git\201910-proyecto-grupo1\gramatica\instacia\CadenaArquitectura\tests\arquitectura-dian-testing.eunit@31:2-31:30)&#13;
	at (D:\git\201910-proyecto-grupo1\gramatica\instacia\CadenaArquitectura\tests\arquitectura-dian-testing.eunit@30:37-35:2)&#13;
	at (D:\git\201910-proyecto-grupo1\gramatica\instacia\CadenaArquitectura\tests\arquitectura-dian-testing.eunit@24:2-24:30)&#13;
	at (D:\git\201910-proyecto-grupo1\gramatica\instacia\CadenaArquitectura\tests\arquitectura-dian-testing.eunit@24:2-24:30)&#13;
	at (D:\git\201910-proyecto-grupo1\gramatica\instacia\CadenaArquitectura\tests\arquitectura-dian-testing.eunit@23:38-28:2)&#13;
	at (D:\git\201910-proyecto-grupo1\gramatica\instacia\CadenaArquitectura\tests\arquitectura-dian-testing.eunit@15:2-15:30)&#13;
	at (D:\git\201910-proyecto-grupo1\gramatica\instacia\CadenaArquitectura\tests\arquitectura-dian-testing.eunit@15:2-15:30)&#13;
	at (D:\git\201910-proyecto-grupo1\gramatica\instacia\CadenaArquitectura\tests\arquitectura-dian-testing.eunit@14:35-20:2)&#13;
	at (D:\git\201910-proyecto-grupo1\gramatica\instacia\CadenaArquitectura\tests\arquitectura-dian-testing.eunit@9:2-9:30)&#13;
	at (D:\git\201910-proyecto-grupo1\gramatica\instacia\CadenaArquitectura\tests\arquitectura-dian-testing.eunit@9:2-9:30)&#13;
	at (D:\git\201910-proyecto-grupo1\gramatica\instacia\CadenaArquitectura\tests\arquitectura-dian-testing.eunit@8:42-11:1)&#13;
	at (D:\git\201910-proyecto-grupo1\gramatica\instacia\CadenaArquitectura\tests\arquitectura-dian-testing.eunit@0:0-45:2)&#13;
&#13;
	at org.eclipse.epsilon.workflow.tasks.ExecutableModuleTask.executeImpl(ExecutableModuleTask.java:233)&#13;
	at org.eclipse.epsilon.workflow.tasks.EpsilonTask.execute(EpsilonTask.java:39)&#13;
	at org.apache.tools.ant.UnknownElement.execute(UnknownElement.java:293)&#13;
	at sun.reflect.GeneratedMethodAccessor121.invoke(Unknown Source)&#13;
	at sun.reflect.DelegatingMethodAccessorImpl.invoke(DelegatingMethodAccessorImpl.java:43)&#13;
	at java.lang.reflect.Method.invoke(Method.java:498)&#13;
	at org.apache.tools.ant.dispatch.DispatchUtils.execute(DispatchUtils.java:106)&#13;
	at org.apache.tools.ant.Task.perform(Task.java:348)&#13;
	at org.apache.tools.ant.Target.execute(Target.java:435)&#13;
	at org.apache.tools.ant.Target.performTasks(Target.java:456)&#13;
	at org.apache.tools.ant.Project.executeSortedTargets(Project.java:1405)&#13;
	at org.apache.tools.ant.Project.executeTarget(Project.java:1376)&#13;
	at org.eclipse.epsilon.workflow.tasks.EUnitTask$RunTargetOperationContributor.runTarget(EUnitTask.java:87)&#13;
	at sun.reflect.NativeMethodAccessorImpl.invoke0(Native Method)&#13;
	at sun.reflect.NativeMethodAccessorImpl.invoke(NativeMethodAccessorImpl.java:62)&#13;
	at sun.reflect.DelegatingMethodAccessorImpl.invoke(DelegatingMethodAccessorImpl.java:43)&#13;
	at java.lang.reflect.Method.invoke(Method.java:498)&#13;
	at org.eclipse.epsilon.eol.util.ReflectionUtil.executeMethod(ReflectionUtil.java:186)&#13;
	at org.eclipse.epsilon.eol.util.ReflectionUtil.executeMethod(ReflectionUtil.java:162)&#13;
	at org.eclipse.epsilon.eol.execute.introspection.java.ObjectMethod.execute(ObjectMethod.java:48)&#13;
	at org.eclipse.epsilon.eol.dom.OperationCallExpression.execute(OperationCallExpression.java:145)&#13;
	at org.eclipse.epsilon.eol.execute.ExecutorFactory.execute(ExecutorFactory.java:99)&#13;
	at org.eclipse.epsilon.eol.dom.ExpressionStatement.execute(ExpressionStatement.java:33)&#13;
	at org.eclipse.epsilon.eol.execute.ExecutorFactory.execute(ExecutorFactory.java:99)&#13;
	at org.eclipse.epsilon.eol.dom.StatementBlock.execute(StatementBlock.java:58)&#13;
	at org.eclipse.epsilon.eol.execute.ExecutorFactory.execute(ExecutorFactory.java:99)&#13;
	at org.eclipse.epsilon.eol.dom.Operation.executeBody(Operation.java:200)&#13;
	at org.eclipse.epsilon.eol.dom.Operation.execute(Operation.java:183)&#13;
	at org.eclipse.epsilon.eunit.EUnitModule.runLeafTestCase(EUnitModule.java:415)&#13;
	at org.eclipse.epsilon.eunit.EUnitModule.runSuiteInternal(EUnitModule.java:343)&#13;
	at org.eclipse.epsilon.eunit.EUnitModule.runSuite(EUnitModule.java:167)&#13;
	at org.eclipse.epsilon.eunit.EUnitModule.runInnerTestCase(EUnitModule.java:370)&#13;
	at org.eclipse.epsilon.eunit.EUnitModule.runSuiteInternal(EUnitModule.java:345)&#13;
	at org.eclipse.epsilon.eunit.EUnitModule.runSuite(EUnitModule.java:167)&#13;
	at org.eclipse.epsilon.eunit.EUnitModule.executeImpl(EUnitModule.java:128)&#13;
	at org.eclipse.epsilon.eol.execute.ExecutorFactory.execute(ExecutorFactory.java:102)&#13;
	at org.eclipse.epsilon.eol.EolModule.execute(EolModule.java:413)&#13;
	at org.eclipse.epsilon.workflow.tasks.ExecutableModuleTask.executeImpl(ExecutableModuleTask.java:216)&#13;
	at org.eclipse.epsilon.workflow.tasks.EpsilonTask.execute(EpsilonTask.java:39)&#13;
	at org.apache.tools.ant.UnknownElement.execute(UnknownElement.java:293)&#13;
	at sun.reflect.NativeMethodAccessorImpl.invoke0(Native Method)&#13;
	at sun.reflect.NativeMethodAccessorImpl.invoke(NativeMethodAccessorImpl.java:62)&#13;
	at sun.reflect.DelegatingMethodAccessorImpl.invoke(DelegatingMethodAccessorImpl.java:43)&#13;
	at java.lang.reflect.Method.invoke(Method.java:498)&#13;
	at org.apache.tools.ant.dispatch.DispatchUtils.execute(DispatchUtils.java:106)&#13;
	at org.apache.tools.ant.Task.perform(Task.java:348)&#13;
	at org.apache.tools.ant.Target.execute(Target.java:435)&#13;
	at org.apache.tools.ant.Target.performTasks(Target.java:456)&#13;
	at org.apache.tools.ant.Project.executeSortedTargets(Project.java:1405)&#13;
	at org.apache.tools.ant.Project.executeTarget(Project.java:1376)&#13;
	at org.apache.tools.ant.helper.DefaultExecutor.executeTargets(DefaultExecutor.java:41)&#13;
	at org.eclipse.ant.internal.core.ant.EclipseDefaultExecutor.executeTargets(EclipseDefaultExecutor.java:36)&#13;
	at org.apache.tools.ant.Project.executeTargets(Project.java:1260)&#13;
	at org.eclipse.ant.internal.core.ant.InternalAntRunner.run(InternalAntRunner.java:712)&#13;
	at org.eclipse.ant.internal.core.ant.InternalAntRunner.run(InternalAntRunner.java:532)&#13;
	at sun.reflect.NativeMethodAccessorImpl.invoke0(Native Method)&#13;
	at sun.reflect.NativeMethodAccessorImpl.invoke(NativeMethodAccessorImpl.java:62)&#13;
	at sun.reflect.DelegatingMethodAccessorImpl.invoke(DelegatingMethodAccessorImpl.java:43)&#13;
	at java.lang.reflect.Method.invoke(Method.java:498)&#13;
	at org.eclipse.ant.core.AntRunner.run(AntRunner.java:371)&#13;
	at org.eclipse.ant.internal.launching.launchConfigurations.AntLaunchDelegate$1.run(AntLaunchDelegate.java:270)&#13;
	at java.lang.Thread.run(Thread.java:745)&#13;
Caused by: D:\git\201910-proyecto-grupo1\gramatica\instacia\CadenaArquitectura\eunit.xml:46: Model 'Sql' not found&#13;
	... 62 more&#13;
Caused by: Model 'Sql' not found&#13;
	at org.eclipse.epsilon.eol.models.ModelGroup.&lt;init&gt;(ModelGroup.java:41)&#13;
	at org.eclipse.epsilon.eol.models.ModelRepository.getModelByName(ModelRepository.java:76)&#13;
	at org.eclipse.epsilon.workflow.tasks.ExecutableModuleTask.populateModelRepository(ExecutableModuleTask.java:137)&#13;
	at org.eclipse.epsilon.workflow.tasks.ExecutableModuleTask.configureModule(ExecutableModuleTask.java:112)&#13;
	at org.eclipse.epsilon.workflow.tasks.ExecutableModuleTask.executeImpl(ExecutableModuleTask.java:208)&#13;
	... 61 more&#13;
</error></testcase><system-out/><system-err>Test transformationWorksAsExpected {} failed with status ERROR: Internal error: D:\git\201910-proyecto-grupo1\gramatica\instacia\CadenaArquitectura\eunit.xml:46: Model 'Sql' not found&#13;
	at org.eclipse.epsilon.workflow.tasks.ExecutableModuleTask.executeImpl[ExecutableModuleTask.java:233]&#13;
	at org.eclipse.epsilon.workflow.tasks.EpsilonTask.execute[EpsilonTask.java:39]&#13;
	at org.apache.tools.ant.UnknownElement.execute[UnknownElement.java:293]&#13;
	at sun.reflect.GeneratedMethodAccessor121.invoke[Unknown Source]&#13;
	at sun.reflect.DelegatingMethodAccessorImpl.invoke[DelegatingMethodAccessorImpl.java:43]&#13;
	at java.lang.reflect.Method.invoke[Method.java:498]&#13;
	at org.apache.tools.ant.dispatch.DispatchUtils.execute[DispatchUtils.java:106]&#13;
	at org.apache.tools.ant.Task.perform[Task.java:348]&#13;
	at org.apache.tools.ant.Target.execute[Target.java:435]&#13;
	at org.apache.tools.ant.Target.performTasks[Target.java:456]&#13;
	at org.apache.tools.ant.Project.executeSortedTargets[Project.java:1405]&#13;
	at org.apache.tools.ant.Project.executeTarget[Project.java:1376]&#13;
	at org.eclipse.epsilon.workflow.tasks.EUnitTask$RunTargetOperationContributor.runTarget[EUnitTask.java:87]&#13;
	at sun.reflect.NativeMethodAccessorImpl.invoke0[Native Method]&#13;
	at sun.reflect.NativeMethodAccessorImpl.invoke[NativeMethodAccessorImpl.java:62]&#13;
	at sun.reflect.DelegatingMethodAccessorImpl.invoke[DelegatingMethodAccessorImpl.java:43]&#13;
	at java.lang.reflect.Method.invoke[Method.java:498]&#13;
	at org.eclipse.epsilon.eol.util.ReflectionUtil.executeMethod[ReflectionUtil.java:186]&#13;
	at org.eclipse.epsilon.eol.util.ReflectionUtil.executeMethod[ReflectionUtil.java:162]&#13;
	at org.eclipse.epsilon.eol.execute.introspection.java.ObjectMethod.execute[ObjectMethod.java:48]&#13;
	at org.eclipse.epsilon.eol.dom.OperationCallExpression.execute[OperationCallExpression.java:145]&#13;
	at org.eclipse.epsilon.eol.execute.ExecutorFactory.execute[ExecutorFactory.java:99]&#13;
	at org.eclipse.epsilon.eol.dom.ExpressionStatement.execute[ExpressionStatement.java:33]&#13;
	at org.eclipse.epsilon.eol.execute.ExecutorFactory.execute[ExecutorFactory.java:99]&#13;
	at org.eclipse.epsilon.eol.dom.StatementBlock.execute[StatementBlock.java:58]&#13;
	at org.eclipse.epsilon.eol.execute.ExecutorFactory.execute[ExecutorFactory.java:99]&#13;
	at org.eclipse.epsilon.eol.dom.Operation.executeBody[Operation.java:200]&#13;
	at org.eclipse.epsilon.eol.dom.Operation.execute[Operation.java:183]&#13;
	at org.eclipse.epsilon.eunit.EUnitModule.runLeafTestCase[EUnitModule.java:415]&#13;
	at org.eclipse.epsilon.eunit.EUnitModule.runSuiteInternal[EUnitModule.java:343]&#13;
	at org.eclipse.epsilon.eunit.EUnitModule.runSuite[EUnitModule.java:167]&#13;
	at org.eclipse.epsilon.eunit.EUnitModule.runInnerTestCase[EUnitModule.java:370]&#13;
	at org.eclipse.epsilon.eunit.EUnitModule.runSuiteInternal[EUnitModule.java:345]&#13;
	at org.eclipse.epsilon.eunit.EUnitModule.runSuite[EUnitModule.java:167]&#13;
	at org.eclipse.epsilon.eunit.EUnitModule.executeImpl[EUnitModule.java:128]&#13;
	at org.eclipse.epsilon.eol.execute.ExecutorFactory.execute[ExecutorFactory.java:102]&#13;
	at org.eclipse.epsilon.eol.EolModule.execute[EolModule.java:413]&#13;
	at org.eclipse.epsilon.workflow.tasks.ExecutableModuleTask.executeImpl[ExecutableModuleTask.java:216]&#13;
	at org.eclipse.epsilon.workflow.tasks.EpsilonTask.execute[EpsilonTask.java:39]&#13;
	at org.apache.tools.ant.UnknownElement.execute[UnknownElement.java:293]&#13;
	at sun.reflect.NativeMethodAccessorImpl.invoke0[Native Method]&#13;
	at sun.reflect.NativeMethodAccessorImpl.invoke[NativeMethodAccessorImpl.java:62]&#13;
	at sun.reflect.DelegatingMethodAccessorImpl.invoke[DelegatingMethodAccessorImpl.java:43]&#13;
	at java.lang.reflect.Method.invoke[Method.java:498]&#13;
	at org.apache.tools.ant.dispatch.DispatchUtils.execute[DispatchUtils.java:106]&#13;
	at org.apache.tools.ant.Task.perform[Task.java:348]&#13;
	at org.apache.tools.ant.Target.execute[Target.java:435]&#13;
	at org.apache.tools.ant.Target.performTasks[Target.java:456]&#13;
	at org.apache.tools.ant.Project.executeSortedTargets[Project.java:1405]&#13;
	at org.apache.tools.ant.Project.executeTarget[Project.java:1376]&#13;
	at org.apache.tools.ant.helper.DefaultExecutor.executeTargets[DefaultExecutor.java:41]&#13;
	at org.eclipse.ant.internal.core.ant.EclipseDefaultExecutor.executeTargets[EclipseDefaultExecutor.java:36]&#13;
	at org.apache.tools.ant.Project.executeTargets[Project.java:1260]&#13;
	at org.eclipse.ant.internal.core.ant.InternalAntRunner.run[InternalAntRunner.java:712]&#13;
	at org.eclipse.ant.internal.core.ant.InternalAntRunner.run[InternalAntRunner.java:532]&#13;
	at sun.reflect.NativeMethodAccessorImpl.invoke0[Native Method]&#13;
	at sun.reflect.NativeMethodAccessorImpl.invoke[NativeMethodAccessorImpl.java:62]&#13;
	at sun.reflect.DelegatingMethodAccessorImpl.invoke[DelegatingMethodAccessorImpl.java:43]&#13;
	at java.lang.reflect.Method.invoke[Method.java:498]&#13;
	at org.eclipse.ant.core.AntRunner.run[AntRunner.java:371]&#13;
	at org.eclipse.ant.internal.launching.launchConfigurations.AntLaunchDelegate$1.run[AntLaunchDelegate.java:270]&#13;
	at java.lang.Thread.run[Thread.java:745]&#13;
Caused by: Model 'Sql' not found&#13;
	at org.eclipse.epsilon.eol.models.ModelGroup.&lt;init&gt;[ModelGroup.java:41]&#13;
	at org.eclipse.epsilon.eol.models.ModelRepository.getModelByName[ModelRepository.java:76]&#13;
	at org.eclipse.epsilon.workflow.tasks.ExecutableModuleTask.populateModelRepository[ExecutableModuleTask.java:137]&#13;
	at org.eclipse.epsilon.workflow.tasks.ExecutableModuleTask.configureModule[ExecutableModuleTask.java:112]&#13;
	at org.eclipse.epsilon.workflow.tasks.ExecutableModuleTask.executeImpl[ExecutableModuleTask.java:208]&#13;
	... 61 more&#13;
&#13;
	at (D:\git\201910-proyecto-grupo1\gramatica\instacia\CadenaArquitectura\tests\arquitectura-dian-testing.eunit@9:2-9:30)&#13;
	at (D:\git\201910-proyecto-grupo1\gramatica\instacia\CadenaArquitectura\tests\arquitectura-dian-testing.eunit@9:2-9:30)&#13;
	at (D:\git\201910-proyecto-grupo1\gramatica\instacia\CadenaArquitectura\tests\arquitectura-dian-testing.eunit@8:42-11:1)&#13;
	at (D:\git\201910-proyecto-grupo1\gramatica\instacia\CadenaArquitectura\tests\arquitectura-dian-testing.eunit@0:0-45:2)&#13;
&#13;
Test transformationUnModulo {} failed with status ERROR: Internal error: D:\git\201910-proyecto-grupo1\gramatica\instacia\CadenaArquitectura\eunit.xml:46: Model 'Sql' not found&#13;
	at org.eclipse.epsilon.workflow.tasks.ExecutableModuleTask.executeImpl[ExecutableModuleTask.java:233]&#13;
	at org.eclipse.epsilon.workflow.tasks.EpsilonTask.execute[EpsilonTask.java:39]&#13;
	at org.apache.tools.ant.UnknownElement.execute[UnknownElement.java:293]&#13;
	at sun.reflect.GeneratedMethodAccessor121.invoke[Unknown Source]&#13;
	at sun.reflect.DelegatingMethodAccessorImpl.invoke[DelegatingMethodAccessorImpl.java:43]&#13;
	at java.lang.reflect.Method.invoke[Method.java:498]&#13;
	at org.apache.tools.ant.dispatch.DispatchUtils.execute[DispatchUtils.java:106]&#13;
	at org.apache.tools.ant.Task.perform[Task.java:348]&#13;
	at org.apache.tools.ant.Target.execute[Target.java:435]&#13;
	at org.apache.tools.ant.Target.performTasks[Target.java:456]&#13;
	at org.apache.tools.ant.Project.executeSortedTargets[Project.java:1405]&#13;
	at org.apache.tools.ant.Project.executeTarget[Project.java:1376]&#13;
	at org.eclipse.epsilon.workflow.tasks.EUnitTask$RunTargetOperationContributor.runTarget[EUnitTask.java:87]&#13;
	at sun.reflect.NativeMethodAccessorImpl.invoke0[Native Method]&#13;
	at sun.reflect.NativeMethodAccessorImpl.invoke[NativeMethodAccessorImpl.java:62]&#13;
	at sun.reflect.DelegatingMethodAccessorImpl.invoke[DelegatingMethodAccessorImpl.java:43]&#13;
	at java.lang.reflect.Method.invoke[Method.java:498]&#13;
	at org.eclipse.epsilon.eol.util.ReflectionUtil.executeMethod[ReflectionUtil.java:186]&#13;
	at org.eclipse.epsilon.eol.util.ReflectionUtil.executeMethod[ReflectionUtil.java:162]&#13;
	at org.eclipse.epsilon.eol.execute.introspection.java.ObjectMethod.execute[ObjectMethod.java:48]&#13;
	at org.eclipse.epsilon.eol.dom.OperationCallExpression.execute[OperationCallExpression.java:145]&#13;
	at org.eclipse.epsilon.eol.execute.ExecutorFactory.execute[ExecutorFactory.java:99]&#13;
	at org.eclipse.epsilon.eol.dom.ExpressionStatement.execute[ExpressionStatement.java:33]&#13;
	at org.eclipse.epsilon.eol.execute.ExecutorFactory.execute[ExecutorFactory.java:99]&#13;
	at org.eclipse.epsilon.eol.dom.StatementBlock.execute[StatementBlock.java:58]&#13;
	at org.eclipse.epsilon.eol.execute.ExecutorFactory.execute[ExecutorFactory.java:99]&#13;
	at org.eclipse.epsilon.eol.dom.Operation.executeBody[Operation.java:200]&#13;
	at org.eclipse.epsilon.eol.dom.Operation.execute[Operation.java:183]&#13;
	at org.eclipse.epsilon.eunit.EUnitModule.runLeafTestCase[EUnitModule.java:415]&#13;
	at org.eclipse.epsilon.eunit.EUnitModule.runSuiteInternal[EUnitModule.java:343]&#13;
	at org.eclipse.epsilon.eunit.EUnitModule.runSuite[EUnitModule.java:167]&#13;
	at org.eclipse.epsilon.eunit.EUnitModule.runInnerTestCase[EUnitModule.java:370]&#13;
	at org.eclipse.epsilon.eunit.EUnitModule.runSuiteInternal[EUnitModule.java:345]&#13;
	at org.eclipse.epsilon.eunit.EUnitModule.runSuite[EUnitModule.java:167]&#13;
	at org.eclipse.epsilon.eunit.EUnitModule.executeImpl[EUnitModule.java:128]&#13;
	at org.eclipse.epsilon.eol.execute.ExecutorFactory.execute[ExecutorFactory.java:102]&#13;
	at org.eclipse.epsilon.eol.EolModule.execute[EolModule.java:413]&#13;
	at org.eclipse.epsilon.workflow.tasks.ExecutableModuleTask.executeImpl[ExecutableModuleTask.java:216]&#13;
	at org.eclipse.epsilon.workflow.tasks.EpsilonTask.execute[EpsilonTask.java:39]&#13;
	at org.apache.tools.ant.UnknownElement.execute[UnknownElement.java:293]&#13;
	at sun.reflect.NativeMethodAccessorImpl.invoke0[Native Method]&#13;
	at sun.reflect.NativeMethodAccessorImpl.invoke[NativeMethodAccessorImpl.java:62]&#13;
	at sun.reflect.DelegatingMethodAccessorImpl.invoke[DelegatingMethodAccessorImpl.java:43]&#13;
	at java.lang.reflect.Method.invoke[Method.java:498]&#13;
	at org.apache.tools.ant.dispatch.DispatchUtils.execute[DispatchUtils.java:106]&#13;
	at org.apache.tools.ant.Task.perform[Task.java:348]&#13;
	at org.apache.tools.ant.Target.execute[Target.java:435]&#13;
	at org.apache.tools.ant.Target.performTasks[Target.java:456]&#13;
	at org.apache.tools.ant.Project.executeSortedTargets[Project.java:1405]&#13;
	at org.apache.tools.ant.Project.executeTarget[Project.java:1376]&#13;
	at org.apache.tools.ant.helper.DefaultExecutor.executeTargets[DefaultExecutor.java:41]&#13;
	at org.eclipse.ant.internal.core.ant.EclipseDefaultExecutor.executeTargets[EclipseDefaultExecutor.java:36]&#13;
	at org.apache.tools.ant.Project.executeTargets[Project.java:1260]&#13;
	at org.eclipse.ant.internal.core.ant.InternalAntRunner.run[InternalAntRunner.java:712]&#13;
	at org.eclipse.ant.internal.core.ant.InternalAntRunner.run[InternalAntRunner.java:532]&#13;
	at sun.reflect.NativeMethodAccessorImpl.invoke0[Native Method]&#13;
	at sun.reflect.NativeMethodAccessorImpl.invoke[NativeMethodAccessorImpl.java:62]&#13;
	at sun.reflect.DelegatingMethodAccessorImpl.invoke[DelegatingMethodAccessorImpl.java:43]&#13;
	at java.lang.reflect.Method.invoke[Method.java:498]&#13;
	at org.eclipse.ant.core.AntRunner.run[AntRunner.java:371]&#13;
	at org.eclipse.ant.internal.launching.launchConfigurations.AntLaunchDelegate$1.run[AntLaunchDelegate.java:270]&#13;
	at java.lang.Thread.run[Thread.java:745]&#13;
Caused by: Model 'Sql' not found&#13;
	at org.eclipse.epsilon.eol.models.ModelGroup.&lt;init&gt;[ModelGroup.java:41]&#13;
	at org.eclipse.epsilon.eol.models.ModelRepository.getModelByName[ModelRepository.java:76]&#13;
	at org.eclipse.epsilon.workflow.tasks.ExecutableModuleTask.populateModelRepository[ExecutableModuleTask.java:137]&#13;
	at org.eclipse.epsilon.workflow.tasks.ExecutableModuleTask.configureModule[ExecutableModuleTask.java:112]&#13;
	at org.eclipse.epsilon.workflow.tasks.ExecutableModuleTask.executeImpl[ExecutableModuleTask.java:208]&#13;
	... 61 more&#13;
&#13;
	at (D:\git\201910-proyecto-grupo1\gramatica\instacia\CadenaArquitectura\tests\arquitectura-dian-testing.eunit@15:2-15:30)&#13;
	at (D:\git\201910-proyecto-grupo1\gramatica\instacia\CadenaArquitectura\tests\arquitectura-dian-testing.eunit@15:2-15:30)&#13;
	at (D:\git\201910-proyecto-grupo1\gramatica\instacia\CadenaArquitectura\tests\arquitectura-dian-testing.eunit@14:35-20:2)&#13;
	at (D:\git\201910-proyecto-grupo1\gramatica\instacia\CadenaArquitectura\tests\arquitectura-dian-testing.eunit@9:2-9:30)&#13;
	at (D:\git\201910-proyecto-grupo1\gramatica\instacia\CadenaArquitectura\tests\arquitectura-dian-testing.eunit@9:2-9:30)&#13;
	at (D:\git\201910-proyecto-grupo1\gramatica\instacia\CadenaArquitectura\tests\arquitectura-dian-testing.eunit@8:42-11:1)&#13;
	at (D:\git\201910-proyecto-grupo1\gramatica\instacia\CadenaArquitectura\tests\arquitectura-dian-testing.eunit@0:0-45:2)&#13;
&#13;
Test transformationDaoPorTabla {} failed with status ERROR: Internal error: D:\git\201910-proyecto-grupo1\gramatica\instacia\CadenaArquitectura\eunit.xml:46: Model 'Sql' not found&#13;
	at org.eclipse.epsilon.workflow.tasks.ExecutableModuleTask.executeImpl[ExecutableModuleTask.java:233]&#13;
	at org.eclipse.epsilon.workflow.tasks.EpsilonTask.execute[EpsilonTask.java:39]&#13;
	at org.apache.tools.ant.UnknownElement.execute[UnknownElement.java:293]&#13;
	at sun.reflect.GeneratedMethodAccessor121.invoke[Unknown Source]&#13;
	at sun.reflect.DelegatingMethodAccessorImpl.invoke[DelegatingMethodAccessorImpl.java:43]&#13;
	at java.lang.reflect.Method.invoke[Method.java:498]&#13;
	at org.apache.tools.ant.dispatch.DispatchUtils.execute[DispatchUtils.java:106]&#13;
	at org.apache.tools.ant.Task.perform[Task.java:348]&#13;
	at org.apache.tools.ant.Target.execute[Target.java:435]&#13;
	at org.apache.tools.ant.Target.performTasks[Target.java:456]&#13;
	at org.apache.tools.ant.Project.executeSortedTargets[Project.java:1405]&#13;
	at org.apache.tools.ant.Project.executeTarget[Project.java:1376]&#13;
	at org.eclipse.epsilon.workflow.tasks.EUnitTask$RunTargetOperationContributor.runTarget[EUnitTask.java:87]&#13;
	at sun.reflect.NativeMethodAccessorImpl.invoke0[Native Method]&#13;
	at sun.reflect.NativeMethodAccessorImpl.invoke[NativeMethodAccessorImpl.java:62]&#13;
	at sun.reflect.DelegatingMethodAccessorImpl.invoke[DelegatingMethodAccessorImpl.java:43]&#13;
	at java.lang.reflect.Method.invoke[Method.java:498]&#13;
	at org.eclipse.epsilon.eol.util.ReflectionUtil.executeMethod[ReflectionUtil.java:186]&#13;
	at org.eclipse.epsilon.eol.util.ReflectionUtil.executeMethod[ReflectionUtil.java:162]&#13;
	at org.eclipse.epsilon.eol.execute.introspection.java.ObjectMethod.execute[ObjectMethod.java:48]&#13;
	at org.eclipse.epsilon.eol.dom.OperationCallExpression.execute[OperationCallExpression.java:145]&#13;
	at org.eclipse.epsilon.eol.execute.ExecutorFactory.execute[ExecutorFactory.java:99]&#13;
	at org.eclipse.epsilon.eol.dom.ExpressionStatement.execute[ExpressionStatement.java:33]&#13;
	at org.eclipse.epsilon.eol.execute.ExecutorFactory.execute[ExecutorFactory.java:99]&#13;
	at org.eclipse.epsilon.eol.dom.StatementBlock.execute[StatementBlock.java:58]&#13;
	at org.eclipse.epsilon.eol.execute.ExecutorFactory.execute[ExecutorFactory.java:99]&#13;
	at org.eclipse.epsilon.eol.dom.Operation.executeBody[Operation.java:200]&#13;
	at org.eclipse.epsilon.eol.dom.Operation.execute[Operation.java:183]&#13;
	at org.eclipse.epsilon.eunit.EUnitModule.runLeafTestCase[EUnitModule.java:415]&#13;
	at org.eclipse.epsilon.eunit.EUnitModule.runSuiteInternal[EUnitModule.java:343]&#13;
	at org.eclipse.epsilon.eunit.EUnitModule.runSuite[EUnitModule.java:167]&#13;
	at org.eclipse.epsilon.eunit.EUnitModule.runInnerTestCase[EUnitModule.java:370]&#13;
	at org.eclipse.epsilon.eunit.EUnitModule.runSuiteInternal[EUnitModule.java:345]&#13;
	at org.eclipse.epsilon.eunit.EUnitModule.runSuite[EUnitModule.java:167]&#13;
	at org.eclipse.epsilon.eunit.EUnitModule.executeImpl[EUnitModule.java:128]&#13;
	at org.eclipse.epsilon.eol.execute.ExecutorFactory.execute[ExecutorFactory.java:102]&#13;
	at org.eclipse.epsilon.eol.EolModule.execute[EolModule.java:413]&#13;
	at org.eclipse.epsilon.workflow.tasks.ExecutableModuleTask.executeImpl[ExecutableModuleTask.java:216]&#13;
	at org.eclipse.epsilon.workflow.tasks.EpsilonTask.execute[EpsilonTask.java:39]&#13;
	at org.apache.tools.ant.UnknownElement.execute[UnknownElement.java:293]&#13;
	at sun.reflect.NativeMethodAccessorImpl.invoke0[Native Method]&#13;
	at sun.reflect.NativeMethodAccessorImpl.invoke[NativeMethodAccessorImpl.java:62]&#13;
	at sun.reflect.DelegatingMethodAccessorImpl.invoke[DelegatingMethodAccessorImpl.java:43]&#13;
	at java.lang.reflect.Method.invoke[Method.java:498]&#13;
	at org.apache.tools.ant.dispatch.DispatchUtils.execute[DispatchUtils.java:106]&#13;
	at org.apache.tools.ant.Task.perform[Task.java:348]&#13;
	at org.apache.tools.ant.Target.execute[Target.java:435]&#13;
	at org.apache.tools.ant.Target.performTasks[Target.java:456]&#13;
	at org.apache.tools.ant.Project.executeSortedTargets[Project.java:1405]&#13;
	at org.apache.tools.ant.Project.executeTarget[Project.java:1376]&#13;
	at org.apache.tools.ant.helper.DefaultExecutor.executeTargets[DefaultExecutor.java:41]&#13;
	at org.eclipse.ant.internal.core.ant.EclipseDefaultExecutor.executeTargets[EclipseDefaultExecutor.java:36]&#13;
	at org.apache.tools.ant.Project.executeTargets[Project.java:1260]&#13;
	at org.eclipse.ant.internal.core.ant.InternalAntRunner.run[InternalAntRunner.java:712]&#13;
	at org.eclipse.ant.internal.core.ant.InternalAntRunner.run[InternalAntRunner.java:532]&#13;
	at sun.reflect.NativeMethodAccessorImpl.invoke0[Native Method]&#13;
	at sun.reflect.NativeMethodAccessorImpl.invoke[NativeMethodAccessorImpl.java:62]&#13;
	at sun.reflect.DelegatingMethodAccessorImpl.invoke[DelegatingMethodAccessorImpl.java:43]&#13;
	at java.lang.reflect.Method.invoke[Method.java:498]&#13;
	at org.eclipse.ant.core.AntRunner.run[AntRunner.java:371]&#13;
	at org.eclipse.ant.internal.launching.launchConfigurations.AntLaunchDelegate$1.run[AntLaunchDelegate.java:270]&#13;
	at java.lang.Thread.run[Thread.java:745]&#13;
Caused by: Model 'Sql' not found&#13;
	at org.eclipse.epsilon.eol.models.ModelGroup.&lt;init&gt;[ModelGroup.java:41]&#13;
	at org.eclipse.epsilon.eol.models.ModelRepository.getModelByName[ModelRepository.java:76]&#13;
	at org.eclipse.epsilon.workflow.tasks.ExecutableModuleTask.populateModelRepository[ExecutableModuleTask.java:137]&#13;
	at org.eclipse.epsilon.workflow.tasks.ExecutableModuleTask.configureModule[ExecutableModuleTask.java:112]&#13;
	at org.eclipse.epsilon.workflow.tasks.ExecutableModuleTask.executeImpl[ExecutableModuleTask.java:208]&#13;
	... 61 more&#13;
&#13;
	at (D:\git\201910-proyecto-grupo1\gramatica\instacia\CadenaArquitectura\tests\arquitectura-dian-testing.eunit@24:2-24:30)&#13;
	at (D:\git\201910-proyecto-grupo1\gramatica\instacia\CadenaArquitectura\tests\arquitectura-dian-testing.eunit@24:2-24:30)&#13;
	at (D:\git\201910-proyecto-grupo1\gramatica\instacia\CadenaArquitectura\tests\arquitectura-dian-testing.eunit@23:38-28:2)&#13;
	at (D:\git\201910-proyecto-grupo1\gramatica\instacia\CadenaArquitectura\tests\arquitectura-dian-testing.eunit@15:2-15:30)&#13;
	at (D:\git\201910-proyecto-grupo1\gramatica\instacia\CadenaArquitectura\tests\arquitectura-dian-testing.eunit@15:2-15:30)&#13;
	at (D:\git\201910-proyecto-grupo1\gramatica\instacia\CadenaArquitectura\tests\arquitectura-dian-testing.eunit@14:35-20:2)&#13;
	at (D:\git\201910-proyecto-grupo1\gramatica\instacia\CadenaArquitectura\tests\arquitectura-dian-testing.eunit@9:2-9:30)&#13;
	at (D:\git\201910-proyecto-grupo1\gramatica\instacia\CadenaArquitectura\tests\arquitectura-dian-testing.eunit@9:2-9:30)&#13;
	at (D:\git\201910-proyecto-grupo1\gramatica\instacia\CadenaArquitectura\tests\arquitectura-dian-testing.eunit@8:42-11:1)&#13;
	at (D:\git\201910-proyecto-grupo1\gramatica\instacia\CadenaArquitectura\tests\arquitectura-dian-testing.eunit@0:0-45:2)&#13;
&#13;
Test transformationUnDelegado {} failed with status ERROR: Internal error: D:\git\201910-proyecto-grupo1\gramatica\instacia\CadenaArquitectura\eunit.xml:46: Model 'Sql' not found&#13;
	at org.eclipse.epsilon.workflow.tasks.ExecutableModuleTask.executeImpl[ExecutableModuleTask.java:233]&#13;
	at org.eclipse.epsilon.workflow.tasks.EpsilonTask.execute[EpsilonTask.java:39]&#13;
	at org.apache.tools.ant.UnknownElement.execute[UnknownElement.java:293]&#13;
	at sun.reflect.GeneratedMethodAccessor121.invoke[Unknown Source]&#13;
	at sun.reflect.DelegatingMethodAccessorImpl.invoke[DelegatingMethodAccessorImpl.java:43]&#13;
	at java.lang.reflect.Method.invoke[Method.java:498]&#13;
	at org.apache.tools.ant.dispatch.DispatchUtils.execute[DispatchUtils.java:106]&#13;
	at org.apache.tools.ant.Task.perform[Task.java:348]&#13;
	at org.apache.tools.ant.Target.execute[Target.java:435]&#13;
	at org.apache.tools.ant.Target.performTasks[Target.java:456]&#13;
	at org.apache.tools.ant.Project.executeSortedTargets[Project.java:1405]&#13;
	at org.apache.tools.ant.Project.executeTarget[Project.java:1376]&#13;
	at org.eclipse.epsilon.workflow.tasks.EUnitTask$RunTargetOperationContributor.runTarget[EUnitTask.java:87]&#13;
	at sun.reflect.NativeMethodAccessorImpl.invoke0[Native Method]&#13;
	at sun.reflect.NativeMethodAccessorImpl.invoke[NativeMethodAccessorImpl.java:62]&#13;
	at sun.reflect.DelegatingMethodAccessorImpl.invoke[DelegatingMethodAccessorImpl.java:43]&#13;
	at java.lang.reflect.Method.invoke[Method.java:498]&#13;
	at org.eclipse.epsilon.eol.util.ReflectionUtil.executeMethod[ReflectionUtil.java:186]&#13;
	at org.eclipse.epsilon.eol.util.ReflectionUtil.executeMethod[ReflectionUtil.java:162]&#13;
	at org.eclipse.epsilon.eol.execute.introspection.java.ObjectMethod.execute[ObjectMethod.java:48]&#13;
	at org.eclipse.epsilon.eol.dom.OperationCallExpression.execute[OperationCallExpression.java:145]&#13;
	at org.eclipse.epsilon.eol.execute.ExecutorFactory.execute[ExecutorFactory.java:99]&#13;
	at org.eclipse.epsilon.eol.dom.ExpressionStatement.execute[ExpressionStatement.java:33]&#13;
	at org.eclipse.epsilon.eol.execute.ExecutorFactory.execute[ExecutorFactory.java:99]&#13;
	at org.eclipse.epsilon.eol.dom.StatementBlock.execute[StatementBlock.java:58]&#13;
	at org.eclipse.epsilon.eol.execute.ExecutorFactory.execute[ExecutorFactory.java:99]&#13;
	at org.eclipse.epsilon.eol.dom.Operation.executeBody[Operation.java:200]&#13;
	at org.eclipse.epsilon.eol.dom.Operation.execute[Operation.java:183]&#13;
	at org.eclipse.epsilon.eunit.EUnitModule.runLeafTestCase[EUnitModule.java:415]&#13;
	at org.eclipse.epsilon.eunit.EUnitModule.runSuiteInternal[EUnitModule.java:343]&#13;
	at org.eclipse.epsilon.eunit.EUnitModule.runSuite[EUnitModule.java:167]&#13;
	at org.eclipse.epsilon.eunit.EUnitModule.runInnerTestCase[EUnitModule.java:370]&#13;
	at org.eclipse.epsilon.eunit.EUnitModule.runSuiteInternal[EUnitModule.java:345]&#13;
	at org.eclipse.epsilon.eunit.EUnitModule.runSuite[EUnitModule.java:167]&#13;
	at org.eclipse.epsilon.eunit.EUnitModule.executeImpl[EUnitModule.java:128]&#13;
	at org.eclipse.epsilon.eol.execute.ExecutorFactory.execute[ExecutorFactory.java:102]&#13;
	at org.eclipse.epsilon.eol.EolModule.execute[EolModule.java:413]&#13;
	at org.eclipse.epsilon.workflow.tasks.ExecutableModuleTask.executeImpl[ExecutableModuleTask.java:216]&#13;
	at org.eclipse.epsilon.workflow.tasks.EpsilonTask.execute[EpsilonTask.java:39]&#13;
	at org.apache.tools.ant.UnknownElement.execute[UnknownElement.java:293]&#13;
	at sun.reflect.NativeMethodAccessorImpl.invoke0[Native Method]&#13;
	at sun.reflect.NativeMethodAccessorImpl.invoke[NativeMethodAccessorImpl.java:62]&#13;
	at sun.reflect.DelegatingMethodAccessorImpl.invoke[DelegatingMethodAccessorImpl.java:43]&#13;
	at java.lang.reflect.Method.invoke[Method.java:498]&#13;
	at org.apache.tools.ant.dispatch.DispatchUtils.execute[DispatchUtils.java:106]&#13;
	at org.apache.tools.ant.Task.perform[Task.java:348]&#13;
	at org.apache.tools.ant.Target.execute[Target.java:435]&#13;
	at org.apache.tools.ant.Target.performTasks[Target.java:456]&#13;
	at org.apache.tools.ant.Project.executeSortedTargets[Project.java:1405]&#13;
	at org.apache.tools.ant.Project.executeTarget[Project.java:1376]&#13;
	at org.apache.tools.ant.helper.DefaultExecutor.executeTargets[DefaultExecutor.java:41]&#13;
	at org.eclipse.ant.internal.core.ant.EclipseDefaultExecutor.executeTargets[EclipseDefaultExecutor.java:36]&#13;
	at org.apache.tools.ant.Project.executeTargets[Project.java:1260]&#13;
	at org.eclipse.ant.internal.core.ant.InternalAntRunner.run[InternalAntRunner.java:712]&#13;
	at org.eclipse.ant.internal.core.ant.InternalAntRunner.run[InternalAntRunner.java:532]&#13;
	at sun.reflect.NativeMethodAccessorImpl.invoke0[Native Method]&#13;
	at sun.reflect.NativeMethodAccessorImpl.invoke[NativeMethodAccessorImpl.java:62]&#13;
	at sun.reflect.DelegatingMethodAccessorImpl.invoke[DelegatingMethodAccessorImpl.java:43]&#13;
	at java.lang.reflect.Method.invoke[Method.java:498]&#13;
	at org.eclipse.ant.core.AntRunner.run[AntRunner.java:371]&#13;
	at org.eclipse.ant.internal.launching.launchConfigurations.AntLaunchDelegate$1.run[AntLaunchDelegate.java:270]&#13;
	at java.lang.Thread.run[Thread.java:745]&#13;
Caused by: Model 'Sql' not found&#13;
	at org.eclipse.epsilon.eol.models.ModelGroup.&lt;init&gt;[ModelGroup.java:41]&#13;
	at org.eclipse.epsilon.eol.models.ModelRepository.getModelByName[ModelRepository.java:76]&#13;
	at org.eclipse.epsilon.workflow.tasks.ExecutableModuleTask.populateModelRepository[ExecutableModuleTask.java:137]&#13;
	at org.eclipse.epsilon.workflow.tasks.ExecutableModuleTask.configureModule[ExecutableModuleTask.java:112]&#13;
	at org.eclipse.epsilon.workflow.tasks.ExecutableModuleTask.executeImpl[ExecutableModuleTask.java:208]&#13;
	... 61 more&#13;
&#13;
	at (D:\git\201910-proyecto-grupo1\gramatica\instacia\CadenaArquitectura\tests\arquitectura-dian-testing.eunit@31:2-31:30)&#13;
	at (D:\git\201910-proyecto-grupo1\gramatica\instacia\CadenaArquitectura\tests\arquitectura-dian-testing.eunit@31:2-31:30)&#13;
	at (D:\git\201910-proyecto-grupo1\gramatica\instacia\CadenaArquitectura\tests\arquitectura-dian-testing.eunit@30:37-35:2)&#13;
	at (D:\git\201910-proyecto-grupo1\gramatica\instacia\CadenaArquitectura\tests\arquitectura-dian-testing.eunit@24:2-24:30)&#13;
	at (D:\git\201910-proyecto-grupo1\gramatica\instacia\CadenaArquitectura\tests\arquitectura-dian-testing.eunit@24:2-24:30)&#13;
	at (D:\git\201910-proyecto-grupo1\gramatica\instacia\CadenaArquitectura\tests\arquitectura-dian-testing.eunit@23:38-28:2)&#13;
	at (D:\git\201910-proyecto-grupo1\gramatica\instacia\CadenaArquitectura\tests\arquitectura-dian-testing.eunit@15:2-15:30)&#13;
	at (D:\git\201910-proyecto-grupo1\gramatica\instacia\CadenaArquitectura\tests\arquitectura-dian-testing.eunit@15:2-15:30)&#13;
	at (D:\git\201910-proyecto-grupo1\gramatica\instacia\CadenaArquitectura\tests\arquitectura-dian-testing.eunit@14:35-20:2)&#13;
	at (D:\git\201910-proyecto-grupo1\gramatica\instacia\CadenaArquitectura\tests\arquitectura-dian-testing.eunit@9:2-9:30)&#13;
	at (D:\git\201910-proyecto-grupo1\gramatica\instacia\CadenaArquitectura\tests\arquitectura-dian-testing.eunit@9:2-9:30)&#13;
	at (D:\git\201910-proyecto-grupo1\gramatica\instacia\CadenaArquitectura\tests\arquitectura-dian-testing.eunit@8:42-11:1)&#13;
	at (D:\git\201910-proyecto-grupo1\gramatica\instacia\CadenaArquitectura\tests\arquitectura-dian-testing.eunit@0:0-45:2)&#13;
&#13;
Test transformationUnXhtml {} failed with status ERROR: Internal error: D:\git\201910-proyecto-grupo1\gramatica\instacia\CadenaArquitectura\eunit.xml:46: Model 'Sql' not found&#13;
	at org.eclipse.epsilon.workflow.tasks.ExecutableModuleTask.executeImpl[ExecutableModuleTask.java:233]&#13;
	at org.eclipse.epsilon.workflow.tasks.EpsilonTask.execute[EpsilonTask.java:39]&#13;
	at org.apache.tools.ant.UnknownElement.execute[UnknownElement.java:293]&#13;
	at sun.reflect.GeneratedMethodAccessor121.invoke[Unknown Source]&#13;
	at sun.reflect.DelegatingMethodAccessorImpl.invoke[DelegatingMethodAccessorImpl.java:43]&#13;
	at java.lang.reflect.Method.invoke[Method.java:498]&#13;
	at org.apache.tools.ant.dispatch.DispatchUtils.execute[DispatchUtils.java:106]&#13;
	at org.apache.tools.ant.Task.perform[Task.java:348]&#13;
	at org.apache.tools.ant.Target.execute[Target.java:435]&#13;
	at org.apache.tools.ant.Target.performTasks[Target.java:456]&#13;
	at org.apache.tools.ant.Project.executeSortedTargets[Project.java:1405]&#13;
	at org.apache.tools.ant.Project.executeTarget[Project.java:1376]&#13;
	at org.eclipse.epsilon.workflow.tasks.EUnitTask$RunTargetOperationContributor.runTarget[EUnitTask.java:87]&#13;
	at sun.reflect.NativeMethodAccessorImpl.invoke0[Native Method]&#13;
	at sun.reflect.NativeMethodAccessorImpl.invoke[NativeMethodAccessorImpl.java:62]&#13;
	at sun.reflect.DelegatingMethodAccessorImpl.invoke[DelegatingMethodAccessorImpl.java:43]&#13;
	at java.lang.reflect.Method.invoke[Method.java:498]&#13;
	at org.eclipse.epsilon.eol.util.ReflectionUtil.executeMethod[ReflectionUtil.java:186]&#13;
	at org.eclipse.epsilon.eol.util.ReflectionUtil.executeMethod[ReflectionUtil.java:162]&#13;
	at org.eclipse.epsilon.eol.execute.introspection.java.ObjectMethod.execute[ObjectMethod.java:48]&#13;
	at org.eclipse.epsilon.eol.dom.OperationCallExpression.execute[OperationCallExpression.java:145]&#13;
	at org.eclipse.epsilon.eol.execute.ExecutorFactory.execute[ExecutorFactory.java:99]&#13;
	at org.eclipse.epsilon.eol.dom.ExpressionStatement.execute[ExpressionStatement.java:33]&#13;
	at org.eclipse.epsilon.eol.execute.ExecutorFactory.execute[ExecutorFactory.java:99]&#13;
	at org.eclipse.epsilon.eol.dom.StatementBlock.execute[StatementBlock.java:58]&#13;
	at org.eclipse.epsilon.eol.execute.ExecutorFactory.execute[ExecutorFactory.java:99]&#13;
	at org.eclipse.epsilon.eol.dom.Operation.executeBody[Operation.java:200]&#13;
	at org.eclipse.epsilon.eol.dom.Operation.execute[Operation.java:183]&#13;
	at org.eclipse.epsilon.eunit.EUnitModule.runLeafTestCase[EUnitModule.java:415]&#13;
	at org.eclipse.epsilon.eunit.EUnitModule.runSuiteInternal[EUnitModule.java:343]&#13;
	at org.eclipse.epsilon.eunit.EUnitModule.runSuite[EUnitModule.java:167]&#13;
	at org.eclipse.epsilon.eunit.EUnitModule.runInnerTestCase[EUnitModule.java:370]&#13;
	at org.eclipse.epsilon.eunit.EUnitModule.runSuiteInternal[EUnitModule.java:345]&#13;
	at org.eclipse.epsilon.eunit.EUnitModule.runSuite[EUnitModule.java:167]&#13;
	at org.eclipse.epsilon.eunit.EUnitModule.executeImpl[EUnitModule.java:128]&#13;
	at org.eclipse.epsilon.eol.execute.ExecutorFactory.execute[ExecutorFactory.java:102]&#13;
	at org.eclipse.epsilon.eol.EolModule.execute[EolModule.java:413]&#13;
	at org.eclipse.epsilon.workflow.tasks.ExecutableModuleTask.executeImpl[ExecutableModuleTask.java:216]&#13;
	at org.eclipse.epsilon.workflow.tasks.EpsilonTask.execute[EpsilonTask.java:39]&#13;
	at org.apache.tools.ant.UnknownElement.execute[UnknownElement.java:293]&#13;
	at sun.reflect.NativeMethodAccessorImpl.invoke0[Native Method]&#13;
	at sun.reflect.NativeMethodAccessorImpl.invoke[NativeMethodAccessorImpl.java:62]&#13;
	at sun.reflect.DelegatingMethodAccessorImpl.invoke[DelegatingMethodAccessorImpl.java:43]&#13;
	at java.lang.reflect.Method.invoke[Method.java:498]&#13;
	at org.apache.tools.ant.dispatch.DispatchUtils.execute[DispatchUtils.java:106]&#13;
	at org.apache.tools.ant.Task.perform[Task.java:348]&#13;
	at org.apache.tools.ant.Target.execute[Target.java:435]&#13;
	at org.apache.tools.ant.Target.performTasks[Target.java:456]&#13;
	at org.apache.tools.ant.Project.executeSortedTargets[Project.java:1405]&#13;
	at org.apache.tools.ant.Project.executeTarget[Project.java:1376]&#13;
	at org.apache.tools.ant.helper.DefaultExecutor.executeTargets[DefaultExecutor.java:41]&#13;
	at org.eclipse.ant.internal.core.ant.EclipseDefaultExecutor.executeTargets[EclipseDefaultExecutor.java:36]&#13;
	at org.apache.tools.ant.Project.executeTargets[Project.java:1260]&#13;
	at org.eclipse.ant.internal.core.ant.InternalAntRunner.run[InternalAntRunner.java:712]&#13;
	at org.eclipse.ant.internal.core.ant.InternalAntRunner.run[InternalAntRunner.java:532]&#13;
	at sun.reflect.NativeMethodAccessorImpl.invoke0[Native Method]&#13;
	at sun.reflect.NativeMethodAccessorImpl.invoke[NativeMethodAccessorImpl.java:62]&#13;
	at sun.reflect.DelegatingMethodAccessorImpl.invoke[DelegatingMethodAccessorImpl.java:43]&#13;
	at java.lang.reflect.Method.invoke[Method.java:498]&#13;
	at org.eclipse.ant.core.AntRunner.run[AntRunner.java:371]&#13;
	at org.eclipse.ant.internal.launching.launchConfigurations.AntLaunchDelegate$1.run[AntLaunchDelegate.java:270]&#13;
	at java.lang.Thread.run[Thread.java:745]&#13;
Caused by: Model 'Sql' not found&#13;
	at org.eclipse.epsilon.eol.models.ModelGroup.&lt;init&gt;[ModelGroup.java:41]&#13;
	at org.eclipse.epsilon.eol.models.ModelRepository.getModelByName[ModelRepository.java:76]&#13;
	at org.eclipse.epsilon.workflow.tasks.ExecutableModuleTask.populateModelRepository[ExecutableModuleTask.java:137]&#13;
	at org.eclipse.epsilon.workflow.tasks.ExecutableModuleTask.configureModule[ExecutableModuleTask.java:112]&#13;
	at org.eclipse.epsilon.workflow.tasks.ExecutableModuleTask.executeImpl[ExecutableModuleTask.java:208]&#13;
	... 61 more&#13;
&#13;
	at (D:\git\201910-proyecto-grupo1\gramatica\instacia\CadenaArquitectura\tests\arquitectura-dian-testing.eunit@40:2-40:30)&#13;
	at (D:\git\201910-proyecto-grupo1\gramatica\instacia\CadenaArquitectura\tests\arquitectura-dian-testing.eunit@40:2-40:30)&#13;
	at (D:\git\201910-proyecto-grupo1\gramatica\instacia\CadenaArquitectura\tests\arquitectura-dian-testing.eunit@39:34-45:2)&#13;
	at (D:\git\201910-proyecto-grupo1\gramatica\instacia\CadenaArquitectura\tests\arquitectura-dian-testing.eunit@31:2-31:30)&#13;
	at (D:\git\201910-proyecto-grupo1\gramatica\instacia\CadenaArquitectura\tests\arquitectura-dian-testing.eunit@31:2-31:30)&#13;
	at (D:\git\201910-proyecto-grupo1\gramatica\instacia\CadenaArquitectura\tests\arquitectura-dian-testing.eunit@30:37-35:2)&#13;
	at (D:\git\201910-proyecto-grupo1\gramatica\instacia\CadenaArquitectura\tests\arquitectura-dian-testing.eunit@24:2-24:30)&#13;
	at (D:\git\201910-proyecto-grupo1\gramatica\instacia\CadenaArquitectura\tests\arquitectura-dian-testing.eunit@24:2-24:30)&#13;
	at (D:\git\201910-proyecto-grupo1\gramatica\instacia\CadenaArquitectura\tests\arquitectura-dian-testing.eunit@23:38-28:2)&#13;
	at (D:\git\201910-proyecto-grupo1\gramatica\instacia\CadenaArquitectura\tests\arquitectura-dian-testing.eunit@15:2-15:30)&#13;
	at (D:\git\201910-proyecto-grupo1\gramatica\instacia\CadenaArquitectura\tests\arquitectura-dian-testing.eunit@15:2-15:30)&#13;
	at (D:\git\201910-proyecto-grupo1\gramatica\instacia\CadenaArquitectura\tests\arquitectura-dian-testing.eunit@14:35-20:2)&#13;
	at (D:\git\201910-proyecto-grupo1\gramatica\instacia\CadenaArquitectura\tests\arquitectura-dian-testing.eunit@9:2-9:30)&#13;
	at (D:\git\201910-proyecto-grupo1\gramatica\instacia\CadenaArquitectura\tests\arquitectura-dian-testing.eunit@9:2-9:30)&#13;
	at (D:\git\201910-proyecto-grupo1\gramatica\instacia\CadenaArquitectura\tests\arquitectura-dian-testing.eunit@8:42-11:1)&#13;
	at (D:\git\201910-proyecto-grupo1\gramatica\instacia\CadenaArquitectura\tests\arquitectura-dian-testing.eunit@0:0-45:2)&#13;
&#13;
Test root {} failed with status ERROR: Internal error: D:\git\201910-proyecto-grupo1\gramatica\instacia\CadenaArquitectura\eunit.xml:46: Model 'Sql' not found&#13;
	at org.eclipse.epsilon.workflow.tasks.ExecutableModuleTask.executeImpl[ExecutableModuleTask.java:233]&#13;
	at org.eclipse.epsilon.workflow.tasks.EpsilonTask.execute[EpsilonTask.java:39]&#13;
	at org.apache.tools.ant.UnknownElement.execute[UnknownElement.java:293]&#13;
	at sun.reflect.GeneratedMethodAccessor121.invoke[Unknown Source]&#13;
	at sun.reflect.DelegatingMethodAccessorImpl.invoke[DelegatingMethodAccessorImpl.java:43]&#13;
	at java.lang.reflect.Method.invoke[Method.java:498]&#13;
	at org.apache.tools.ant.dispatch.DispatchUtils.execute[DispatchUtils.java:106]&#13;
	at org.apache.tools.ant.Task.perform[Task.java:348]&#13;
	at org.apache.tools.ant.Target.execute[Target.java:435]&#13;
	at org.apache.tools.ant.Target.performTasks[Target.java:456]&#13;
	at org.apache.tools.ant.Project.executeSortedTargets[Project.java:1405]&#13;
	at org.apache.tools.ant.Project.executeTarget[Project.java:1376]&#13;
	at org.eclipse.epsilon.workflow.tasks.EUnitTask$RunTargetOperationContributor.runTarget[EUnitTask.java:87]&#13;
	at sun.reflect.NativeMethodAccessorImpl.invoke0[Native Method]&#13;
	at sun.reflect.NativeMethodAccessorImpl.invoke[NativeMethodAccessorImpl.java:62]&#13;
	at sun.reflect.DelegatingMethodAccessorImpl.invoke[DelegatingMethodAccessorImpl.java:43]&#13;
	at java.lang.reflect.Method.invoke[Method.java:498]&#13;
	at org.eclipse.epsilon.eol.util.ReflectionUtil.executeMethod[ReflectionUtil.java:186]&#13;
	at org.eclipse.epsilon.eol.util.ReflectionUtil.executeMethod[ReflectionUtil.java:162]&#13;
	at org.eclipse.epsilon.eol.execute.introspection.java.ObjectMethod.execute[ObjectMethod.java:48]&#13;
	at org.eclipse.epsilon.eol.dom.OperationCallExpression.execute[OperationCallExpression.java:145]&#13;
	at org.eclipse.epsilon.eol.execute.ExecutorFactory.execute[ExecutorFactory.java:99]&#13;
	at org.eclipse.epsilon.eol.dom.ExpressionStatement.execute[ExpressionStatement.java:33]&#13;
	at org.eclipse.epsilon.eol.execute.ExecutorFactory.execute[ExecutorFactory.java:99]&#13;
	at org.eclipse.epsilon.eol.dom.StatementBlock.execute[StatementBlock.java:58]&#13;
	at org.eclipse.epsilon.eol.execute.ExecutorFactory.execute[ExecutorFactory.java:99]&#13;
	at org.eclipse.epsilon.eol.dom.Operation.executeBody[Operation.java:200]&#13;
	at org.eclipse.epsilon.eol.dom.Operation.execute[Operation.java:183]&#13;
	at org.eclipse.epsilon.eunit.EUnitModule.runLeafTestCase[EUnitModule.java:415]&#13;
	at org.eclipse.epsilon.eunit.EUnitModule.runSuiteInternal[EUnitModule.java:343]&#13;
	at org.eclipse.epsilon.eunit.EUnitModule.runSuite[EUnitModule.java:167]&#13;
	at org.eclipse.epsilon.eunit.EUnitModule.runInnerTestCase[EUnitModule.java:370]&#13;
	at org.eclipse.epsilon.eunit.EUnitModule.runSuiteInternal[EUnitModule.java:345]&#13;
	at org.eclipse.epsilon.eunit.EUnitModule.runSuite[EUnitModule.java:167]&#13;
	at org.eclipse.epsilon.eunit.EUnitModule.executeImpl[EUnitModule.java:128]&#13;
	at org.eclipse.epsilon.eol.execute.ExecutorFactory.execute[ExecutorFactory.java:102]&#13;
	at org.eclipse.epsilon.eol.EolModule.execute[EolModule.java:413]&#13;
	at org.eclipse.epsilon.workflow.tasks.ExecutableModuleTask.executeImpl[ExecutableModuleTask.java:216]&#13;
	at org.eclipse.epsilon.workflow.tasks.EpsilonTask.execute[EpsilonTask.java:39]&#13;
	at org.apache.tools.ant.UnknownElement.execute[UnknownElement.java:293]&#13;
	at sun.reflect.NativeMethodAccessorImpl.invoke0[Native Method]&#13;
	at sun.reflect.NativeMethodAccessorImpl.invoke[NativeMethodAccessorImpl.java:62]&#13;
	at sun.reflect.DelegatingMethodAccessorImpl.invoke[DelegatingMethodAccessorImpl.java:43]&#13;
	at java.lang.reflect.Method.invoke[Method.java:498]&#13;
	at org.apache.tools.ant.dispatch.DispatchUtils.execute[DispatchUtils.java:106]&#13;
	at org.apache.tools.ant.Task.perform[Task.java:348]&#13;
	at org.apache.tools.ant.Target.execute[Target.java:435]&#13;
	at org.apache.tools.ant.Target.performTasks[Target.java:456]&#13;
	at org.apache.tools.ant.Project.executeSortedTargets[Project.java:1405]&#13;
	at org.apache.tools.ant.Project.executeTarget[Project.java:1376]&#13;
	at org.apache.tools.ant.helper.DefaultExecutor.executeTargets[DefaultExecutor.java:41]&#13;
	at org.eclipse.ant.internal.core.ant.EclipseDefaultExecutor.executeTargets[EclipseDefaultExecutor.java:36]&#13;
	at org.apache.tools.ant.Project.executeTargets[Project.java:1260]&#13;
	at org.eclipse.ant.internal.core.ant.InternalAntRunner.run[InternalAntRunner.java:712]&#13;
	at org.eclipse.ant.internal.core.ant.InternalAntRunner.run[InternalAntRunner.java:532]&#13;
	at sun.reflect.NativeMethodAccessorImpl.invoke0[Native Method]&#13;
	at sun.reflect.NativeMethodAccessorImpl.invoke[NativeMethodAccessorImpl.java:62]&#13;
	at sun.reflect.DelegatingMethodAccessorImpl.invoke[DelegatingMethodAccessorImpl.java:43]&#13;
	at java.lang.reflect.Method.invoke[Method.java:498]&#13;
	at org.eclipse.ant.core.AntRunner.run[AntRunner.java:371]&#13;
	at org.eclipse.ant.internal.launching.launchConfigurations.AntLaunchDelegate$1.run[AntLaunchDelegate.java:270]&#13;
	at java.lang.Thread.run[Thread.java:745]&#13;
Caused by: Model 'Sql' not found&#13;
	at org.eclipse.epsilon.eol.models.ModelGroup.&lt;init&gt;[ModelGroup.java:41]&#13;
	at org.eclipse.epsilon.eol.models.ModelRepository.getModelByName[ModelRepository.java:76]&#13;
	at org.eclipse.epsilon.workflow.tasks.ExecutableModuleTask.populateModelRepository[ExecutableModuleTask.java:137]&#13;
	at org.eclipse.epsilon.workflow.tasks.ExecutableModuleTask.configureModule[ExecutableModuleTask.java:112]&#13;
	at org.eclipse.epsilon.workflow.tasks.ExecutableModuleTask.executeImpl[ExecutableModuleTask.java:208]&#13;
	... 61 more&#13;
&#13;
	at (D:\git\201910-proyecto-grupo1\gramatica\instacia\CadenaArquitectura\tests\arquitectura-dian-testing.eunit@40:2-40:30)&#13;
	at (D:\git\201910-proyecto-grupo1\gramatica\instacia\CadenaArquitectura\tests\arquitectura-dian-testing.eunit@40:2-40:30)&#13;
	at (D:\git\201910-proyecto-grupo1\gramatica\instacia\CadenaArquitectura\tests\arquitectura-dian-testing.eunit@39:34-45:2)&#13;
	at (D:\git\201910-proyecto-grupo1\gramatica\instacia\CadenaArquitectura\tests\arquitectura-dian-testing.eunit@31:2-31:30)&#13;
	at (D:\git\201910-proyecto-grupo1\gramatica\instacia\CadenaArquitectura\tests\arquitectura-dian-testing.eunit@31:2-31:30)&#13;
	at (D:\git\201910-proyecto-grupo1\gramatica\instacia\CadenaArquitectura\tests\arquitectura-dian-testing.eunit@30:37-35:2)&#13;
	at (D:\git\201910-proyecto-grupo1\gramatica\instacia\CadenaArquitectura\tests\arquitectura-dian-testing.eunit@24:2-24:30)&#13;
	at (D:\git\201910-proyecto-grupo1\gramatica\instacia\CadenaArquitectura\tests\arquitectura-dian-testing.eunit@24:2-24:30)&#13;
	at (D:\git\201910-proyecto-grupo1\gramatica\instacia\CadenaArquitectura\tests\arquitectura-dian-testing.eunit@23:38-28:2)&#13;
	at (D:\git\201910-proyecto-grupo1\gramatica\instacia\CadenaArquitectura\tests\arquitectura-dian-testing.eunit@15:2-15:30)&#13;
	at (D:\git\201910-proyecto-grupo1\gramatica\instacia\CadenaArquitectura\tests\arquitectura-dian-testing.eunit@15:2-15:30)&#13;
	at (D:\git\201910-proyecto-grupo1\gramatica\instacia\CadenaArquitectura\tests\arquitectura-dian-testing.eunit@14:35-20:2)&#13;
	at (D:\git\201910-proyecto-grupo1\gramatica\instacia\CadenaArquitectura\tests\arquitectura-dian-testing.eunit@9:2-9:30)&#13;
	at (D:\git\201910-proyecto-grupo1\gramatica\instacia\CadenaArquitectura\tests\arquitectura-dian-testing.eunit@9:2-9:30)&#13;
	at (D:\git\201910-proyecto-grupo1\gramatica\instacia\CadenaArquitectura\tests\arquitectura-dian-testing.eunit@8:42-11:1)&#13;
	at (D:\git\201910-proyecto-grupo1\gramatica\instacia\CadenaArquitectura\tests\arquitectura-dian-testing.eunit@0:0-45:2)&#13;
&#13;
</system-err></testsuite>